#
# There is insufficient memory for the Java Runtime Environment to continue.
# Native memory allocation (malloc) failed to allocate 1662336 bytes. Error detail: Chunk::new
# Possible reasons:
#   The system is out of physical RAM or swap space
#   This process is running with CompressedOops enabled, and the Java Heap may be blocking the growth of the native heap
# Possible solutions:
#   Reduce memory load on the system
#   Increase physical memory or swap space
#   Check if swap backing store is full
#   Decrease Java heap size (-Xmx/-Xms)
#   Decrease number of Java threads
#   Decrease Java thread stack sizes (-Xss)
#   Set larger code cache with -XX:ReservedCodeCacheSize=
#   JVM is running with Unscaled Compressed Oops mode in which the Java heap is
#     placed in the first 4GB address space. The Java Heap base address is the
#     maximum limit for the native heap growth. Please use -XX:HeapBaseMinAddress
#     to set the Java Heap base and to place the Java Heap above 4GB virtual address.
# This output file may be truncated or incomplete.
#
#  Out of Memory Error (arena.cpp:168), pid=11148, tid=11432
#
# JRE version: OpenJDK Runtime Environment Temurin-21.0.10+7 (21.0.10+7) (build 21.0.10+7-LTS)
# Java VM: OpenJDK 64-Bit Server VM Temurin-21.0.10+7 (21.0.10+7-LTS, mixed mode, sharing, tiered, compressed oops, compressed class ptrs, parallel gc, windows-amd64)
# No core dump will be written. Minidumps are not enabled by default on client versions of Windows
#

---------------  S U M M A R Y ------------

Command Line: --add-modules=ALL-SYSTEM --add-opens=java.base/java.util=ALL-UNNAMED --add-opens=java.base/java.lang=ALL-UNNAMED --add-opens=java.base/sun.nio.fs=ALL-UNNAMED -Declipse.application=org.eclipse.jdt.ls.core.id1 -Dosgi.bundles.defaultStartLevel=4 -Declipse.product=org.eclipse.jdt.ls.core.product -Djava.import.generatesMetadataFilesAtProjectRoot=false -DDetectVMInstallationsJob.disabled=true -Dfile.encoding=utf8 -XX:+UseParallelGC -XX:GCTimeRatio=4 -XX:AdaptiveSizePolicyWeight=90 -Dsun.zip.disableMemoryMapping=true -Xmx2G -Xms100m -Xlog:disable -javaagent:c:\Users\nhan\.vscode\extensions\redhat.java-1.53.0-win32-x64\lombok\lombok-1.18.39-4050.jar -XX:+HeapDumpOnOutOfMemoryError -XX:HeapDumpPath=c:\Users\nhan\AppData\Roaming\Code\User\workspaceStorage\6e3287a5150c70a5341db523c4422ae0\redhat.java -Daether.dependencyCollector.impl=bf c:\Users\nhan\.vscode\extensions\redhat.java-1.53.0-win32-x64\server\plugins\org.eclipse.equinox.launcher_1.7.100.v20251111-0406.jar -configuration c:\Users\nhan\AppData\Roaming\Code\User\globalStorage\redhat.java\1.53.0\config_win -data c:\Users\nhan\AppData\Roaming\Code\User\workspaceStorage\6e3287a5150c70a5341db523c4422ae0\redhat.java\jdt_ws --pipe=\\.\pipe\lsp-0342a48404bbdf362c1712e93d8efa91-sock

Host: Intel(R) Core(TM) i7-4710HQ CPU @ 2.50GHz, 8 cores, 7G,  Windows 10 , 64 bit Build 19041 (10.0.19041.5915)
Time: Mon Mar 16 08:48:51 2026 SE Asia Standard Time elapsed time: 6.204869 seconds (0d 0h 0m 6s)

---------------  T H R E A D  ---------------

Current thread (0x00000289fd1cb830):  JavaThread "C2 CompilerThread0" daemon [_thread_in_native, id=11432, stack(0x00000089f3f00000,0x00000089f4000000) (1024K)]


Current CompileTask:
C2:6204 4011       4       org.lombokweb.asm.ClassReader::readMethod (1070 bytes)

Stack: [0x00000089f3f00000,0x00000089f4000000]
Native frames: (J=compiled Java code, j=interpreted, Vv=VM code, C=native code)
V  [jvm.dll+0x6d7a39]
V  [jvm.dll+0x8b4b26]
V  [jvm.dll+0x8b70de]
V  [jvm.dll+0x8b77c3]
V  [jvm.dll+0x284346]
V  [jvm.dll+0xc66ed]
V  [jvm.dll+0xc6c31]
V  [jvm.dll+0x3bec3b]
V  [jvm.dll+0x1e3d62]
V  [jvm.dll+0x24c6b3]
V  [jvm.dll+0x24bb40]
V  [jvm.dll+0x1cb34e]
V  [jvm.dll+0x25b85d]
V  [jvm.dll+0x259dea]
V  [jvm.dll+0x3f857e]
V  [jvm.dll+0x85f59d]
V  [jvm.dll+0x6d626d]
C  [ucrtbase.dll+0x21bb2]
C  [KERNEL32.DLL+0x17374]
C  [ntdll.dll+0x4cc91]


---------------  P R O C E S S  ---------------

Threads class SMR info:
_java_thread_list=0x0000028984453650, length=22, elements={
0x00000289a5641620, 0x00000289fd1bf850, 0x00000289fd1c1160, 0x00000289fd1c2a70,
0x00000289fd1c78b0, 0x00000289fd1c9320, 0x00000289fd1ca000, 0x00000289fd1cb830,
0x00000289fe990110, 0x00000289feb9dfd0, 0x00000289feca0e60, 0x00000289fecc6860,
0x00000289ff10df50, 0x00000289fed8e940, 0x00000289fed8f380, 0x0000028984030cb0,
0x0000028984640120, 0x0000028984239220, 0x00000289846b6200, 0x00000289846b4e50,
0x00000289846b75b0, 0x0000028985695f80
}

Java Threads: ( => current thread )
  0x00000289a5641620 JavaThread "main"                              [_thread_blocked, id=6288, stack(0x00000089f3500000,0x00000089f3600000) (1024K)]
  0x00000289fd1bf850 JavaThread "Reference Handler"          daemon [_thread_blocked, id=13532, stack(0x00000089f3900000,0x00000089f3a00000) (1024K)]
  0x00000289fd1c1160 JavaThread "Finalizer"                  daemon [_thread_blocked, id=14308, stack(0x00000089f3a00000,0x00000089f3b00000) (1024K)]
  0x00000289fd1c2a70 JavaThread "Signal Dispatcher"          daemon [_thread_blocked, id=10916, stack(0x00000089f3b00000,0x00000089f3c00000) (1024K)]
  0x00000289fd1c78b0 JavaThread "Attach Listener"            daemon [_thread_blocked, id=14724, stack(0x00000089f3c00000,0x00000089f3d00000) (1024K)]
  0x00000289fd1c9320 JavaThread "Service Thread"             daemon [_thread_blocked, id=13724, stack(0x00000089f3d00000,0x00000089f3e00000) (1024K)]
  0x00000289fd1ca000 JavaThread "Monitor Deflation Thread"   daemon [_thread_blocked, id=9492, stack(0x00000089f3e00000,0x00000089f3f00000) (1024K)]
=>0x00000289fd1cb830 JavaThread "C2 CompilerThread0"         daemon [_thread_in_native, id=11432, stack(0x00000089f3f00000,0x00000089f4000000) (1024K)]
  0x00000289fe990110 JavaThread "C1 CompilerThread0"         daemon [_thread_blocked, id=9652, stack(0x00000089f4000000,0x00000089f4100000) (1024K)]
  0x00000289feb9dfd0 JavaThread "Common-Cleaner"             daemon [_thread_blocked, id=468, stack(0x00000089f4100000,0x00000089f4200000) (1024K)]
  0x00000289feca0e60 JavaThread "Notification Thread"        daemon [_thread_blocked, id=2508, stack(0x00000089f4300000,0x00000089f4400000) (1024K)]
  0x00000289fecc6860 JavaThread "Active Thread: Equinox Container: e3ca4ccc-5215-45d2-ba98-a39a34674774"        [_thread_blocked, id=7248, stack(0x00000089f4b00000,0x00000089f4c00000) (1024K)]
  0x00000289ff10df50 JavaThread "Refresh Thread: Equinox Container: e3ca4ccc-5215-45d2-ba98-a39a34674774" daemon [_thread_blocked, id=12232, stack(0x00000089f4d00000,0x00000089f4e00000) (1024K)]
  0x00000289fed8e940 JavaThread "Framework Event Dispatcher: Equinox Container: e3ca4ccc-5215-45d2-ba98-a39a34674774" daemon [_thread_blocked, id=16264, stack(0x00000089f4e00000,0x00000089f4f00000) (1024K)]
  0x00000289fed8f380 JavaThread "Start Level: Equinox Container: e3ca4ccc-5215-45d2-ba98-a39a34674774" daemon [_thread_in_vm, id=12328, stack(0x00000089f4f00000,0x00000089f5000000) (1024K)]
  0x0000028984030cb0 JavaThread "Bundle File Closer"         daemon [_thread_blocked, id=16008, stack(0x00000089f5000000,0x00000089f5100000) (1024K)]
  0x0000028984640120 JavaThread "SCR Component Actor"        daemon [_thread_blocked, id=15240, stack(0x00000089f5100000,0x00000089f5200000) (1024K)]
  0x0000028984239220 JavaThread "Worker-JM"                         [_thread_blocked, id=13344, stack(0x00000089f5200000,0x00000089f5300000) (1024K)]
  0x00000289846b6200 JavaThread "JNA Cleaner"                daemon [_thread_blocked, id=13828, stack(0x00000089f4400000,0x00000089f4500000) (1024K)]
  0x00000289846b4e50 JavaThread "Worker-0"                          [_thread_blocked, id=11948, stack(0x00000089f5300000,0x00000089f5400000) (1024K)]
  0x00000289846b75b0 JavaThread "Worker-1: Repository registry initialization"        [_thread_in_vm, id=13068, stack(0x00000089f5400000,0x00000089f5500000) (1024K)]
  0x0000028985695f80 JavaThread "C2 CompilerThread1"         daemon [_thread_in_native, id=928, stack(0x00000089f4200000,0x00000089f4300000) (1024K)]
Total: 22

Other Threads:
  0x00000289fd1a24e0 VMThread "VM Thread"                           [id=15888, stack(0x00000089f3800000,0x00000089f3900000) (1024K)]
  0x00000289a56aaa70 WatcherThread "VM Periodic Task Thread"        [id=9620, stack(0x00000089f3700000,0x00000089f3800000) (1024K)]
  0x00000289a565e7c0 WorkerThread "GC Thread#0"                     [id=14864, stack(0x00000089f3600000,0x00000089f3700000) (1024K)]
  0x00000289ff529450 WorkerThread "GC Thread#1"                     [id=15816, stack(0x00000089f4500000,0x00000089f4600000) (1024K)]
  0x00000289ff529800 WorkerThread "GC Thread#2"                     [id=15576, stack(0x00000089f4600000,0x00000089f4700000) (1024K)]
  0x00000289fedc6c80 WorkerThread "GC Thread#3"                     [id=12472, stack(0x00000089f4700000,0x00000089f4800000) (1024K)]
  0x00000289fedc7030 WorkerThread "GC Thread#4"                     [id=2908, stack(0x00000089f4800000,0x00000089f4900000) (1024K)]
  0x00000289ff47df20 WorkerThread "GC Thread#5"                     [id=9900, stack(0x00000089f4900000,0x00000089f4a00000) (1024K)]
  0x00000289ff47e2d0 WorkerThread "GC Thread#6"                     [id=2836, stack(0x00000089f4a00000,0x00000089f4b00000) (1024K)]
  0x00000289ff47ea30 WorkerThread "GC Thread#7"                     [id=4344, stack(0x00000089f4c00000,0x00000089f4d00000) (1024K)]
Total: 10

Threads with active compile tasks:
C2 CompilerThread0  6237 4011       4       org.lombokweb.asm.ClassReader::readMethod (1070 bytes)
C1 CompilerThread0  6237 4110   !   3       org.eclipse.osgi.internal.loader.BundleLoader::findClass0 (490 bytes)
C2 CompilerThread1  6237 4078       4       lombok.patcher.PatchScript$MethodPatcher::visitMethod (158 bytes)
Total: 3

VM state: not at safepoint (normal execution)

VM Mutex/Monitor currently owned by a thread: None

Heap address: 0x0000000080000000, size: 2048 MB, Compressed Oops mode: 32-bit

CDS archive(s) mapped at: [0x00000289bc000000-0x00000289bcba0000-0x00000289bcba0000), size 12189696, SharedBaseAddress: 0x00000289bc000000, ArchiveRelocationMode: 1.
Compressed class space mapped at: 0x00000289bd000000-0x00000289fd000000, reserved size: 1073741824
Narrow klass base: 0x00000289bc000000, Narrow klass shift: 0, Narrow klass range: 0x100000000

GC Precious Log:
 CardTable entry size: 512
 CPUs: 8 total, 8 available
 Memory: 8099M
 Large Page Support: Disabled
 NUMA Support: Disabled
 Compressed Oops: Enabled (32-bit)
 Alignments: Space 512K, Generation 512K, Heap 2M
 Heap Min Capacity: 100M
 Heap Initial Capacity: 100M
 Heap Max Capacity: 2G
 Pre-touch: Disabled
 Parallel Workers: 8

Heap:
 PSYoungGen      total 26112K, used 22643K [0x00000000d5580000, 0x00000000d7300000, 0x0000000100000000)
  eden space 23552K, 90% used [0x00000000d5580000,0x00000000d6a5f3b0,0x00000000d6c80000)
  from space 2560K, 49% used [0x00000000d6f00000,0x00000000d703d8a8,0x00000000d7180000)
  to   space 1536K, 0% used [0x00000000d7180000,0x00000000d7180000,0x00000000d7300000)
 ParOldGen       total 68608K, used 13399K [0x0000000080000000, 0x0000000084300000, 0x00000000d5580000)
  object space 68608K, 19% used [0x0000000080000000,0x0000000080d15c00,0x0000000084300000)
 Metaspace       used 27497K, committed 28480K, reserved 1114112K
  class space    used 2727K, committed 3136K, reserved 1048576K

Card table byte_map: [0x00000289a4ff0000,0x00000289a5400000] _byte_map_base: 0x00000289a4bf0000

Marking Bits: (ParMarkBitMap*) 0x00007ffeb4dd3450
 Begin Bits: [0x00000289b7af0000, 0x00000289b9af0000)
 End Bits:   [0x00000289b9af0000, 0x00000289bbaf0000)

Polling page: 0x00000289a36c0000

Metaspace:

Usage:
  Non-class:     24.19 MB used.
      Class:      2.66 MB used.
       Both:     26.85 MB used.

Virtual space:
  Non-class space:       64.00 MB reserved,      24.75 MB ( 39%) committed,  1 nodes.
      Class space:        1.00 GB reserved,       3.06 MB ( <1%) committed,  1 nodes.
             Both:        1.06 GB reserved,      27.81 MB (  3%) committed. 

Chunk freelists:
   Non-Class:  7.26 MB
       Class:  12.86 MB
        Both:  20.12 MB

MaxMetaspaceSize: unlimited
CompressedClassSpaceSize: 1.00 GB
Initial GC threshold: 21.00 MB
Current GC threshold: 35.00 MB
CDS: on
 - commit_granule_bytes: 65536.
 - commit_granule_words: 8192.
 - virtual_space_node_default_size: 8388608.
 - enlarge_chunks_in_place: 1.
 - use_allocation_guard: 0.


Internal statistics:

num_allocs_failed_limit: 3.
num_arena_births: 836.
num_arena_deaths: 14.
num_vsnodes_births: 2.
num_vsnodes_deaths: 0.
num_space_committed: 445.
num_space_uncommitted: 0.
num_chunks_returned_to_freelist: 17.
num_chunks_taken_from_freelist: 1984.
num_chunk_merges: 5.
num_chunk_splits: 1280.
num_chunks_enlarged: 771.
num_inconsistent_stats: 0.

CodeHeap 'non-profiled nmethods': size=120000Kb used=1835Kb max_used=1835Kb free=118164Kb
 bounds [0x00000289b0310000, 0x00000289b0580000, 0x00000289b7840000]
CodeHeap 'profiled nmethods': size=120000Kb used=8538Kb max_used=8538Kb free=111461Kb
 bounds [0x00000289a8840000, 0x00000289a90a0000, 0x00000289afd70000]
CodeHeap 'non-nmethods': size=5760Kb used=1335Kb max_used=1352Kb free=4424Kb
 bounds [0x00000289afd70000, 0x00000289affe0000, 0x00000289b0310000]
CodeCache: size=245760Kb, used=11708Kb, max_used=11725Kb, free=234049Kb
 total_blobs=4726, nmethods=4101, adapters=531, full_count=0
Compilation: enabled, stopped_count=0, restarted_count=0

Compilation events (20 events):
Event: 6.123 Thread 0x00000289fe990110 4091       3       org.lombokweb.asm.MethodVisitor::visitTypeInsn (17 bytes)
Event: 6.123 Thread 0x00000289fe990110 nmethod 4091 0x00000289a908f290 code [0x00000289a908f440, 0x00000289a908f648]
Event: 6.136 Thread 0x00000289fe990110 4092       3       org.eclipse.osgi.internal.hookregistry.ClassLoaderHook::preFindLocalResource (1 bytes)
Event: 6.136 Thread 0x00000289fe990110 nmethod 4092 0x00000289a908f710 code [0x00000289a908f8a0, 0x00000289a908f9a8]
Event: 6.136 Thread 0x00000289fe990110 4093       3       org.eclipse.osgi.internal.hookregistry.ClassLoaderHook::postFindLocalResource (1 bytes)
Event: 6.136 Thread 0x00000289fe990110 nmethod 4093 0x00000289a908fa10 code [0x00000289a908fba0, 0x00000289a908fca8]
Event: 6.152 Thread 0x00000289fe990110 4094       3       jdk.internal.loader.BuiltinClassLoader::findResourceOnClassPath (41 bytes)
Event: 6.153 Thread 0x00000289fe990110 nmethod 4094 0x00000289a908fd90 code [0x00000289a908ff60, 0x00000289a9090348]
Event: 6.172 Thread 0x00000289fe990110 4095       3       lombok.launch.PackageShader::apply (252 bytes)
Event: 6.173 Thread 0x00000289fe990110 nmethod 4095 0x00000289a9090490 code [0x00000289a90906e0, 0x00000289a9091190]
Event: 6.179 Thread 0x00000289fe990110 4096       3       java.util.ImmutableCollections$Set12::<init> (53 bytes)
Event: 6.180 Thread 0x00000289fe990110 nmethod 4096 0x00000289a9091790 code [0x00000289a9091a40, 0x00000289a9092600]
Event: 6.183 Thread 0x00000289fe990110 4097       3       java.util.Properties::getProperty (50 bytes)
Event: 6.183 Thread 0x00000289fe990110 nmethod 4097 0x00000289a9092a90 code [0x00000289a9092c60, 0x00000289a90931b8]
Event: 6.184 Thread 0x00000289fe990110 4098       3       jdk.internal.org.objectweb.asm.MethodVisitor::visitVarInsn (17 bytes)
Event: 6.184 Thread 0x00000289fe990110 nmethod 4098 0x00000289a9093310 code [0x00000289a90934c0, 0x00000289a90936c8]
Event: 6.191 Thread 0x00000289fe990110 4099       3       java.io.File::getCanonicalPath (31 bytes)
Event: 6.192 Thread 0x00000289fe990110 nmethod 4099 0x00000289a9093790 code [0x00000289a9093980, 0x00000289a9093c38]
Event: 6.199 Thread 0x00000289fe990110 4100       3       java.lang.StringBuilder::charAt (6 bytes)
Event: 6.200 Thread 0x00000289fe990110 nmethod 4100 0x00000289a9093d90 code [0x00000289a9093f40, 0x00000289a9094080]

GC Heap History (20 events):
Event: 1.213 GC heap before
{Heap before GC invocations=1 (full 0):
 PSYoungGen      total 29696K, used 25600K [0x00000000d5580000, 0x00000000d7680000, 0x0000000100000000)
  eden space 25600K, 100% used [0x00000000d5580000,0x00000000d6e80000,0x00000000d6e80000)
  from space 4096K, 0% used [0x00000000d7280000,0x00000000d7280000,0x00000000d7680000)
  to   space 4096K, 0% used [0x00000000d6e80000,0x00000000d6e80000,0x00000000d7280000)
 ParOldGen       total 68608K, used 0K [0x0000000080000000, 0x0000000084300000, 0x00000000d5580000)
  object space 68608K, 0% used [0x0000000080000000,0x0000000080000000,0x0000000084300000)
 Metaspace       used 4354K, committed 4608K, reserved 1114112K
  class space    used 474K, committed 576K, reserved 1048576K
}
Event: 1.225 GC heap after
{Heap after GC invocations=1 (full 0):
 PSYoungGen      total 29696K, used 3312K [0x00000000d5580000, 0x00000000d7680000, 0x0000000100000000)
  eden space 25600K, 0% used [0x00000000d5580000,0x00000000d5580000,0x00000000d6e80000)
  from space 4096K, 80% used [0x00000000d6e80000,0x00000000d71bc148,0x00000000d7280000)
  to   space 4096K, 0% used [0x00000000d7280000,0x00000000d7280000,0x00000000d7680000)
 ParOldGen       total 68608K, used 8K [0x0000000080000000, 0x0000000084300000, 0x00000000d5580000)
  object space 68608K, 0% used [0x0000000080000000,0x0000000080002000,0x0000000084300000)
 Metaspace       used 4354K, committed 4608K, reserved 1114112K
  class space    used 474K, committed 576K, reserved 1048576K
}
Event: 2.440 GC heap before
{Heap before GC invocations=2 (full 0):
 PSYoungGen      total 29696K, used 28912K [0x00000000d5580000, 0x00000000d7680000, 0x0000000100000000)
  eden space 25600K, 100% used [0x00000000d5580000,0x00000000d6e80000,0x00000000d6e80000)
  from space 4096K, 80% used [0x00000000d6e80000,0x00000000d71bc148,0x00000000d7280000)
  to   space 4096K, 0% used [0x00000000d7280000,0x00000000d7280000,0x00000000d7680000)
 ParOldGen       total 68608K, used 8K [0x0000000080000000, 0x0000000084300000, 0x00000000d5580000)
  object space 68608K, 0% used [0x0000000080000000,0x0000000080002000,0x0000000084300000)
 Metaspace       used 7993K, committed 8256K, reserved 1114112K
  class space    used 829K, committed 960K, reserved 1048576K
}
Event: 2.448 GC heap after
{Heap after GC invocations=2 (full 0):
 PSYoungGen      total 29696K, used 4070K [0x00000000d5580000, 0x00000000d7680000, 0x0000000100000000)
  eden space 25600K, 0% used [0x00000000d5580000,0x00000000d5580000,0x00000000d6e80000)
  from space 4096K, 99% used [0x00000000d7280000,0x00000000d7679800,0x00000000d7680000)
  to   space 4096K, 0% used [0x00000000d6e80000,0x00000000d6e80000,0x00000000d7280000)
 ParOldGen       total 68608K, used 2073K [0x0000000080000000, 0x0000000084300000, 0x00000000d5580000)
  object space 68608K, 3% used [0x0000000080000000,0x0000000080206638,0x0000000084300000)
 Metaspace       used 7993K, committed 8256K, reserved 1114112K
  class space    used 829K, committed 960K, reserved 1048576K
}
Event: 2.898 GC heap before
{Heap before GC invocations=3 (full 0):
 PSYoungGen      total 29696K, used 29670K [0x00000000d5580000, 0x00000000d7680000, 0x0000000100000000)
  eden space 25600K, 100% used [0x00000000d5580000,0x00000000d6e80000,0x00000000d6e80000)
  from space 4096K, 99% used [0x00000000d7280000,0x00000000d7679800,0x00000000d7680000)
  to   space 4096K, 0% used [0x00000000d6e80000,0x00000000d6e80000,0x00000000d7280000)
 ParOldGen       total 68608K, used 2073K [0x0000000080000000, 0x0000000084300000, 0x00000000d5580000)
  object space 68608K, 3% used [0x0000000080000000,0x0000000080206638,0x0000000084300000)
 Metaspace       used 9438K, committed 9792K, reserved 1114112K
  class space    used 1006K, committed 1152K, reserved 1048576K
}
Event: 2.907 GC heap after
{Heap after GC invocations=3 (full 0):
 PSYoungGen      total 29696K, used 4093K [0x00000000d5580000, 0x00000000d7680000, 0x0000000100000000)
  eden space 25600K, 0% used [0x00000000d5580000,0x00000000d5580000,0x00000000d6e80000)
  from space 4096K, 99% used [0x00000000d6e80000,0x00000000d727f4f0,0x00000000d7280000)
  to   space 4096K, 0% used [0x00000000d7280000,0x00000000d7280000,0x00000000d7680000)
 ParOldGen       total 68608K, used 5152K [0x0000000080000000, 0x0000000084300000, 0x00000000d5580000)
  object space 68608K, 7% used [0x0000000080000000,0x00000000805080b8,0x0000000084300000)
 Metaspace       used 9438K, committed 9792K, reserved 1114112K
  class space    used 1006K, committed 1152K, reserved 1048576K
}
Event: 3.363 GC heap before
{Heap before GC invocations=4 (full 0):
 PSYoungGen      total 29696K, used 29693K [0x00000000d5580000, 0x00000000d7680000, 0x0000000100000000)
  eden space 25600K, 100% used [0x00000000d5580000,0x00000000d6e80000,0x00000000d6e80000)
  from space 4096K, 99% used [0x00000000d6e80000,0x00000000d727f4f0,0x00000000d7280000)
  to   space 4096K, 0% used [0x00000000d7280000,0x00000000d7280000,0x00000000d7680000)
 ParOldGen       total 68608K, used 5152K [0x0000000080000000, 0x0000000084300000, 0x00000000d5580000)
  object space 68608K, 7% used [0x0000000080000000,0x00000000805080b8,0x0000000084300000)
 Metaspace       used 11673K, committed 12096K, reserved 1114112K
  class space    used 1241K, committed 1408K, reserved 1048576K
}
Event: 3.369 GC heap after
{Heap after GC invocations=4 (full 0):
 PSYoungGen      total 29696K, used 4076K [0x00000000d5580000, 0x00000000d7680000, 0x0000000100000000)
  eden space 25600K, 0% used [0x00000000d5580000,0x00000000d5580000,0x00000000d6e80000)
  from space 4096K, 99% used [0x00000000d7280000,0x00000000d767b340,0x00000000d7680000)
  to   space 4096K, 0% used [0x00000000d6e80000,0x00000000d6e80000,0x00000000d7280000)
 ParOldGen       total 68608K, used 6797K [0x0000000080000000, 0x0000000084300000, 0x00000000d5580000)
  object space 68608K, 9% used [0x0000000080000000,0x00000000806a3650,0x0000000084300000)
 Metaspace       used 11673K, committed 12096K, reserved 1114112K
  class space    used 1241K, committed 1408K, reserved 1048576K
}
Event: 3.972 GC heap before
{Heap before GC invocations=5 (full 0):
 PSYoungGen      total 29696K, used 29676K [0x00000000d5580000, 0x00000000d7680000, 0x0000000100000000)
  eden space 25600K, 100% used [0x00000000d5580000,0x00000000d6e80000,0x00000000d6e80000)
  from space 4096K, 99% used [0x00000000d7280000,0x00000000d767b340,0x00000000d7680000)
  to   space 4096K, 0% used [0x00000000d6e80000,0x00000000d6e80000,0x00000000d7280000)
 ParOldGen       total 68608K, used 6797K [0x0000000080000000, 0x0000000084300000, 0x00000000d5580000)
  object space 68608K, 9% used [0x0000000080000000,0x00000000806a3650,0x0000000084300000)
 Metaspace       used 15570K, committed 16192K, reserved 1114112K
  class space    used 1614K, committed 1920K, reserved 1048576K
}
Event: 3.977 GC heap after
{Heap after GC invocations=5 (full 0):
 PSYoungGen      total 29184K, used 4067K [0x00000000d5580000, 0x00000000d7900000, 0x0000000100000000)
  eden space 25088K, 0% used [0x00000000d5580000,0x00000000d5580000,0x00000000d6e00000)
  from space 4096K, 99% used [0x00000000d6e80000,0x00000000d7278ef0,0x00000000d7280000)
  to   space 5632K, 0% used [0x00000000d7380000,0x00000000d7380000,0x00000000d7900000)
 ParOldGen       total 68608K, used 8107K [0x0000000080000000, 0x0000000084300000, 0x00000000d5580000)
  object space 68608K, 11% used [0x0000000080000000,0x00000000807eac80,0x0000000084300000)
 Metaspace       used 15570K, committed 16192K, reserved 1114112K
  class space    used 1614K, committed 1920K, reserved 1048576K
}
Event: 4.567 GC heap before
{Heap before GC invocations=6 (full 0):
 PSYoungGen      total 29184K, used 29155K [0x00000000d5580000, 0x00000000d7900000, 0x0000000100000000)
  eden space 25088K, 100% used [0x00000000d5580000,0x00000000d6e00000,0x00000000d6e00000)
  from space 4096K, 99% used [0x00000000d6e80000,0x00000000d7278ef0,0x00000000d7280000)
  to   space 5632K, 0% used [0x00000000d7380000,0x00000000d7380000,0x00000000d7900000)
 ParOldGen       total 68608K, used 8107K [0x0000000080000000, 0x0000000084300000, 0x00000000d5580000)
  object space 68608K, 11% used [0x0000000080000000,0x00000000807eac80,0x0000000084300000)
 Metaspace       used 18801K, committed 19584K, reserved 1114112K
  class space    used 1978K, committed 2304K, reserved 1048576K
}
Event: 4.574 GC heap after
{Heap after GC invocations=6 (full 0):
 PSYoungGen      total 29696K, used 5030K [0x00000000d5580000, 0x00000000d7880000, 0x0000000100000000)
  eden space 24576K, 0% used [0x00000000d5580000,0x00000000d5580000,0x00000000d6d80000)
  from space 5120K, 98% used [0x00000000d7380000,0x00000000d7869b08,0x00000000d7880000)
  to   space 5632K, 0% used [0x00000000d6d80000,0x00000000d6d80000,0x00000000d7300000)
 ParOldGen       total 68608K, used 8115K [0x0000000080000000, 0x0000000084300000, 0x00000000d5580000)
  object space 68608K, 11% used [0x0000000080000000,0x00000000807ecc80,0x0000000084300000)
 Metaspace       used 18801K, committed 19584K, reserved 1114112K
  class space    used 1978K, committed 2304K, reserved 1048576K
}
Event: 4.972 GC heap before
{Heap before GC invocations=7 (full 0):
 PSYoungGen      total 29696K, used 23730K [0x00000000d5580000, 0x00000000d7880000, 0x0000000100000000)
  eden space 24576K, 76% used [0x00000000d5580000,0x00000000d67c2f28,0x00000000d6d80000)
  from space 5120K, 98% used [0x00000000d7380000,0x00000000d7869b08,0x00000000d7880000)
  to   space 5632K, 0% used [0x00000000d6d80000,0x00000000d6d80000,0x00000000d7300000)
 ParOldGen       total 68608K, used 8115K [0x0000000080000000, 0x0000000084300000, 0x00000000d5580000)
  object space 68608K, 11% used [0x0000000080000000,0x00000000807ecc80,0x0000000084300000)
 Metaspace       used 20627K, committed 21504K, reserved 1114112K
  class space    used 2206K, committed 2560K, reserved 1048576K
}
Event: 4.981 GC heap after
{Heap after GC invocations=7 (full 0):
 PSYoungGen      total 29696K, used 4630K [0x00000000d5580000, 0x00000000d7780000, 0x0000000100000000)
  eden space 24576K, 0% used [0x00000000d5580000,0x00000000d5580000,0x00000000d6d80000)
  from space 5120K, 90% used [0x00000000d6d80000,0x00000000d7205868,0x00000000d7280000)
  to   space 5120K, 0% used [0x00000000d7280000,0x00000000d7280000,0x00000000d7780000)
 ParOldGen       total 68608K, used 9459K [0x0000000080000000, 0x0000000084300000, 0x00000000d5580000)
  object space 68608K, 13% used [0x0000000080000000,0x000000008093cc60,0x0000000084300000)
 Metaspace       used 20627K, committed 21504K, reserved 1114112K
  class space    used 2206K, committed 2560K, reserved 1048576K
}
Event: 4.981 GC heap before
{Heap before GC invocations=8 (full 1):
 PSYoungGen      total 29696K, used 4630K [0x00000000d5580000, 0x00000000d7780000, 0x0000000100000000)
  eden space 24576K, 0% used [0x00000000d5580000,0x00000000d5580000,0x00000000d6d80000)
  from space 5120K, 90% used [0x00000000d6d80000,0x00000000d7205868,0x00000000d7280000)
  to   space 5120K, 0% used [0x00000000d7280000,0x00000000d7280000,0x00000000d7780000)
 ParOldGen       total 68608K, used 9459K [0x0000000080000000, 0x0000000084300000, 0x00000000d5580000)
  object space 68608K, 13% used [0x0000000080000000,0x000000008093cc60,0x0000000084300000)
 Metaspace       used 20627K, committed 21504K, reserved 1114112K
  class space    used 2206K, committed 2560K, reserved 1048576K
}
Event: 5.022 GC heap after
{Heap after GC invocations=8 (full 1):
 PSYoungGen      total 29696K, used 0K [0x00000000d5580000, 0x00000000d7780000, 0x0000000100000000)
  eden space 24576K, 0% used [0x00000000d5580000,0x00000000d5580000,0x00000000d6d80000)
  from space 5120K, 0% used [0x00000000d6d80000,0x00000000d6d80000,0x00000000d7280000)
  to   space 5120K, 0% used [0x00000000d7280000,0x00000000d7280000,0x00000000d7780000)
 ParOldGen       total 68608K, used 13383K [0x0000000080000000, 0x0000000084300000, 0x00000000d5580000)
  object space 68608K, 19% used [0x0000000080000000,0x0000000080d11c00,0x0000000084300000)
 Metaspace       used 20615K, committed 21504K, reserved 1114112K
  class space    used 2202K, committed 2560K, reserved 1048576K
}
Event: 5.339 GC heap before
{Heap before GC invocations=9 (full 1):
 PSYoungGen      total 29696K, used 24576K [0x00000000d5580000, 0x00000000d7780000, 0x0000000100000000)
  eden space 24576K, 100% used [0x00000000d5580000,0x00000000d6d80000,0x00000000d6d80000)
  from space 5120K, 0% used [0x00000000d6d80000,0x00000000d6d80000,0x00000000d7280000)
  to   space 5120K, 0% used [0x00000000d7280000,0x00000000d7280000,0x00000000d7780000)
 ParOldGen       total 68608K, used 13383K [0x0000000080000000, 0x0000000084300000, 0x00000000d5580000)
  object space 68608K, 19% used [0x0000000080000000,0x0000000080d11c00,0x0000000084300000)
 Metaspace       used 22700K, committed 23680K, reserved 1114112K
  class space    used 2385K, committed 2752K, reserved 1048576K
}
Event: 5.340 GC heap after
{Heap after GC invocations=9 (full 1):
 PSYoungGen      total 25600K, used 1061K [0x00000000d5580000, 0x00000000d7400000, 0x0000000100000000)
  eden space 24064K, 0% used [0x00000000d5580000,0x00000000d5580000,0x00000000d6d00000)
  from space 1536K, 69% used [0x00000000d7280000,0x00000000d73896c0,0x00000000d7400000)
  to   space 2560K, 0% used [0x00000000d6f00000,0x00000000d6f00000,0x00000000d7180000)
 ParOldGen       total 68608K, used 13391K [0x0000000080000000, 0x0000000084300000, 0x00000000d5580000)
  object space 68608K, 19% used [0x0000000080000000,0x0000000080d13c00,0x0000000084300000)
 Metaspace       used 22700K, committed 23680K, reserved 1114112K
  class space    used 2385K, committed 2752K, reserved 1048576K
}
Event: 5.705 GC heap before
{Heap before GC invocations=10 (full 1):
 PSYoungGen      total 25600K, used 25073K [0x00000000d5580000, 0x00000000d7400000, 0x0000000100000000)
  eden space 24064K, 99% used [0x00000000d5580000,0x00000000d6cf2e48,0x00000000d6d00000)
  from space 1536K, 69% used [0x00000000d7280000,0x00000000d73896c0,0x00000000d7400000)
  to   space 2560K, 0% used [0x00000000d6f00000,0x00000000d6f00000,0x00000000d7180000)
 ParOldGen       total 68608K, used 13391K [0x0000000080000000, 0x0000000084300000, 0x00000000d5580000)
  object space 68608K, 19% used [0x0000000080000000,0x0000000080d13c00,0x0000000084300000)
 Metaspace       used 26360K, committed 27392K, reserved 1114112K
  class space    used 2652K, committed 3072K, reserved 1048576K
}
Event: 5.707 GC heap after
{Heap after GC invocations=10 (full 1):
 PSYoungGen      total 26112K, used 1270K [0x00000000d5580000, 0x00000000d7300000, 0x0000000100000000)
  eden space 23552K, 0% used [0x00000000d5580000,0x00000000d5580000,0x00000000d6c80000)
  from space 2560K, 49% used [0x00000000d6f00000,0x00000000d703d8a8,0x00000000d7180000)
  to   space 1536K, 0% used [0x00000000d7180000,0x00000000d7180000,0x00000000d7300000)
 ParOldGen       total 68608K, used 13399K [0x0000000080000000, 0x0000000084300000, 0x00000000d5580000)
  object space 68608K, 19% used [0x0000000080000000,0x0000000080d15c00,0x0000000084300000)
 Metaspace       used 26360K, committed 27392K, reserved 1114112K
  class space    used 2652K, committed 3072K, reserved 1048576K
}

Dll operation events (10 events):
Event: 0.008 Loaded shared library c:\Users\nhan\.vscode\extensions\redhat.java-1.53.0-win32-x64\jre\21.0.10-win32-x86_64\bin\java.dll
Event: 0.119 Loaded shared library c:\Users\nhan\.vscode\extensions\redhat.java-1.53.0-win32-x64\jre\21.0.10-win32-x86_64\bin\zip.dll
Event: 0.165 Loaded shared library C:\Users\nhan\.vscode\extensions\redhat.java-1.53.0-win32-x64\jre\21.0.10-win32-x86_64\bin\instrument.dll
Event: 0.173 Loaded shared library C:\Users\nhan\.vscode\extensions\redhat.java-1.53.0-win32-x64\jre\21.0.10-win32-x86_64\bin\net.dll
Event: 0.176 Loaded shared library C:\Users\nhan\.vscode\extensions\redhat.java-1.53.0-win32-x64\jre\21.0.10-win32-x86_64\bin\nio.dll
Event: 0.181 Loaded shared library C:\Users\nhan\.vscode\extensions\redhat.java-1.53.0-win32-x64\jre\21.0.10-win32-x86_64\bin\zip.dll
Event: 0.212 Loaded shared library C:\Users\nhan\.vscode\extensions\redhat.java-1.53.0-win32-x64\jre\21.0.10-win32-x86_64\bin\jimage.dll
Event: 0.319 Loaded shared library c:\Users\nhan\.vscode\extensions\redhat.java-1.53.0-win32-x64\jre\21.0.10-win32-x86_64\bin\verify.dll
Event: 2.475 Loaded shared library C:\Users\nhan\AppData\Roaming\Code\User\globalStorage\redhat.java\1.53.0\config_win\org.eclipse.equinox.launcher\org.eclipse.equinox.launcher.win32.win32.x86_64_1.3.0.v20260203-2149\eclipse_11919.dll
Event: 4.122 Loaded shared library C:\Users\nhan\AppData\Local\Temp\jna-3380071\jna9397414851569941116.dll

Deoptimization events (20 events):
Event: 6.199 Thread 0x00000289846b75b0 Uncommon trap: trap_request=0xffffffde fr.pc=0x00000289b04cf238 relative=0x00000000000000f8
Event: 6.199 Thread 0x00000289846b75b0 Uncommon trap: reason=class_check action=maybe_recompile pc=0x00000289b04cf238 method=java.lang.Character.codePointAt(Ljava/lang/CharSequence;I)I @ 2 c2
Event: 6.199 Thread 0x00000289846b75b0 DEOPT PACKING pc=0x00000289b04cf238 sp=0x00000089f54fe5c0
Event: 6.199 Thread 0x00000289846b75b0 DEOPT UNPACKING pc=0x00000289afdc3aa2 sp=0x00000089f54fe548 mode 2
Event: 6.199 Thread 0x00000289846b75b0 Uncommon trap: trap_request=0xffffffde fr.pc=0x00000289b04cf238 relative=0x00000000000000f8
Event: 6.199 Thread 0x00000289846b75b0 Uncommon trap: reason=class_check action=maybe_recompile pc=0x00000289b04cf238 method=java.lang.Character.codePointAt(Ljava/lang/CharSequence;I)I @ 2 c2
Event: 6.199 Thread 0x00000289846b75b0 DEOPT PACKING pc=0x00000289b04cf238 sp=0x00000089f54fe5c0
Event: 6.199 Thread 0x00000289846b75b0 DEOPT UNPACKING pc=0x00000289afdc3aa2 sp=0x00000089f54fe548 mode 2
Event: 6.199 Thread 0x00000289846b75b0 Uncommon trap: trap_request=0xffffffde fr.pc=0x00000289b04cf238 relative=0x00000000000000f8
Event: 6.199 Thread 0x00000289846b75b0 Uncommon trap: reason=class_check action=maybe_recompile pc=0x00000289b04cf238 method=java.lang.Character.codePointAt(Ljava/lang/CharSequence;I)I @ 2 c2
Event: 6.199 Thread 0x00000289846b75b0 DEOPT PACKING pc=0x00000289b04cf238 sp=0x00000089f54fe5c0
Event: 6.199 Thread 0x00000289846b75b0 DEOPT UNPACKING pc=0x00000289afdc3aa2 sp=0x00000089f54fe548 mode 2
Event: 6.199 Thread 0x00000289846b75b0 Uncommon trap: trap_request=0xffffffde fr.pc=0x00000289b04cf238 relative=0x00000000000000f8
Event: 6.199 Thread 0x00000289846b75b0 Uncommon trap: reason=class_check action=maybe_recompile pc=0x00000289b04cf238 method=java.lang.Character.codePointAt(Ljava/lang/CharSequence;I)I @ 2 c2
Event: 6.199 Thread 0x00000289846b75b0 DEOPT PACKING pc=0x00000289b04cf238 sp=0x00000089f54fe5c0
Event: 6.199 Thread 0x00000289846b75b0 DEOPT UNPACKING pc=0x00000289afdc3aa2 sp=0x00000089f54fe548 mode 2
Event: 6.199 Thread 0x00000289846b75b0 Uncommon trap: trap_request=0xffffff76 fr.pc=0x00000289b04a5780 relative=0x0000000000000380
Event: 6.199 Thread 0x00000289846b75b0 Uncommon trap: reason=predicate action=maybe_recompile pc=0x00000289b04a5780 method=java.util.regex.Pattern$BmpCharPropertyGreedy.match(Ljava/util/regex/Matcher;ILjava/lang/CharSequence;)Z @ 12 c2
Event: 6.199 Thread 0x00000289846b75b0 DEOPT PACKING pc=0x00000289b04a5780 sp=0x00000089f54fe500
Event: 6.199 Thread 0x00000289846b75b0 DEOPT UNPACKING pc=0x00000289afdc3aa2 sp=0x00000089f54fe4a8 mode 2

Classes loaded (20 events):
Event: 5.222 Loading class java/net/SocketTimeoutException
Event: 5.222 Loading class java/io/InterruptedIOException
Event: 5.222 Loading class java/io/InterruptedIOException done
Event: 5.222 Loading class java/net/SocketTimeoutException done
Event: 5.222 Loading class java/net/SocketException
Event: 5.222 Loading class java/net/SocketException done
Event: 5.222 Loading class java/net/UnknownHostException
Event: 5.223 Loading class java/net/UnknownHostException done
Event: 5.223 Loading class java/net/ProtocolException
Event: 5.223 Loading class java/net/ProtocolException done
Event: 5.239 Loading class java/lang/ThreadLocal$SuppliedThreadLocal
Event: 5.239 Loading class java/lang/ThreadLocal$SuppliedThreadLocal done
Event: 5.245 Loading class java/io/FileWriter
Event: 5.245 Loading class java/io/FileWriter done
Event: 5.246 Loading class java/lang/NegativeArraySizeException
Event: 5.246 Loading class java/lang/NegativeArraySizeException done
Event: 5.816 Loading class org/w3c/dom/DOMException
Event: 5.816 Loading class org/w3c/dom/DOMException done
Event: 6.199 Loading class java/io/FileReader
Event: 6.199 Loading class java/io/FileReader done

Classes unloaded (7 events):
Event: 4.988 Thread 0x00000289fd1a24e0 Unloading class 0x00000289bd1ad000 'java/lang/invoke/LambdaForm$MH+0x00000289bd1ad000'
Event: 4.988 Thread 0x00000289fd1a24e0 Unloading class 0x00000289bd1acc00 'java/lang/invoke/LambdaForm$MH+0x00000289bd1acc00'
Event: 4.988 Thread 0x00000289fd1a24e0 Unloading class 0x00000289bd1ac800 'java/lang/invoke/LambdaForm$MH+0x00000289bd1ac800'
Event: 4.988 Thread 0x00000289fd1a24e0 Unloading class 0x00000289bd1ac400 'java/lang/invoke/LambdaForm$MH+0x00000289bd1ac400'
Event: 4.988 Thread 0x00000289fd1a24e0 Unloading class 0x00000289bd1ac000 'java/lang/invoke/LambdaForm$BMH+0x00000289bd1ac000'
Event: 4.988 Thread 0x00000289fd1a24e0 Unloading class 0x00000289bd1abc00 'java/lang/invoke/LambdaForm$DMH+0x00000289bd1abc00'
Event: 4.988 Thread 0x00000289fd1a24e0 Unloading class 0x00000289bd1aa800 'java/lang/invoke/LambdaForm$DMH+0x00000289bd1aa800'

Classes redefined (0 events):
No events

Internal exceptions (20 events):
Event: 4.935 Thread 0x00000289fed8f380 Exception <a 'java/lang/NoSuchMethodError'{0x00000000d66d6018}: 'java.lang.Object java.lang.invoke.Invokers$Holder.invoke_MT(java.lang.Object, java.lang.Object, java.lang.Object, java.lang.Object, java.lang.Object, java.lang.Object, java.lang.Object, java.lang.Object, java.lang.Object)'> (0x00000000d66d6018) 
thrown [s\src\hotspot\share\interpreter\linkResolver.cpp, line 773]
Event: 4.940 Thread 0x00000289fed8f380 Exception <a 'java/lang/NoSuchMethodError'{0x00000000d670b418}: 'int java.lang.invoke.DirectMethodHandle$Holder.invokeVirtual(java.lang.Object, java.lang.Object, java.lang.Object)'> (0x00000000d670b418) 
thrown [s\src\hotspot\share\interpreter\linkResolver.cpp, line 773]
Event: 4.941 Thread 0x00000289fed8f380 Exception <a 'java/lang/NoSuchMethodError'{0x00000000d67103b0}: 'int java.lang.invoke.DirectMethodHandle$Holder.invokeStaticInit(java.lang.Object, int, int)'> (0x00000000d67103b0) 
thrown [s\src\hotspot\share\interpreter\linkResolver.cpp, line 773]
Event: 4.942 Thread 0x00000289fed8f380 Exception <a 'java/lang/NoSuchMethodError'{0x00000000d6718738}: 'int java.lang.invoke.DirectMethodHandle$Holder.invokeStaticInit(java.lang.Object, long, long)'> (0x00000000d6718738) 
thrown [s\src\hotspot\share\interpreter\linkResolver.cpp, line 773]
Event: 4.942 Thread 0x00000289fed8f380 Exception <a 'java/lang/NoSuchMethodError'{0x00000000d67200f0}: 'int java.lang.invoke.DirectMethodHandle$Holder.invokeStaticInit(java.lang.Object, float, float)'> (0x00000000d67200f0) 
thrown [s\src\hotspot\share\interpreter\linkResolver.cpp, line 773]
Event: 4.943 Thread 0x00000289fed8f380 Exception <a 'java/lang/NoSuchMethodError'{0x00000000d6727aa0}: 'int java.lang.invoke.DirectMethodHandle$Holder.invokeStaticInit(java.lang.Object, double, double)'> (0x00000000d6727aa0) 
thrown [s\src\hotspot\share\interpreter\linkResolver.cpp, line 773]
Event: 4.943 Thread 0x00000289fed8f380 Exception <a 'java/lang/NoSuchMethodError'{0x00000000d672ceb8}: 'int java.lang.invoke.DirectMethodHandle$Holder.invokeStatic(java.lang.Object, long)'> (0x00000000d672ceb8) 
thrown [s\src\hotspot\share\interpreter\linkResolver.cpp, line 773]
Event: 4.963 Thread 0x00000289fed8f380 Exception <a 'java/lang/NoSuchMethodError'{0x00000000d674bc48}: 'int java.lang.invoke.Invokers$Holder.linkToTargetMethod(java.lang.Object, java.lang.Object)'> (0x00000000d674bc48) 
thrown [s\src\hotspot\share\interpreter\linkResolver.cpp, line 773]
Event: 5.056 Thread 0x00000289fed8f380 Exception <a 'java/lang/NoSuchMethodError'{0x00000000d56299e8}: 'java.lang.Object java.lang.invoke.Invokers$Holder.invoke_MT(java.lang.Object, java.lang.Object, java.lang.Object, java.lang.Object, java.lang.Object, java.lang.Object, java.lang.Object, java.lang.Object, java.lang.Object, java.lang.Object, java.lang.Object)'> (0x00000000d56299e8) 
thrown [s\src\hotspot\share\interpreter\linkResolver.cpp, line 773]
Event: 5.070 Thread 0x00000289fed8f380 Exception <a 'java/lang/NoSuchMethodError'{0x00000000d56ba8b0}: 'java.lang.Object java.lang.invoke.Invokers$Holder.invoke_MT(java.lang.Object, java.lang.Object, java.lang.Object, java.lang.Object, java.lang.Object, java.lang.Object, java.lang.Object, java.lang.Object, java.lang.Object, java.lang.Object)'> (0x00000000d56ba8b0) 
thrown [s\src\hotspot\share\interpreter\linkResolver.cpp, line 773]
Event: 5.090 Thread 0x00000289fed8f380 Exception <a 'java/lang/NoSuchMethodError'{0x00000000d57605c0}: 'java.lang.Object java.lang.invoke.DirectMethodHandle$Holder.newInvokeSpecial(java.lang.Object, java.lang.Object, java.lang.Object, java.lang.Object, java.lang.Object, java.lang.Object, java.lang.Object)'> (0x00000000d57605c0) 
thrown [s\src\hotspot\share\interpreter\linkResolver.cpp, line 773]
Event: 5.099 Thread 0x00000289fed8f380 Exception <a 'java/lang/NoSuchMethodError'{0x00000000d57da958}: 'java.lang.Object java.lang.invoke.Invokers$Holder.invoker(java.lang.Object, java.lang.Object, java.lang.Object, java.lang.Object, java.lang.Object, java.lang.Object, java.lang.Object, java.lang.Object, java.lang.Object, java.lang.Object, java.lang.Object, java.lang.Object, java.lang.Object)'> (0x00000000d57da958) 
thrown [s\src\hotspot\share\interpreter\linkResolver.cpp, line 773]
Event: 5.100 Thread 0x00000289fed8f380 Exception <a 'java/lang/NoSuchMethodError'{0x00000000d57e4df0}: 'java.lang.Object java.lang.invoke.DelegatingMethodHandle$Holder.delegate(java.lang.Object, java.lang.Object, java.lang.Object, java.lang.Object, java.lang.Object, java.lang.Object, java.lang.Object, java.lang.Object, java.lang.Object, java.lang.Object, java.lang.Object, java.lang.Object, java.lang.Object)'> (0x00000000d57e4df0) 
thrown [s\src\hotspot\share\interpreter\linkResolver.cpp, line 773]
Event: 5.108 Thread 0x00000289fed8f380 Exception <a 'java/lang/NoSuchMethodError'{0x00000000d5851d50}: static Lorg/eclipse/m2e/core/internal/lifecyclemapping/model/PluginExecutionMetadata;.<clinit>()V> (0x00000000d5851d50) 
thrown [s\src\hotspot\share\prims\jni.cpp, line 1111]
Event: 5.116 Thread 0x00000289fed8f380 Exception <a 'java/lang/NoSuchMethodError'{0x00000000d58b4e10}: static Lorg/eclipse/m2e/core/internal/lifecyclemapping/model/PluginExecutionFilter;.<clinit>()V> (0x00000000d58b4e10) 
thrown [s\src\hotspot\share\prims\jni.cpp, line 1111]
Event: 5.121 Thread 0x00000289fed8f380 Exception <a 'java/lang/NoSuchMethodError'{0x00000000d58ec2e8}: static Lorg/eclipse/m2e/core/internal/project/registry/MavenProjectFacade$MavenProjectConfiguration;.<clinit>()V> (0x00000000d58ec2e8) 
thrown [s\src\hotspot\share\prims\jni.cpp, line 1111]
Event: 5.187 Thread 0x00000289fed8f380 Exception <a 'java/lang/NoSuchMethodError'{0x00000000d5c097d8}: 'double java.lang.invoke.DirectMethodHandle$Holder.invokeStatic(java.lang.Object, java.lang.Object)'> (0x00000000d5c097d8) 
thrown [s\src\hotspot\share\interpreter\linkResolver.cpp, line 773]
Event: 5.187 Thread 0x00000289fed8f380 Exception <a 'java/lang/NoSuchMethodError'{0x00000000d5c0ce98}: 'double java.lang.invoke.DirectMethodHandle$Holder.invokeStaticInit(java.lang.Object, java.lang.Object)'> (0x00000000d5c0ce98) 
thrown [s\src\hotspot\share\interpreter\linkResolver.cpp, line 773]
Event: 5.560 Thread 0x00000289fed8f380 Implicit null exception at 0x00000289b04d16f5 to 0x00000289b04d17d0
Event: 5.793 Thread 0x00000289fed8f380 Exception <a 'java/lang/NoSuchMethodError'{0x00000000d6206850}: 'java.lang.Object java.lang.invoke.DirectMethodHandle$Holder.newInvokeSpecial(java.lang.Object, int, java.lang.Object, java.lang.Object)'> (0x00000000d6206850) 
thrown [s\src\hotspot\share\interpreter\linkResolver.cpp, line 773]

ZGC Phase Switch (0 events):
No events

VM Operations (20 events):
Event: 4.308 Executing non-safepoint VM operation: HandshakeAllThreads (Deoptimize)
Event: 4.308 Executing non-safepoint VM operation: HandshakeAllThreads (Deoptimize) done
Event: 4.365 Executing non-safepoint VM operation: HandshakeAllThreads (Deoptimize)
Event: 4.366 Executing non-safepoint VM operation: HandshakeAllThreads (Deoptimize) done
Event: 4.384 Executing non-safepoint VM operation: HandshakeAllThreads (Deoptimize)
Event: 4.384 Executing non-safepoint VM operation: HandshakeAllThreads (Deoptimize) done
Event: 4.433 Executing safepoint VM operation: ICBufferFull
Event: 4.433 Executing safepoint VM operation: ICBufferFull done
Event: 4.567 Executing safepoint VM operation: ParallelGCFailedAllocation (Allocation Failure)
Event: 4.574 Executing safepoint VM operation: ParallelGCFailedAllocation (Allocation Failure) done
Event: 4.906 Executing non-safepoint VM operation: HandshakeAllThreads (Deoptimize)
Event: 4.906 Executing non-safepoint VM operation: HandshakeAllThreads (Deoptimize) done
Event: 4.972 Executing safepoint VM operation: CollectForMetadataAllocation (Metadata GC Threshold)
Event: 5.022 Executing safepoint VM operation: CollectForMetadataAllocation (Metadata GC Threshold) done
Event: 5.339 Executing safepoint VM operation: ParallelGCFailedAllocation (Allocation Failure)
Event: 5.340 Executing safepoint VM operation: ParallelGCFailedAllocation (Allocation Failure) done
Event: 5.705 Executing safepoint VM operation: ParallelGCFailedAllocation (Allocation Failure)
Event: 5.707 Executing safepoint VM operation: ParallelGCFailedAllocation (Allocation Failure) done
Event: 6.189 Executing non-safepoint VM operation: HandshakeAllThreads (Deoptimize)
Event: 6.189 Executing non-safepoint VM operation: HandshakeAllThreads (Deoptimize) done

Memory protections (0 events):
No events

Nmethod flushes (0 events):
No events

Events (20 events):
Event: 2.062 Thread 0x00000289a5641620 Thread added: 0x00000289fecc6860
Event: 2.469 Thread 0x00000289a5641620 Thread added: 0x00000289ff10df50
Event: 2.572 Thread 0x00000289ff10df50 Thread added: 0x00000289fed8e940
Event: 2.576 Thread 0x00000289a5641620 Thread added: 0x00000289fed8f380
Event: 2.610 Thread 0x0000028984291850 Thread exited: 0x0000028984291850
Event: 2.731 Thread 0x00000289fe990110 Thread added: 0x00000289fed18420
Event: 2.992 Thread 0x00000289fed8f380 Thread added: 0x0000028984030cb0
Event: 3.322 Thread 0x00000289fed8f380 Thread added: 0x0000028984640120
Event: 3.716 Thread 0x00000289fed8f380 Thread added: 0x0000028984239220
Event: 3.733 Thread 0x00000289fed18420 Thread exited: 0x00000289fed18420
Event: 3.880 Thread 0x00000289fefc5f50 Thread exited: 0x00000289fefc5f50
Event: 3.989 Thread 0x00000289fe990110 Thread added: 0x00000289844d27f0
Event: 4.151 Thread 0x00000289fed8f380 Thread added: 0x00000289846b6200
Event: 4.193 Thread 0x00000289fed8f380 Thread added: 0x00000289846b4e50
Event: 4.218 Thread 0x00000289fed8f380 Thread added: 0x00000289846b75b0
Event: 4.877 Thread 0x00000289844d27f0 Thread exited: 0x00000289844d27f0
Event: 5.274 Thread 0x00000289fd1cb830 Thread added: 0x0000028984a63bc0
Event: 5.558 Thread 0x0000028984a63bc0 Thread exited: 0x0000028984a63bc0
Event: 5.820 Thread 0x00000289fe990110 Thread added: 0x00000289ff1b7890
Event: 6.058 Thread 0x00000289ff1b7890 Thread exited: 0x00000289ff1b7890


Dynamic libraries:
0x00007ff799950000 - 0x00007ff79995e000 	c:\Users\nhan\.vscode\extensions\redhat.java-1.53.0-win32-x64\jre\21.0.10-win32-x86_64\bin\java.exe
0x00007fff20f30000 - 0x00007fff21128000 	C:\Windows\SYSTEM32\ntdll.dll
0x00007fff1f370000 - 0x00007fff1f432000 	C:\Windows\System32\KERNEL32.DLL
0x00007fff1e8d0000 - 0x00007fff1ebc6000 	C:\Windows\System32\KERNELBASE.dll
0x00007fff1b4b0000 - 0x00007fff1b544000 	C:\Windows\SYSTEM32\apphelp.dll
0x00007fff1ed20000 - 0x00007fff1ee20000 	C:\Windows\System32\ucrtbase.dll
0x00007fff034c0000 - 0x00007fff034de000 	c:\Users\nhan\.vscode\extensions\redhat.java-1.53.0-win32-x64\jre\21.0.10-win32-x86_64\bin\VCRUNTIME140.dll
0x00007fff04550000 - 0x00007fff04568000 	c:\Users\nhan\.vscode\extensions\redhat.java-1.53.0-win32-x64\jre\21.0.10-win32-x86_64\bin\jli.dll
0x00007fff20170000 - 0x00007fff20311000 	C:\Windows\System32\USER32.dll
0x00007fff1ec70000 - 0x00007fff1ec92000 	C:\Windows\System32\win32u.dll
0x00007fff0d220000 - 0x00007fff0d4bb000 	C:\Windows\WinSxS\amd64_microsoft.windows.common-controls_6595b64144ccf1df_6.0.19041.6456_none_60b8a6cb71f64256\COMCTL32.dll
0x00007fff1f520000 - 0x00007fff1f54b000 	C:\Windows\System32\GDI32.dll
0x00007fff1f2d0000 - 0x00007fff1f36e000 	C:\Windows\System32\msvcrt.dll
0x00007fff1e5c0000 - 0x00007fff1e6d9000 	C:\Windows\System32\gdi32full.dll
0x00007fff1ebd0000 - 0x00007fff1ec6d000 	C:\Windows\System32\msvcp_win.dll
0x00007fff1f670000 - 0x00007fff1f69f000 	C:\Windows\System32\IMM32.DLL
0x00007fff1a9e0000 - 0x00007fff1a9ec000 	c:\Users\nhan\.vscode\extensions\redhat.java-1.53.0-win32-x64\jre\21.0.10-win32-x86_64\bin\vcruntime140_1.dll
0x00007fff00c20000 - 0x00007fff00cad000 	c:\Users\nhan\.vscode\extensions\redhat.java-1.53.0-win32-x64\jre\21.0.10-win32-x86_64\bin\msvcp140.dll
0x00007ffeb4110000 - 0x00007ffeb4eb1000 	c:\Users\nhan\.vscode\extensions\redhat.java-1.53.0-win32-x64\jre\21.0.10-win32-x86_64\bin\server\jvm.dll
0x00007fff20e30000 - 0x00007fff20ee1000 	C:\Windows\System32\ADVAPI32.dll
0x00007fff200d0000 - 0x00007fff2016f000 	C:\Windows\System32\sechost.dll
0x00007fff20c40000 - 0x00007fff20d60000 	C:\Windows\System32\RPCRT4.dll
0x00007fff1eca0000 - 0x00007fff1ecc7000 	C:\Windows\System32\bcrypt.dll
0x00007fff20060000 - 0x00007fff200cb000 	C:\Windows\System32\WS2_32.dll
0x00007fff1db00000 - 0x00007fff1db4b000 	C:\Windows\SYSTEM32\POWRPROF.dll
0x00007fff16ed0000 - 0x00007fff16eda000 	C:\Windows\SYSTEM32\VERSION.dll
0x00007fff0eed0000 - 0x00007fff0eef7000 	C:\Windows\SYSTEM32\WINMM.dll
0x00007fff1d9c0000 - 0x00007fff1d9d2000 	C:\Windows\SYSTEM32\UMPDC.dll
0x00007fff1c430000 - 0x00007fff1c442000 	C:\Windows\SYSTEM32\kernel.appcore.dll
0x00007fff176b0000 - 0x00007fff176ba000 	c:\Users\nhan\.vscode\extensions\redhat.java-1.53.0-win32-x64\jre\21.0.10-win32-x86_64\bin\jimage.dll
0x00007fff0e390000 - 0x00007fff0e591000 	C:\Windows\SYSTEM32\DBGHELP.DLL
0x00007fff0b4e0000 - 0x00007fff0b514000 	C:\Windows\SYSTEM32\dbgcore.DLL
0x00007fff1e840000 - 0x00007fff1e8c2000 	C:\Windows\System32\bcryptPrimitives.dll
0x00007fff17610000 - 0x00007fff1761f000 	c:\Users\nhan\.vscode\extensions\redhat.java-1.53.0-win32-x64\jre\21.0.10-win32-x86_64\bin\instrument.dll
0x00007fff032c0000 - 0x00007fff032e0000 	c:\Users\nhan\.vscode\extensions\redhat.java-1.53.0-win32-x64\jre\21.0.10-win32-x86_64\bin\java.dll
0x00007fff1f840000 - 0x00007fff1ffb0000 	C:\Windows\System32\SHELL32.dll
0x00007fff1c630000 - 0x00007fff1cdd5000 	C:\Windows\SYSTEM32\windows.storage.dll
0x00007fff208e0000 - 0x00007fff20c34000 	C:\Windows\System32\combase.dll
0x00007fff1dff0000 - 0x00007fff1e01b000 	C:\Windows\SYSTEM32\Wldp.dll
0x00007fff20d60000 - 0x00007fff20e2d000 	C:\Windows\System32\OLEAUT32.dll
0x00007fff20320000 - 0x00007fff203cd000 	C:\Windows\System32\SHCORE.dll
0x00007fff1ef50000 - 0x00007fff1efab000 	C:\Windows\System32\shlwapi.dll
0x00007fff1e4f0000 - 0x00007fff1e514000 	C:\Windows\SYSTEM32\profapi.dll
0x00007fff00c00000 - 0x00007fff00c18000 	c:\Users\nhan\.vscode\extensions\redhat.java-1.53.0-win32-x64\jre\21.0.10-win32-x86_64\bin\zip.dll
0x00007fff091f0000 - 0x00007fff09200000 	C:\Users\nhan\.vscode\extensions\redhat.java-1.53.0-win32-x64\jre\21.0.10-win32-x86_64\bin\net.dll
0x00007fff18990000 - 0x00007fff18a9a000 	C:\Windows\SYSTEM32\WINHTTP.dll
0x00007fff1dd50000 - 0x00007fff1ddba000 	C:\Windows\system32\mswsock.dll
0x00007ffefbf30000 - 0x00007ffefbf46000 	C:\Users\nhan\.vscode\extensions\redhat.java-1.53.0-win32-x64\jre\21.0.10-win32-x86_64\bin\nio.dll
0x00007fff05d10000 - 0x00007fff05d20000 	c:\Users\nhan\.vscode\extensions\redhat.java-1.53.0-win32-x64\jre\21.0.10-win32-x86_64\bin\verify.dll
0x00007fff00b60000 - 0x00007fff00ba5000 	C:\Users\nhan\AppData\Roaming\Code\User\globalStorage\redhat.java\1.53.0\config_win\org.eclipse.equinox.launcher\org.eclipse.equinox.launcher.win32.win32.x86_64_1.3.0.v20260203-2149\eclipse_11919.dll
0x00007fff1f710000 - 0x00007fff1f83b000 	C:\Windows\System32\ole32.dll
0x00007fff1df50000 - 0x00007fff1df68000 	C:\Windows\SYSTEM32\CRYPTSP.dll
0x00007fff1d600000 - 0x00007fff1d638000 	C:\Windows\system32\rsaenh.dll
0x00007fff1e470000 - 0x00007fff1e49e000 	C:\Windows\SYSTEM32\USERENV.dll
0x00007fff1df40000 - 0x00007fff1df4c000 	C:\Windows\SYSTEM32\CRYPTBASE.dll
0x00007fff1d9e0000 - 0x00007fff1da1b000 	C:\Windows\SYSTEM32\IPHLPAPI.DLL
0x00007fff1f700000 - 0x00007fff1f708000 	C:\Windows\System32\NSI.dll
0x00007fff00ac0000 - 0x00007fff00b09000 	C:\Users\nhan\AppData\Local\Temp\jna-3380071\jna9397414851569941116.dll
0x00007fff20400000 - 0x00007fff20408000 	C:\Windows\System32\PSAPI.DLL

JVMTI agents:
c:\Users\nhan\.vscode\extensions\redhat.java-1.53.0-win32-x64\lombok\lombok-1.18.39-4050.jar path:c:\Users\nhan\.vscode\extensions\redhat.java-1.53.0-win32-x64\jre\21.0.10-win32-x86_64\bin\instrument.dll, loaded, initialized, instrumentlib options:none

dbghelp: loaded successfully - version: 4.0.5 - missing functions: none
symbol engine: initialized successfully - sym options: 0x614 - pdb path: .;c:\Users\nhan\.vscode\extensions\redhat.java-1.53.0-win32-x64\jre\21.0.10-win32-x86_64\bin;C:\Windows\SYSTEM32;C:\Windows\WinSxS\amd64_microsoft.windows.common-controls_6595b64144ccf1df_6.0.19041.6456_none_60b8a6cb71f64256;c:\Users\nhan\.vscode\extensions\redhat.java-1.53.0-win32-x64\jre\21.0.10-win32-x86_64\bin\server;C:\Users\nhan\AppData\Roaming\Code\User\globalStorage\redhat.java\1.53.0\config_win\org.eclipse.equinox.launcher\org.eclipse.equinox.launcher.win32.win32.x86_64_1.3.0.v20260203-2149;C:\Users\nhan\AppData\Local\Temp\jna-3380071

VM Arguments:
jvm_args: --add-modules=ALL-SYSTEM --add-opens=java.base/java.util=ALL-UNNAMED --add-opens=java.base/java.lang=ALL-UNNAMED --add-opens=java.base/sun.nio.fs=ALL-UNNAMED -Declipse.application=org.eclipse.jdt.ls.core.id1 -Dosgi.bundles.defaultStartLevel=4 -Declipse.product=org.eclipse.jdt.ls.core.product -Djava.import.generatesMetadataFilesAtProjectRoot=false -DDetectVMInstallationsJob.disabled=true -Dfile.encoding=utf8 -XX:+UseParallelGC -XX:GCTimeRatio=4 -XX:AdaptiveSizePolicyWeight=90 -Dsun.zip.disableMemoryMapping=true -Xmx2G -Xms100m -Xlog:disable -javaagent:c:\Users\nhan\.vscode\extensions\redhat.java-1.53.0-win32-x64\lombok\lombok-1.18.39-4050.jar -XX:+HeapDumpOnOutOfMemoryError -XX:HeapDumpPath=c:\Users\nhan\AppData\Roaming\Code\User\workspaceStorage\6e3287a5150c70a5341db523c4422ae0\redhat.java -Daether.dependencyCollector.impl=bf 
java_command: c:\Users\nhan\.vscode\extensions\redhat.java-1.53.0-win32-x64\server\plugins\org.eclipse.equinox.launcher_1.7.100.v20251111-0406.jar -configuration c:\Users\nhan\AppData\Roaming\Code\User\globalStorage\redhat.java\1.53.0\config_win -data c:\Users\nhan\AppData\Roaming\Code\User\workspaceStorage\6e3287a5150c70a5341db523c4422ae0\redhat.java\jdt_ws --pipe=\\.\pipe\lsp-0342a48404bbdf362c1712e93d8efa91-sock
java_class_path (initial): c:\Users\nhan\.vscode\extensions\redhat.java-1.53.0-win32-x64\server\plugins\org.eclipse.equinox.launcher_1.7.100.v20251111-0406.jar
Launcher Type: SUN_STANDARD

[Global flags]
    uintx AdaptiveSizePolicyWeight                 = 90                                        {product} {command line}
     intx CICompilerCount                          = 4                                         {product} {ergonomic}
    uintx GCTimeRatio                              = 4                                         {product} {command line}
     bool HeapDumpOnOutOfMemoryError               = true                                   {manageable} {command line}
    ccstr HeapDumpPath                             = c:\Users\nhan\AppData\Roaming\Code\User\workspaceStorage\6e3287a5150c70a5341db523c4422ae0\redhat.java         {manageable} {command line}
   size_t InitialHeapSize                          = 104857600                                 {product} {command line}
   size_t MaxHeapSize                              = 2147483648                                {product} {command line}
   size_t MaxNewSize                               = 715653120                                 {product} {ergonomic}
   size_t MinHeapDeltaBytes                        = 524288                                    {product} {ergonomic}
   size_t MinHeapSize                              = 104857600                                 {product} {command line}
   size_t NewSize                                  = 34603008                                  {product} {ergonomic}
    uintx NonNMethodCodeHeapSize                   = 5839372                                {pd product} {ergonomic}
    uintx NonProfiledCodeHeapSize                  = 122909434                              {pd product} {ergonomic}
   size_t OldSize                                  = 70254592                                  {product} {ergonomic}
    uintx ProfiledCodeHeapSize                     = 122909434                              {pd product} {ergonomic}
    uintx ReservedCodeCacheSize                    = 251658240                              {pd product} {ergonomic}
     bool SegmentedCodeCache                       = true                                      {product} {ergonomic}
   size_t SoftMaxHeapSize                          = 2147483648                             {manageable} {ergonomic}
     bool UseCompressedOops                        = true                           {product lp64_product} {ergonomic}
     bool UseLargePagesIndividualAllocation        = false                                  {pd product} {ergonomic}
     bool UseParallelGC                            = true                                      {product} {command line}

Logging:
Log output configuration:
 #0: stdout all=off uptime,level,tags foldmultilines=false
 #1: stderr all=off uptime,level,tags foldmultilines=false

Release file:
JAVA_VERSION="21.0.10" 
MODULES="java.base java.compiler java.datatransfer java.xml java.prefs java.desktop java.instrument java.logging java.management java.security.sasl java.naming java.rmi java.management.rmi java.net.http java.scripting java.security.jgss java.transaction.xa java.sql java.sql.rowset java.xml.crypto java.se java.smartcardio jdk.accessibility jdk.internal.jvmstat jdk.attach jdk.charsets jdk.internal.opt jdk.zipfs jdk.compiler jdk.crypto.ec jdk.crypto.cryptoki jdk.crypto.mscapi jdk.dynalink jdk.internal.ed jdk.editpad jdk.hotspot.agent jdk.httpserver jdk.internal.le jdk.internal.vm.ci jdk.internal.vm.compiler jdk.internal.vm.compiler.management jdk.jartool jdk.javadoc jdk.jcmd jdk.management jdk.management.agent jdk.jconsole jdk.jdeps jdk.jdwp.agent jdk.jdi jdk.jfr jdk.jshell jdk.jsobject jdk.jstatd jdk.localedata jdk.management.jfr jdk.naming.dns jdk.naming.rmi jdk.net jdk.nio.mapmode jdk.random jdk.sctp jdk.security.auth jdk.security.jgss jdk.unsupported jdk.unsupported.desktop jdk.xml.dom" 

Environment Variables:
JAVA_HOME=D:\Nghia\jdk-17.0.12
PATH=C:\Users\nhan\AppData\Local\Programs\Microsoft VS Code;D:\Nghia\Scripts\;D:\Nghia\;C:\Program Files\Microsoft MPI\Bin\;C:\Windows\system32;C:\Windows;C:\Windows\System32\Wbem;C:\Windows\System32\WindowsPowerShell\v1.0\;C:\Windows\System32\OpenSSH\;C:\Program Files\NVIDIA Corporation\NVIDIA NvDLISR;C:\Program Files (x86)\NVIDIA Corporation\PhysX\Common;C:\Program Files (x86)\Microsoft SQL Server\160\Tools\Binn\;C:\Program Files\Microsoft SQL Server\160\Tools\Binn\;C:\Program Files\Microsoft SQL Server\Client SDK\ODBC\170\Tools\Binn\;C:\Program Files\Microsoft SQL Server\160\DTS\Binn\;C:\Program Files\dotnet\;C:\Program Files (x86)\Microsoft SQL Server\160\DTS\Binn\;C:\Program Files\Microsoft SQL Server\150\Tools\Binn\;C:\Program Files\Git\cmd;D:\nodejs\;C:\Program Files\MySQL\MySQL Shell 8.0\bin\;C:\Users\nhan\AppData\Local\Microsoft\WindowsApps;C:\Users\nhan\AppData\Local\Programs\Microsoft VS Code\bin;C:\Program Files\heroku\bin;C:\Program Files\JetBrains\PyCharm Community Edition 2024.2.0.1\bin;;C:\Program Files\JetBrains\IntelliJ IDEA Community Edition 2024.2.0.2\bin;;C:\Users\nhan\.dotnet\tools;C:\Program Files\dotnet\sdk\8.0.401;D:\Nghia\jdk-17.0.12\bin;C:\Users\nhan\AppData\Roaming\npm
USERNAME=nhan
OS=Windows_NT
PROCESSOR_IDENTIFIER=Intel64 Family 6 Model 60 Stepping 3, GenuineIntel
TMP=C:\Users\nhan\AppData\Local\Temp
TEMP=C:\Users\nhan\AppData\Local\Temp




Periodic native trim disabled

---------------  S Y S T E M  ---------------

OS:
 Windows 10 , 64 bit Build 19041 (10.0.19041.5915)
OS uptime: 0 days 0:36 hours

CPU: total 8 (initial active 8) (4 cores per cpu, 2 threads per core) family 6 model 60 stepping 3 microcode 0x27, cx8, cmov, fxsr, ht, mmx, sse, sse2, sse3, ssse3, sse4.1, sse4.2, popcnt, lzcnt, tsc, tscinvbit, avx, avx2, aes, erms, clmul, bmi1, bmi2, fma, vzeroupper, clflush, rdtscp, f16c
Processor Information for the first 8 processors :
  Max Mhz: 2501, Current Mhz: 2500, Mhz Limit: 2475

Memory: 4k page, system-wide physical 8099M (1778M free)
TotalPageFile size 8611M (AvailPageFile size 5M)
current process WorkingSet (physical memory assigned to process): 158M, peak: 159M
current process commit charge ("private bytes"): 290M, peak: 291M

vm_info: OpenJDK 64-Bit Server VM (21.0.10+7-LTS) for windows-amd64 JRE (21.0.10+7-LTS), built on 2026-01-20T00:00:00Z by "admin" with MS VC++ 17.12 (VS2022)

END.
