#
# There is insufficient memory for the Java Runtime Environment to continue.
# Native memory allocation (malloc) failed to allocate 1012656 bytes. Error detail: Chunk::new
# Possible reasons:
#   The system is out of physical RAM or swap space
#   This process is running with CompressedOops enabled, and the Java Heap may be blocking the growth of the native heap
# Possible solutions:
#   Reduce memory load on the system
#   Increase physical memory or swap space
#   Check if swap backing store is full
#   Decrease Java heap size (-Xmx/-Xms)
#   Decrease number of Java threads
#   Decrease Java thread stack sizes (-Xss)
#   Set larger code cache with -XX:ReservedCodeCacheSize=
#   JVM is running with Unscaled Compressed Oops mode in which the Java heap is
#     placed in the first 4GB address space. The Java Heap base address is the
#     maximum limit for the native heap growth. Please use -XX:HeapBaseMinAddress
#     to set the Java Heap base and to place the Java Heap above 4GB virtual address.
# This output file may be truncated or incomplete.
#
#  Out of Memory Error (arena.cpp:168), pid=12176, tid=14468
#
# JRE version: OpenJDK Runtime Environment Temurin-21.0.10+7 (21.0.10+7) (build 21.0.10+7-LTS)
# Java VM: OpenJDK 64-Bit Server VM Temurin-21.0.10+7 (21.0.10+7-LTS, mixed mode, sharing, tiered, compressed oops, compressed class ptrs, parallel gc, windows-amd64)
# No core dump will be written. Minidumps are not enabled by default on client versions of Windows
#

---------------  S U M M A R Y ------------

Command Line: --add-modules=ALL-SYSTEM --add-opens=java.base/java.util=ALL-UNNAMED --add-opens=java.base/java.lang=ALL-UNNAMED --add-opens=java.base/sun.nio.fs=ALL-UNNAMED -Declipse.application=org.eclipse.jdt.ls.core.id1 -Dosgi.bundles.defaultStartLevel=4 -Declipse.product=org.eclipse.jdt.ls.core.product -Djava.import.generatesMetadataFilesAtProjectRoot=false -DDetectVMInstallationsJob.disabled=true -Dfile.encoding=utf8 -XX:+UseParallelGC -XX:GCTimeRatio=4 -XX:AdaptiveSizePolicyWeight=90 -Dsun.zip.disableMemoryMapping=true -Xmx2G -Xms100m -Xlog:disable -javaagent:c:\Users\nhan\.vscode\extensions\redhat.java-1.53.0-win32-x64\lombok\lombok-1.18.39-4050.jar -XX:+HeapDumpOnOutOfMemoryError -XX:HeapDumpPath=c:\Users\nhan\AppData\Roaming\Code\User\workspaceStorage\6e3287a5150c70a5341db523c4422ae0\redhat.java -Daether.dependencyCollector.impl=bf c:\Users\nhan\.vscode\extensions\redhat.java-1.53.0-win32-x64\server\plugins\org.eclipse.equinox.launcher_1.7.100.v20251111-0406.jar -configuration c:\Users\nhan\AppData\Roaming\Code\User\globalStorage\redhat.java\1.53.0\config_win -data c:\Users\nhan\AppData\Roaming\Code\User\workspaceStorage\6e3287a5150c70a5341db523c4422ae0\redhat.java\jdt_ws --pipe=\\.\pipe\lsp-56d7b240f39f75c1777d5848ab6d0dfb-sock

Host: Intel(R) Core(TM) i7-4710HQ CPU @ 2.50GHz, 8 cores, 7G,  Windows 10 , 64 bit Build 19041 (10.0.19041.5915)
Time: Tue Mar 10 10:59:53 2026 SE Asia Standard Time elapsed time: 13.957183 seconds (0d 0h 0m 13s)

---------------  T H R E A D  ---------------

Current thread (0x000001db12f50760):  JavaThread "C2 CompilerThread1" daemon [_thread_in_native, id=14468, stack(0x000000038e200000,0x000000038e300000) (1024K)]


Current CompileTask:
C2:13957 6330   !   4       org.eclipse.osgi.internal.loader.classpath.ClasspathManager::defineClass (636 bytes)

Stack: [0x000000038e200000,0x000000038e300000]
Native frames: (J=compiled Java code, j=interpreted, Vv=VM code, C=native code)
V  [jvm.dll+0x6d7a39]
V  [jvm.dll+0x8b4b26]
V  [jvm.dll+0x8b70de]
V  [jvm.dll+0x8b77c3]
V  [jvm.dll+0x284346]
V  [jvm.dll+0xc66ed]
V  [jvm.dll+0xc6c31]
V  [jvm.dll+0x2fb29e]
V  [jvm.dll+0x5fe884]
V  [jvm.dll+0x255b17]
V  [jvm.dll+0x255edd]
V  [jvm.dll+0x24e500]
V  [jvm.dll+0x24ba42]
V  [jvm.dll+0x1cb34e]
V  [jvm.dll+0x25b85d]
V  [jvm.dll+0x259dea]
V  [jvm.dll+0x3f857e]
V  [jvm.dll+0x85f59d]
V  [jvm.dll+0x6d626d]
C  [ucrtbase.dll+0x21bb2]
C  [KERNEL32.DLL+0x17374]
C  [ntdll.dll+0x4cc91]


---------------  P R O C E S S  ---------------

Threads class SMR info:
_java_thread_list=0x000001db12cf8170, length=46, elements={
0x000001dab2336240, 0x000001dab229df50, 0x000001dab229f7c0, 0x000001dab22a10d0,
0x000001dab22a24c0, 0x000001dab22abc40, 0x000001dab22b10c0, 0x000001dab22bc0d0,
0x000001dab22bd7d0, 0x000001db0b82e990, 0x000001db0b831780, 0x000001db0b831e10,
0x000001db0b82f020, 0x000001db0b82fd40, 0x000001db0b82f6b0, 0x000001db0b830a60,
0x000001db0b8310f0, 0x000001db10f7b720, 0x000001db10f7f8c0, 0x000001db10f7bdb0,
0x000001db10f7c440, 0x000001db10f7d160, 0x000001db10f7b090, 0x000001db10f7d7f0,
0x000001db10f80c70, 0x000001db10f7de80, 0x000001db10f7e510, 0x000001db10f805e0,
0x000001db10f7eba0, 0x000001db10f82020, 0x000001db10f7f230, 0x000001db10f81300,
0x000001db10f7ff50, 0x000001db10f81990, 0x000001db10f826b0, 0x000001db13109be0,
0x000001db13107480, 0x000001db1310c340, 0x000001db131081a0, 0x000001db1310d060,
0x000001db1310b620, 0x000001db13106df0, 0x000001db1310bcb0, 0x000001db13108ec0,
0x000001db12f50760, 0x000001db12f4de80
}

Java Threads: ( => current thread )
  0x000001dab2336240 JavaThread "main"                              [_thread_blocked, id=10484, stack(0x000000038c300000,0x000000038c400000) (1024K)]
  0x000001dab229df50 JavaThread "Reference Handler"          daemon [_thread_blocked, id=5072, stack(0x000000038c700000,0x000000038c800000) (1024K)]
  0x000001dab229f7c0 JavaThread "Finalizer"                  daemon [_thread_blocked, id=12988, stack(0x000000038c800000,0x000000038c900000) (1024K)]
  0x000001dab22a10d0 JavaThread "Signal Dispatcher"          daemon [_thread_blocked, id=13636, stack(0x000000038c900000,0x000000038ca00000) (1024K)]
  0x000001dab22a24c0 JavaThread "Attach Listener"            daemon [_thread_blocked, id=3264, stack(0x000000038ca00000,0x000000038cb00000) (1024K)]
  0x000001dab22abc40 JavaThread "Service Thread"             daemon [_thread_blocked, id=7988, stack(0x000000038cb00000,0x000000038cc00000) (1024K)]
  0x000001dab22b10c0 JavaThread "Monitor Deflation Thread"   daemon [_thread_blocked, id=11076, stack(0x000000038cc00000,0x000000038cd00000) (1024K)]
  0x000001dab22bc0d0 JavaThread "C2 CompilerThread0"         daemon [_thread_blocked, id=6640, stack(0x000000038cd00000,0x000000038ce00000) (1024K)]
  0x000001dab22bd7d0 JavaThread "C1 CompilerThread0"         daemon [_thread_blocked, id=14204, stack(0x000000038ce00000,0x000000038cf00000) (1024K)]
  0x000001db0b82e990 JavaThread "Common-Cleaner"             daemon [_thread_blocked, id=7092, stack(0x000000038d000000,0x000000038d100000) (1024K)]
  0x000001db0b831780 JavaThread "Notification Thread"        daemon [_thread_blocked, id=8272, stack(0x000000038d100000,0x000000038d200000) (1024K)]
  0x000001db0b831e10 JavaThread "Active Thread: Equinox Container: 9af8b756-94ec-4f23-915b-83f219f83a27"        [_thread_blocked, id=14792, stack(0x000000038d900000,0x000000038da00000) (1024K)]
  0x000001db0b82f020 JavaThread "Refresh Thread: Equinox Container: 9af8b756-94ec-4f23-915b-83f219f83a27" daemon [_thread_blocked, id=14540, stack(0x000000038db00000,0x000000038dc00000) (1024K)]
  0x000001db0b82fd40 JavaThread "Framework Event Dispatcher: Equinox Container: 9af8b756-94ec-4f23-915b-83f219f83a27" daemon [_thread_blocked, id=13496, stack(0x000000038dc00000,0x000000038dd00000) (1024K)]
  0x000001db0b82f6b0 JavaThread "Start Level: Equinox Container: 9af8b756-94ec-4f23-915b-83f219f83a27" daemon [_thread_blocked, id=10836, stack(0x000000038dd00000,0x000000038de00000) (1024K)]
  0x000001db0b830a60 JavaThread "Bundle File Closer"         daemon [_thread_blocked, id=13648, stack(0x000000038de00000,0x000000038df00000) (1024K)]
  0x000001db0b8310f0 JavaThread "SCR Component Actor"        daemon [_thread_blocked, id=5436, stack(0x000000038df00000,0x000000038e000000) (1024K)]
  0x000001db10f7b720 JavaThread "Worker-JM"                         [_thread_blocked, id=11144, stack(0x000000038d200000,0x000000038d300000) (1024K)]
  0x000001db10f7f8c0 JavaThread "JNA Cleaner"                daemon [_thread_blocked, id=12456, stack(0x000000038cf00000,0x000000038d000000) (1024K)]
  0x000001db10f7bdb0 JavaThread "Worker-0"                          [_thread_blocked, id=10620, stack(0x000000038e000000,0x000000038e100000) (1024K)]
  0x000001db10f7c440 JavaThread "Worker-1: Initialize Workspace"        [_thread_in_vm, id=13192, stack(0x000000038e100000,0x000000038e200000) (1024K)]
  0x000001db10f7d160 JavaThread "Worker-2"                          [_thread_blocked, id=10064, stack(0x000000038e400000,0x000000038e500000) (1024K)]
  0x000001db10f7b090 JavaThread "Java indexing"              daemon [_thread_blocked, id=8380, stack(0x000000038e500000,0x000000038e600000) (1024K)]
  0x000001db10f7d7f0 JavaThread "Worker-3"                          [_thread_blocked, id=9428, stack(0x000000038e600000,0x000000038e700000) (1024K)]
  0x000001db10f80c70 JavaThread "Worker-4"                          [_thread_blocked, id=6684, stack(0x000000038e700000,0x000000038e800000) (1024K)]
  0x000001db10f7de80 JavaThread "Thread-1"                   daemon [_thread_in_native, id=8604, stack(0x000000038e800000,0x000000038e900000) (1024K)]
  0x000001db10f7e510 JavaThread "Thread-2"                   daemon [_thread_in_native, id=10080, stack(0x000000038e900000,0x000000038ea00000) (1024K)]
  0x000001db10f805e0 JavaThread "Thread-3"                   daemon [_thread_in_native, id=14200, stack(0x000000038ea00000,0x000000038eb00000) (1024K)]
  0x000001db10f7eba0 JavaThread "Thread-4"                   daemon [_thread_in_native, id=13484, stack(0x000000038eb00000,0x000000038ec00000) (1024K)]
  0x000001db10f82020 JavaThread "Thread-5"                   daemon [_thread_in_native, id=11468, stack(0x000000038ec00000,0x000000038ed00000) (1024K)]
  0x000001db10f7f230 JavaThread "Thread-6"                   daemon [_thread_in_native, id=804, stack(0x000000038ed00000,0x000000038ee00000) (1024K)]
  0x000001db10f81300 JavaThread "Thread-7"                   daemon [_thread_in_native, id=988, stack(0x000000038ee00000,0x000000038ef00000) (1024K)]
  0x000001db10f7ff50 JavaThread "Thread-8"                   daemon [_thread_in_native, id=2500, stack(0x000000038ef00000,0x000000038f000000) (1024K)]
  0x000001db10f81990 JavaThread "Thread-9"                   daemon [_thread_in_native, id=12000, stack(0x000000038f000000,0x000000038f100000) (1024K)]
  0x000001db10f826b0 JavaThread "pool-2-thread-1"                   [_thread_blocked, id=9456, stack(0x000000038f100000,0x000000038f200000) (1024K)]
  0x000001db13109be0 JavaThread "WorkspaceEventsHandler"            [_thread_blocked, id=1660, stack(0x000000038f200000,0x000000038f300000) (1024K)]
  0x000001db13107480 JavaThread "pool-1-thread-1"                   [_thread_blocked, id=7808, stack(0x000000038f300000,0x000000038f400000) (1024K)]
  0x000001db1310c340 JavaThread "ForkJoinPool.commonPool-worker-1" daemon [_thread_blocked, id=11004, stack(0x000000038f400000,0x000000038f500000) (1024K)]
  0x000001db131081a0 JavaThread "ForkJoinPool.commonPool-worker-2" daemon [_thread_blocked, id=12296, stack(0x000000038f500000,0x000000038f600000) (1024K)]
  0x000001db1310d060 JavaThread "ForkJoinPool.commonPool-worker-3" daemon [_thread_blocked, id=12748, stack(0x000000038f600000,0x000000038f700000) (1024K)]
  0x000001db1310b620 JavaThread "ForkJoinPool.commonPool-worker-4" daemon [_thread_blocked, id=616, stack(0x000000038f700000,0x000000038f800000) (1024K)]
  0x000001db13106df0 JavaThread "ForkJoinPool.commonPool-worker-5" daemon [_thread_blocked, id=2832, stack(0x000000038f800000,0x000000038f900000) (1024K)]
  0x000001db1310bcb0 JavaThread "ForkJoinPool.commonPool-worker-6" daemon [_thread_blocked, id=1900, stack(0x000000038f900000,0x000000038fa00000) (1024K)]
  0x000001db13108ec0 JavaThread "ForkJoinPool.commonPool-worker-7" daemon [_thread_blocked, id=1640, stack(0x000000038fa00000,0x000000038fb00000) (1024K)]
=>0x000001db12f50760 JavaThread "C2 CompilerThread1"         daemon [_thread_in_native, id=14468, stack(0x000000038e200000,0x000000038e300000) (1024K)]
  0x000001db12f4de80 JavaThread "C2 CompilerThread2"         daemon [_thread_blocked, id=12628, stack(0x000000038e300000,0x000000038e400000) (1024K)]
Total: 46

Other Threads:
  0x000001dab2291d90 VMThread "VM Thread"                           [id=3724, stack(0x000000038c600000,0x000000038c700000) (1024K)]
  0x000001dab21cbc60 WatcherThread "VM Periodic Task Thread"        [id=8588, stack(0x000000038c500000,0x000000038c600000) (1024K)]
  0x000001dab23560c0 WorkerThread "GC Thread#0"                     [id=10656, stack(0x000000038c400000,0x000000038c500000) (1024K)]
  0x000001db103b8f30 WorkerThread "GC Thread#1"                     [id=15124, stack(0x000000038d300000,0x000000038d400000) (1024K)]
  0x000001db109260f0 WorkerThread "GC Thread#2"                     [id=10412, stack(0x000000038d400000,0x000000038d500000) (1024K)]
  0x000001db103b92e0 WorkerThread "GC Thread#3"                     [id=6180, stack(0x000000038d500000,0x000000038d600000) (1024K)]
  0x000001db104cc0a0 WorkerThread "GC Thread#4"                     [id=11156, stack(0x000000038d600000,0x000000038d700000) (1024K)]
  0x000001db104cc450 WorkerThread "GC Thread#5"                     [id=2088, stack(0x000000038d700000,0x000000038d800000) (1024K)]
  0x000001db10499290 WorkerThread "GC Thread#6"                     [id=8052, stack(0x000000038d800000,0x000000038d900000) (1024K)]
  0x000001db108351b0 WorkerThread "GC Thread#7"                     [id=12888, stack(0x000000038da00000,0x000000038db00000) (1024K)]
Total: 10

Threads with active compile tasks:
C2 CompilerThread1  14000 6330   !   4       org.eclipse.osgi.internal.loader.classpath.ClasspathManager::defineClass (636 bytes)
Total: 1

VM state: not at safepoint (normal execution)

VM Mutex/Monitor currently owned by a thread:  ([mutex/lock_event])
[0x00007ffb9978c4e0] Metaspace_lock - owner thread: 0x000001db10f7c440

Heap address: 0x0000000080000000, size: 2048 MB, Compressed Oops mode: 32-bit

CDS archive(s) mapped at: [0x000001dac9000000-0x000001dac9ba0000-0x000001dac9ba0000), size 12189696, SharedBaseAddress: 0x000001dac9000000, ArchiveRelocationMode: 1.
Compressed class space mapped at: 0x000001daca000000-0x000001db0a000000, reserved size: 1073741824
Narrow klass base: 0x000001dac9000000, Narrow klass shift: 0, Narrow klass range: 0x100000000

GC Precious Log:
 CardTable entry size: 512
 CPUs: 8 total, 8 available
 Memory: 8099M
 Large Page Support: Disabled
 NUMA Support: Disabled
 Compressed Oops: Enabled (32-bit)
 Alignments: Space 512K, Generation 512K, Heap 2M
 Heap Min Capacity: 100M
 Heap Initial Capacity: 100M
 Heap Max Capacity: 2G
 Pre-touch: Disabled
 Parallel Workers: 8

Heap:
 PSYoungGen      total 14336K, used 7416K [0x00000000d5580000, 0x00000000d6980000, 0x0000000100000000)
  eden space 12800K, 54% used [0x00000000d5580000,0x00000000d5c4e0e8,0x00000000d6200000)
  from space 1536K, 29% used [0x00000000d6700000,0x00000000d6770000,0x00000000d6880000)
  to   space 1024K, 0% used [0x00000000d6880000,0x00000000d6880000,0x00000000d6980000)
 ParOldGen       total 68608K, used 33968K [0x0000000080000000, 0x0000000084300000, 0x00000000d5580000)
  object space 68608K, 49% used [0x0000000080000000,0x000000008212c398,0x0000000084300000)
 Metaspace       used 46941K, committed 48064K, reserved 1114112K
  class space    used 5128K, committed 5632K, reserved 1048576K

Card table byte_map: [0x000001dab1ce0000,0x000001dab20f0000] _byte_map_base: 0x000001dab18e0000

Marking Bits: (ParMarkBitMap*) 0x00007ffb99793450
 Begin Bits: [0x000001dac47f0000, 0x000001dac67f0000)
 End Bits:   [0x000001dac67f0000, 0x000001dac87f0000)

Polling page: 0x000001dab0170000

Metaspace:

Usage:
  Non-class:     40.83 MB used.
      Class:      5.01 MB used.
       Both:     45.84 MB used.

Virtual space:
  Non-class space:       64.00 MB reserved,      41.44 MB ( 65%) committed,  1 nodes.
      Class space:        1.00 GB reserved,       5.50 MB ( <1%) committed,  1 nodes.
             Both:        1.06 GB reserved,      46.94 MB (  4%) committed. 

Chunk freelists:
   Non-Class:  6.55 MB
       Class:  10.38 MB
        Both:  16.92 MB

MaxMetaspaceSize: unlimited
CompressedClassSpaceSize: 1.00 GB
Initial GC threshold: 21.00 MB
Current GC threshold: 58.38 MB
CDS: on
 - commit_granule_bytes: 65536.
 - commit_granule_words: 8192.
 - virtual_space_node_default_size: 8388608.
 - enlarge_chunks_in_place: 1.
 - use_allocation_guard: 0.


Internal statistics:

num_allocs_failed_limit: 6.
num_arena_births: 976.
num_arena_deaths: 14.
num_vsnodes_births: 2.
num_vsnodes_deaths: 0.
num_space_committed: 751.
num_space_uncommitted: 0.
num_chunks_returned_to_freelist: 20.
num_chunks_taken_from_freelist: 3111.
num_chunk_merges: 12.
num_chunk_splits: 1912.
num_chunks_enlarged: 1087.
num_inconsistent_stats: 0.

CodeHeap 'non-profiled nmethods': size=120000Kb used=3100Kb max_used=3100Kb free=116899Kb
 bounds [0x000001dabd010000, 0x000001dabd320000, 0x000001dac4540000]
CodeHeap 'profiled nmethods': size=120000Kb used=12658Kb max_used=12658Kb free=107342Kb
 bounds [0x000001dab5540000, 0x000001dab61a0000, 0x000001dabca70000]
CodeHeap 'non-nmethods': size=5760Kb used=1367Kb max_used=1426Kb free=4393Kb
 bounds [0x000001dabca70000, 0x000001dabcce0000, 0x000001dabd010000]
CodeCache: size=245760Kb, used=17125Kb, max_used=17184Kb, free=228634Kb
 total_blobs=6684, nmethods=6019, adapters=571, full_count=0
Compilation: enabled, stopped_count=0, restarted_count=0

Compilation events (20 events):
Event: 13.907 Thread 0x000001db12f4de80 nmethod 6579 0x000001dabd315f90 code [0x000001dabd316120, 0x000001dabd316228]
Event: 13.908 Thread 0x000001dab22bd7d0 nmethod 6578 0x000001dab6196f90 code [0x000001dab61972e0, 0x000001dab6198760]
Event: 13.910 Thread 0x000001dab22bd7d0 6582       3       org.eclipse.core.internal.watson.ElementTreeIterator::doIteration (114 bytes)
Event: 13.911 Thread 0x000001dab22bd7d0 nmethod 6582 0x000001dab6198f10 code [0x000001dab6199120, 0x000001dab6199970]
Event: 13.911 Thread 0x000001dab22bd7d0 6583       1       org.eclipse.core.internal.dtree.AbstractDataTreeNode::getChildren (5 bytes)
Event: 13.911 Thread 0x000001dab22bd7d0 nmethod 6583 0x000001dabd316a10 code [0x000001dabd316ba0, 0x000001dabd316c68]
Event: 13.912 Thread 0x000001dab22bd7d0 6584       3       org.eclipse.core.internal.resources.ResourceInfo::getMarkers (31 bytes)
Event: 13.912 Thread 0x000001dab22bd7d0 nmethod 6584 0x000001dab6199c10 code [0x000001dab6199e20, 0x000001dab619a4d0]
Event: 13.913 Thread 0x000001dab22bd7d0 6585       3       org.eclipse.core.internal.resources.Resource::exists (24 bytes)
Event: 13.914 Thread 0x000001dab22bd7d0 nmethod 6585 0x000001dab619a710 code [0x000001dab619a8e0, 0x000001dab619ac38]
Event: 13.942 Thread 0x000001dab22bd7d0 6586       3       org.eclipse.core.internal.jobs.InternalJob::getState (60 bytes)
Event: 13.943 Thread 0x000001dab22bd7d0 nmethod 6586 0x000001dab619ad90 code [0x000001dab619af40, 0x000001dab619b168]
Event: 13.945 Thread 0x000001dab22bd7d0 6587       3       java.nio.MappedByteBuffer::position (6 bytes)
Event: 13.945 Thread 0x000001dab22bd7d0 nmethod 6587 0x000001dab619b210 code [0x000001dab619b3c0, 0x000001dab619b5d0]
Event: 13.949 Thread 0x000001dab22bc0d0 6588       4       java.lang.ref.ReferenceQueue::poll0 (65 bytes)
Event: 13.950 Thread 0x000001dab22bd7d0 6589       3       sun.security.provider.HashDrbg::addBytes (130 bytes)
Event: 13.950 Thread 0x000001dab22bd7d0 nmethod 6589 0x000001dab619b710 code [0x000001dab619b8e0, 0x000001dab619bc68]
Event: 13.950 Thread 0x000001dab22bd7d0 6590       3       java.util.concurrent.locks.ReentrantReadWriteLock::readLock (5 bytes)
Event: 13.951 Thread 0x000001dab22bd7d0 nmethod 6590 0x000001dab619be90 code [0x000001dab619c020, 0x000001dab619c1c8]
Event: 13.951 Thread 0x000001dab22bc0d0 nmethod 6588 0x000001dabd316d10 code [0x000001dabd316ea0, 0x000001dabd316fc8]

GC Heap History (20 events):
Event: 7.276 GC heap before
{Heap before GC invocations=14 (full 1):
 PSYoungGen      total 23552K, used 17552K [0x00000000d5580000, 0x00000000d7080000, 0x0000000100000000)
  eden space 22016K, 74% used [0x00000000d5580000,0x00000000d6581530,0x00000000d6b00000)
  from space 1536K, 75% used [0x00000000d6f00000,0x00000000d7022be8,0x00000000d7080000)
  to   space 1536K, 0% used [0x00000000d6d80000,0x00000000d6d80000,0x00000000d6f00000)
 ParOldGen       total 68608K, used 17708K [0x0000000080000000, 0x0000000084300000, 0x00000000d5580000)
  object space 68608K, 25% used [0x0000000080000000,0x000000008114b2d0,0x0000000084300000)
 Metaspace       used 34761K, committed 35840K, reserved 1114112K
  class space    used 3626K, committed 4096K, reserved 1048576K
}
Event: 7.285 GC heap after
{Heap after GC invocations=14 (full 1):
 PSYoungGen      total 23552K, used 1280K [0x00000000d5580000, 0x00000000d6f80000, 0x0000000100000000)
  eden space 22016K, 0% used [0x00000000d5580000,0x00000000d5580000,0x00000000d6b00000)
  from space 1536K, 83% used [0x00000000d6d80000,0x00000000d6ec0360,0x00000000d6f00000)
  to   space 512K, 0% used [0x00000000d6f00000,0x00000000d6f00000,0x00000000d6f80000)
 ParOldGen       total 68608K, used 18604K [0x0000000080000000, 0x0000000084300000, 0x00000000d5580000)
  object space 68608K, 27% used [0x0000000080000000,0x000000008122b280,0x0000000084300000)
 Metaspace       used 34761K, committed 35840K, reserved 1114112K
  class space    used 3626K, committed 4096K, reserved 1048576K
}
Event: 7.285 GC heap before
{Heap before GC invocations=15 (full 2):
 PSYoungGen      total 23552K, used 1280K [0x00000000d5580000, 0x00000000d6f80000, 0x0000000100000000)
  eden space 22016K, 0% used [0x00000000d5580000,0x00000000d5580000,0x00000000d6b00000)
  from space 1536K, 83% used [0x00000000d6d80000,0x00000000d6ec0360,0x00000000d6f00000)
  to   space 512K, 0% used [0x00000000d6f00000,0x00000000d6f00000,0x00000000d6f80000)
 ParOldGen       total 68608K, used 18604K [0x0000000080000000, 0x0000000084300000, 0x00000000d5580000)
  object space 68608K, 27% used [0x0000000080000000,0x000000008122b280,0x0000000084300000)
 Metaspace       used 34761K, committed 35840K, reserved 1114112K
  class space    used 3626K, committed 4096K, reserved 1048576K
}
Event: 7.333 GC heap after
{Heap after GC invocations=15 (full 2):
 PSYoungGen      total 23552K, used 0K [0x00000000d5580000, 0x00000000d6f80000, 0x0000000100000000)
  eden space 22016K, 0% used [0x00000000d5580000,0x00000000d5580000,0x00000000d6b00000)
  from space 1536K, 0% used [0x00000000d6d80000,0x00000000d6d80000,0x00000000d6f00000)
  to   space 512K, 0% used [0x00000000d6f00000,0x00000000d6f00000,0x00000000d6f80000)
 ParOldGen       total 68608K, used 18918K [0x0000000080000000, 0x0000000084300000, 0x00000000d5580000)
  object space 68608K, 27% used [0x0000000080000000,0x0000000081279b78,0x0000000084300000)
 Metaspace       used 34761K, committed 35840K, reserved 1114112K
  class space    used 3626K, committed 4096K, reserved 1048576K
}
Event: 7.604 GC heap before
{Heap before GC invocations=16 (full 2):
 PSYoungGen      total 23552K, used 22016K [0x00000000d5580000, 0x00000000d6f80000, 0x0000000100000000)
  eden space 22016K, 100% used [0x00000000d5580000,0x00000000d6b00000,0x00000000d6b00000)
  from space 1536K, 0% used [0x00000000d6d80000,0x00000000d6d80000,0x00000000d6f00000)
  to   space 512K, 0% used [0x00000000d6f00000,0x00000000d6f00000,0x00000000d6f80000)
 ParOldGen       total 68608K, used 18918K [0x0000000080000000, 0x0000000084300000, 0x00000000d5580000)
  object space 68608K, 27% used [0x0000000080000000,0x0000000081279b78,0x0000000084300000)
 Metaspace       used 36992K, committed 38144K, reserved 1114112K
  class space    used 3907K, committed 4416K, reserved 1048576K
}
Event: 7.609 GC heap after
{Heap after GC invocations=16 (full 2):
 PSYoungGen      total 22528K, used 496K [0x00000000d5580000, 0x00000000d6f80000, 0x0000000100000000)
  eden space 22016K, 0% used [0x00000000d5580000,0x00000000d5580000,0x00000000d6b00000)
  from space 512K, 96% used [0x00000000d6f00000,0x00000000d6f7c010,0x00000000d6f80000)
  to   space 2048K, 0% used [0x00000000d6b80000,0x00000000d6b80000,0x00000000d6d80000)
 ParOldGen       total 68608K, used 20318K [0x0000000080000000, 0x0000000084300000, 0x00000000d5580000)
  object space 68608K, 29% used [0x0000000080000000,0x00000000813d7b78,0x0000000084300000)
 Metaspace       used 36992K, committed 38144K, reserved 1114112K
  class space    used 3907K, committed 4416K, reserved 1048576K
}
Event: 7.906 GC heap before
{Heap before GC invocations=17 (full 2):
 PSYoungGen      total 22528K, used 22512K [0x00000000d5580000, 0x00000000d6f80000, 0x0000000100000000)
  eden space 22016K, 100% used [0x00000000d5580000,0x00000000d6b00000,0x00000000d6b00000)
  from space 512K, 96% used [0x00000000d6f00000,0x00000000d6f7c010,0x00000000d6f80000)
  to   space 2048K, 0% used [0x00000000d6b80000,0x00000000d6b80000,0x00000000d6d80000)
 ParOldGen       total 68608K, used 20321K [0x0000000080000000, 0x0000000084300000, 0x00000000d5580000)
  object space 68608K, 29% used [0x0000000080000000,0x00000000813d8678,0x0000000084300000)
 Metaspace       used 39289K, committed 40448K, reserved 1114112K
  class space    used 4182K, committed 4672K, reserved 1048576K
}
Event: 7.910 GC heap after
{Heap after GC invocations=17 (full 2):
 PSYoungGen      total 24064K, used 1421K [0x00000000d5580000, 0x00000000d6f80000, 0x0000000100000000)
  eden space 22016K, 0% used [0x00000000d5580000,0x00000000d5580000,0x00000000d6b00000)
  from space 2048K, 69% used [0x00000000d6b80000,0x00000000d6ce3540,0x00000000d6d80000)
  to   space 2048K, 0% used [0x00000000d6d80000,0x00000000d6d80000,0x00000000d6f80000)
 ParOldGen       total 68608K, used 20801K [0x0000000080000000, 0x0000000084300000, 0x00000000d5580000)
  object space 68608K, 30% used [0x0000000080000000,0x0000000081450698,0x0000000084300000)
 Metaspace       used 39289K, committed 40448K, reserved 1114112K
  class space    used 4182K, committed 4672K, reserved 1048576K
}
Event: 8.261 GC heap before
{Heap before GC invocations=18 (full 2):
 PSYoungGen      total 24064K, used 23437K [0x00000000d5580000, 0x00000000d6f80000, 0x0000000100000000)
  eden space 22016K, 100% used [0x00000000d5580000,0x00000000d6b00000,0x00000000d6b00000)
  from space 2048K, 69% used [0x00000000d6b80000,0x00000000d6ce3540,0x00000000d6d80000)
  to   space 2048K, 0% used [0x00000000d6d80000,0x00000000d6d80000,0x00000000d6f80000)
 ParOldGen       total 68608K, used 20801K [0x0000000080000000, 0x0000000084300000, 0x00000000d5580000)
  object space 68608K, 30% used [0x0000000080000000,0x0000000081450698,0x0000000084300000)
 Metaspace       used 40520K, committed 41728K, reserved 1114112K
  class space    used 4330K, committed 4864K, reserved 1048576K
}
Event: 8.267 GC heap after
{Heap after GC invocations=18 (full 2):
 PSYoungGen      total 14848K, used 2026K [0x00000000d5580000, 0x00000000d8200000, 0x0000000100000000)
  eden space 12800K, 0% used [0x00000000d5580000,0x00000000d5580000,0x00000000d6200000)
  from space 2048K, 98% used [0x00000000d6d80000,0x00000000d6f7a890,0x00000000d6f80000)
  to   space 11776K, 0% used [0x00000000d6200000,0x00000000d6200000,0x00000000d6d80000)
 ParOldGen       total 68608K, used 28696K [0x0000000080000000, 0x0000000084300000, 0x00000000d5580000)
  object space 68608K, 41% used [0x0000000080000000,0x0000000081c06008,0x0000000084300000)
 Metaspace       used 40520K, committed 41728K, reserved 1114112K
  class space    used 4330K, committed 4864K, reserved 1048576K
}
Event: 8.647 GC heap before
{Heap before GC invocations=19 (full 2):
 PSYoungGen      total 14848K, used 14826K [0x00000000d5580000, 0x00000000d8200000, 0x0000000100000000)
  eden space 12800K, 100% used [0x00000000d5580000,0x00000000d6200000,0x00000000d6200000)
  from space 2048K, 98% used [0x00000000d6d80000,0x00000000d6f7a890,0x00000000d6f80000)
  to   space 11776K, 0% used [0x00000000d6200000,0x00000000d6200000,0x00000000d6d80000)
 ParOldGen       total 68608K, used 28696K [0x0000000080000000, 0x0000000084300000, 0x00000000d5580000)
  object space 68608K, 41% used [0x0000000080000000,0x0000000081c06008,0x0000000084300000)
 Metaspace       used 41794K, committed 43008K, reserved 1114112K
  class space    used 4487K, committed 5056K, reserved 1048576K
}
Event: 8.651 GC heap after
{Heap after GC invocations=19 (full 2):
 PSYoungGen      total 14336K, used 1216K [0x00000000d5580000, 0x00000000d6e00000, 0x0000000100000000)
  eden space 12800K, 0% used [0x00000000d5580000,0x00000000d5580000,0x00000000d6200000)
  from space 1536K, 79% used [0x00000000d6200000,0x00000000d6330000,0x00000000d6380000)
  to   space 4608K, 0% used [0x00000000d6980000,0x00000000d6980000,0x00000000d6e00000)
 ParOldGen       total 68608K, used 30478K [0x0000000080000000, 0x0000000084300000, 0x00000000d5580000)
  object space 68608K, 44% used [0x0000000080000000,0x0000000081dc3ba0,0x0000000084300000)
 Metaspace       used 41794K, committed 43008K, reserved 1114112K
  class space    used 4487K, committed 5056K, reserved 1048576K
}
Event: 9.143 GC heap before
{Heap before GC invocations=20 (full 2):
 PSYoungGen      total 14336K, used 14016K [0x00000000d5580000, 0x00000000d6e00000, 0x0000000100000000)
  eden space 12800K, 100% used [0x00000000d5580000,0x00000000d6200000,0x00000000d6200000)
  from space 1536K, 79% used [0x00000000d6200000,0x00000000d6330000,0x00000000d6380000)
  to   space 4608K, 0% used [0x00000000d6980000,0x00000000d6980000,0x00000000d6e00000)
 ParOldGen       total 68608K, used 30478K [0x0000000080000000, 0x0000000084300000, 0x00000000d5580000)
  object space 68608K, 44% used [0x0000000080000000,0x0000000081dc3ba0,0x0000000084300000)
 Metaspace       used 43306K, committed 44544K, reserved 1114112K
  class space    used 4698K, committed 5248K, reserved 1048576K
}
Event: 9.147 GC heap after
{Heap after GC invocations=20 (full 2):
 PSYoungGen      total 13824K, used 992K [0x00000000d5580000, 0x00000000d6a80000, 0x0000000100000000)
  eden space 12800K, 0% used [0x00000000d5580000,0x00000000d5580000,0x00000000d6200000)
  from space 1024K, 96% used [0x00000000d6980000,0x00000000d6a78000,0x00000000d6a80000)
  to   space 2048K, 0% used [0x00000000d6680000,0x00000000d6680000,0x00000000d6880000)
 ParOldGen       total 68608K, used 31549K [0x0000000080000000, 0x0000000084300000, 0x00000000d5580000)
  object space 68608K, 45% used [0x0000000080000000,0x0000000081ecf638,0x0000000084300000)
 Metaspace       used 43306K, committed 44544K, reserved 1114112K
  class space    used 4698K, committed 5248K, reserved 1048576K
}
Event: 12.862 GC heap before
{Heap before GC invocations=21 (full 2):
 PSYoungGen      total 13824K, used 13777K [0x00000000d5580000, 0x00000000d6a80000, 0x0000000100000000)
  eden space 12800K, 99% used [0x00000000d5580000,0x00000000d61fc400,0x00000000d6200000)
  from space 1024K, 96% used [0x00000000d6980000,0x00000000d6a78000,0x00000000d6a80000)
  to   space 2048K, 0% used [0x00000000d6680000,0x00000000d6680000,0x00000000d6880000)
 ParOldGen       total 68608K, used 31549K [0x0000000080000000, 0x0000000084300000, 0x00000000d5580000)
  object space 68608K, 45% used [0x0000000080000000,0x0000000081ecf638,0x0000000084300000)
 Metaspace       used 44846K, committed 46080K, reserved 1114112K
  class space    used 4889K, committed 5440K, reserved 1048576K
}
Event: 12.865 GC heap after
{Heap after GC invocations=21 (full 2):
 PSYoungGen      total 14848K, used 896K [0x00000000d5580000, 0x00000000d6a00000, 0x0000000100000000)
  eden space 12800K, 0% used [0x00000000d5580000,0x00000000d5580000,0x00000000d6200000)
  from space 2048K, 43% used [0x00000000d6680000,0x00000000d6760000,0x00000000d6880000)
  to   space 1024K, 0% used [0x00000000d6900000,0x00000000d6900000,0x00000000d6a00000)
 ParOldGen       total 68608K, used 32369K [0x0000000080000000, 0x0000000084300000, 0x00000000d5580000)
  object space 68608K, 47% used [0x0000000080000000,0x0000000081f9c668,0x0000000084300000)
 Metaspace       used 44846K, committed 46080K, reserved 1114112K
  class space    used 4889K, committed 5440K, reserved 1048576K
}
Event: 13.506 GC heap before
{Heap before GC invocations=22 (full 2):
 PSYoungGen      total 14848K, used 13682K [0x00000000d5580000, 0x00000000d6a00000, 0x0000000100000000)
  eden space 12800K, 99% used [0x00000000d5580000,0x00000000d61fc818,0x00000000d6200000)
  from space 2048K, 43% used [0x00000000d6680000,0x00000000d6760000,0x00000000d6880000)
  to   space 1024K, 0% used [0x00000000d6900000,0x00000000d6900000,0x00000000d6a00000)
 ParOldGen       total 68608K, used 32369K [0x0000000080000000, 0x0000000084300000, 0x00000000d5580000)
  object space 68608K, 47% used [0x0000000080000000,0x0000000081f9c668,0x0000000084300000)
 Metaspace       used 46241K, committed 47552K, reserved 1114112K
  class space    used 5062K, committed 5632K, reserved 1048576K
}
Event: 13.509 GC heap after
{Heap after GC invocations=22 (full 2):
 PSYoungGen      total 13824K, used 1008K [0x00000000d5580000, 0x00000000d6a00000, 0x0000000100000000)
  eden space 12800K, 0% used [0x00000000d5580000,0x00000000d5580000,0x00000000d6200000)
  from space 1024K, 98% used [0x00000000d6900000,0x00000000d69fc010,0x00000000d6a00000)
  to   space 1536K, 0% used [0x00000000d6700000,0x00000000d6700000,0x00000000d6880000)
 ParOldGen       total 68608K, used 33102K [0x0000000080000000, 0x0000000084300000, 0x00000000d5580000)
  object space 68608K, 48% used [0x0000000080000000,0x0000000082053ba0,0x0000000084300000)
 Metaspace       used 46241K, committed 47552K, reserved 1114112K
  class space    used 5062K, committed 5632K, reserved 1048576K
}
Event: 13.707 GC heap before
{Heap before GC invocations=23 (full 2):
 PSYoungGen      total 13824K, used 13808K [0x00000000d5580000, 0x00000000d6a00000, 0x0000000100000000)
  eden space 12800K, 100% used [0x00000000d5580000,0x00000000d6200000,0x00000000d6200000)
  from space 1024K, 98% used [0x00000000d6900000,0x00000000d69fc010,0x00000000d6a00000)
  to   space 1536K, 0% used [0x00000000d6700000,0x00000000d6700000,0x00000000d6880000)
 ParOldGen       total 68608K, used 33102K [0x0000000080000000, 0x0000000084300000, 0x00000000d5580000)
  object space 68608K, 48% used [0x0000000080000000,0x0000000082053ba0,0x0000000084300000)
 Metaspace       used 46605K, committed 47872K, reserved 1114112K
  class space    used 5093K, committed 5632K, reserved 1048576K
}
Event: 13.709 GC heap after
{Heap after GC invocations=23 (full 2):
 PSYoungGen      total 14336K, used 448K [0x00000000d5580000, 0x00000000d6980000, 0x0000000100000000)
  eden space 12800K, 0% used [0x00000000d5580000,0x00000000d5580000,0x00000000d6200000)
  from space 1536K, 29% used [0x00000000d6700000,0x00000000d6770000,0x00000000d6880000)
  to   space 1024K, 0% used [0x00000000d6880000,0x00000000d6880000,0x00000000d6980000)
 ParOldGen       total 68608K, used 33968K [0x0000000080000000, 0x0000000084300000, 0x00000000d5580000)
  object space 68608K, 49% used [0x0000000080000000,0x000000008212c398,0x0000000084300000)
 Metaspace       used 46605K, committed 47872K, reserved 1114112K
  class space    used 5093K, committed 5632K, reserved 1048576K
}

Dll operation events (10 events):
Event: 0.008 Loaded shared library c:\Users\nhan\.vscode\extensions\redhat.java-1.53.0-win32-x64\jre\21.0.10-win32-x86_64\bin\java.dll
Event: 0.098 Loaded shared library c:\Users\nhan\.vscode\extensions\redhat.java-1.53.0-win32-x64\jre\21.0.10-win32-x86_64\bin\zip.dll
Event: 0.126 Loaded shared library C:\Users\nhan\.vscode\extensions\redhat.java-1.53.0-win32-x64\jre\21.0.10-win32-x86_64\bin\instrument.dll
Event: 0.131 Loaded shared library C:\Users\nhan\.vscode\extensions\redhat.java-1.53.0-win32-x64\jre\21.0.10-win32-x86_64\bin\net.dll
Event: 0.133 Loaded shared library C:\Users\nhan\.vscode\extensions\redhat.java-1.53.0-win32-x64\jre\21.0.10-win32-x86_64\bin\nio.dll
Event: 0.136 Loaded shared library C:\Users\nhan\.vscode\extensions\redhat.java-1.53.0-win32-x64\jre\21.0.10-win32-x86_64\bin\zip.dll
Event: 0.157 Loaded shared library C:\Users\nhan\.vscode\extensions\redhat.java-1.53.0-win32-x64\jre\21.0.10-win32-x86_64\bin\jimage.dll
Event: 0.263 Loaded shared library c:\Users\nhan\.vscode\extensions\redhat.java-1.53.0-win32-x64\jre\21.0.10-win32-x86_64\bin\verify.dll
Event: 1.690 Loaded shared library C:\Users\nhan\AppData\Roaming\Code\User\globalStorage\redhat.java\1.53.0\config_win\org.eclipse.equinox.launcher\org.eclipse.equinox.launcher.win32.win32.x86_64_1.3.0.v20260203-2149\eclipse_11919.dll
Event: 3.622 Loaded shared library C:\Users\nhan\AppData\Local\Temp\jna-3380071\jna17091533483315459155.dll

Deoptimization events (20 events):
Event: 13.520 Thread 0x000001db10f7c440 Uncommon trap: trap_request=0xffffff45 fr.pc=0x000001dabd0206d8 relative=0x00000000000003d8
Event: 13.520 Thread 0x000001db10f7c440 Uncommon trap: reason=unstable_if action=reinterpret pc=0x000001dabd0206d8 method=java.lang.StringConcatHelper.simpleConcat(Ljava/lang/Object;Ljava/lang/Object;)Ljava/lang/String; @ 30 c2
Event: 13.520 Thread 0x000001db10f7c440 DEOPT PACKING pc=0x000001dabd0206d8 sp=0x000000038e1fe510
Event: 13.520 Thread 0x000001db10f7c440 DEOPT UNPACKING pc=0x000001dabcac3aa2 sp=0x000000038e1fe4c8 mode 2
Event: 13.560 Thread 0x000001db10f7c440 DEOPT PACKING pc=0x000001dab587e346 sp=0x000000038e1feaf0
Event: 13.560 Thread 0x000001db10f7c440 DEOPT UNPACKING pc=0x000001dabcac4242 sp=0x000000038e1fe070 mode 0
Event: 13.672 Thread 0x000001db10f7c440 Uncommon trap: trap_request=0xffffff45 fr.pc=0x000001dabd2330c4 relative=0x0000000000000a64
Event: 13.672 Thread 0x000001db10f7c440 Uncommon trap: reason=unstable_if action=reinterpret pc=0x000001dabd2330c4 method=org.codehaus.plexus.util.xml.pull.MXParser.nextImpl()I @ 241 c2
Event: 13.672 Thread 0x000001db10f7c440 DEOPT PACKING pc=0x000001dabd2330c4 sp=0x000000038e1fe1e0
Event: 13.672 Thread 0x000001db10f7c440 DEOPT UNPACKING pc=0x000001dabcac3aa2 sp=0x000000038e1fe150 mode 2
Event: 13.701 Thread 0x000001db10f7c440 DEOPT PACKING pc=0x000001dab55d25b2 sp=0x000000038e1fdfd0
Event: 13.701 Thread 0x000001db10f7c440 DEOPT UNPACKING pc=0x000001dabcac4242 sp=0x000000038e1fd500 mode 0
Event: 13.722 Thread 0x000001db10f7c440 Uncommon trap: trap_request=0xffffff45 fr.pc=0x000001dabd2b6588 relative=0x00000000000001c8
Event: 13.722 Thread 0x000001db10f7c440 Uncommon trap: reason=unstable_if action=reinterpret pc=0x000001dabd2b6588 method=org.objectweb.asm.MethodWriter.visitInsn(I)V @ 24 c2
Event: 13.722 Thread 0x000001db10f7c440 DEOPT PACKING pc=0x000001dabd2b6588 sp=0x000000038e1fe0f0
Event: 13.722 Thread 0x000001db10f7c440 DEOPT UNPACKING pc=0x000001dabcac3aa2 sp=0x000000038e1fe0a8 mode 2
Event: 13.909 Thread 0x000001db10f7c440 Uncommon trap: trap_request=0xffffff45 fr.pc=0x000001dabd2f8db8 relative=0x0000000000000ed8
Event: 13.909 Thread 0x000001db10f7c440 Uncommon trap: reason=unstable_if action=reinterpret pc=0x000001dabd2f8db8 method=sun.nio.fs.WindowsPathParser.normalize(Ljava/lang/StringBuilder;Ljava/lang/String;I)Ljava/lang/String; @ 100 c2
Event: 13.909 Thread 0x000001db10f7c440 DEOPT PACKING pc=0x000001dabd2f8db8 sp=0x000000038e1fed70
Event: 13.909 Thread 0x000001db10f7c440 DEOPT UNPACKING pc=0x000001dabcac3aa2 sp=0x000000038e1fed70 mode 2

Classes loaded (20 events):
Event: 13.542 Loading class java/nio/file/FileTreeWalker$DirectoryNode
Event: 13.542 Loading class java/nio/file/FileTreeWalker$DirectoryNode done
Event: 13.542 Loading class java/nio/file/FileTreeWalker$Event
Event: 13.542 Loading class java/nio/file/FileTreeWalker$Event done
Event: 13.542 Loading class java/nio/file/FileTreeWalker$EventType
Event: 13.543 Loading class java/nio/file/FileTreeWalker$EventType done
Event: 13.543 Loading class java/nio/file/Files$3
Event: 13.543 Loading class java/nio/file/Files$3 done
Event: 13.543 Loading class sun/nio/fs/Globs
Event: 13.543 Loading class sun/nio/fs/Globs done
Event: 13.543 Loading class java/util/regex/Pattern$SliceU
Event: 13.544 Loading class java/util/regex/Pattern$SliceU done
Event: 13.544 Loading class sun/nio/fs/WindowsFileSystem$2
Event: 13.544 Loading class java/nio/file/PathMatcher
Event: 13.544 Loading class java/nio/file/PathMatcher done
Event: 13.544 Loading class sun/nio/fs/WindowsFileSystem$2 done
Event: 13.545 Loading class java/nio/file/FileVisitResult
Event: 13.545 Loading class java/nio/file/FileVisitResult done
Event: 13.901 Loading class java/util/regex/PatternSyntaxException
Event: 13.902 Loading class java/util/regex/PatternSyntaxException done

Classes unloaded (7 events):
Event: 4.682 Thread 0x000001dab2291d90 Unloading class 0x000001daca1af400 'java/lang/invoke/LambdaForm$MH+0x000001daca1af400'
Event: 4.682 Thread 0x000001dab2291d90 Unloading class 0x000001daca1af000 'java/lang/invoke/LambdaForm$MH+0x000001daca1af000'
Event: 4.682 Thread 0x000001dab2291d90 Unloading class 0x000001daca1aec00 'java/lang/invoke/LambdaForm$MH+0x000001daca1aec00'
Event: 4.682 Thread 0x000001dab2291d90 Unloading class 0x000001daca1ae800 'java/lang/invoke/LambdaForm$MH+0x000001daca1ae800'
Event: 4.682 Thread 0x000001dab2291d90 Unloading class 0x000001daca1ae400 'java/lang/invoke/LambdaForm$BMH+0x000001daca1ae400'
Event: 4.682 Thread 0x000001dab2291d90 Unloading class 0x000001daca1ae000 'java/lang/invoke/LambdaForm$DMH+0x000001daca1ae000'
Event: 4.682 Thread 0x000001dab2291d90 Unloading class 0x000001daca1acc00 'java/lang/invoke/LambdaForm$DMH+0x000001daca1acc00'

Classes redefined (0 events):
No events

Internal exceptions (20 events):
Event: 13.583 Thread 0x000001db10f7c440 Exception <a 'sun/nio/fs/WindowsException'{0x00000000d5734d68}> (0x00000000d5734d68) 
thrown [s\src\hotspot\share\prims\jni.cpp, line 520]
Event: 13.583 Thread 0x000001db10f7c440 Exception <a 'sun/nio/fs/WindowsException'{0x00000000d5735368}> (0x00000000d5735368) 
thrown [s\src\hotspot\share\prims\jni.cpp, line 520]
Event: 13.583 Thread 0x000001db10f7c440 Exception <a 'sun/nio/fs/WindowsException'{0x00000000d5735968}> (0x00000000d5735968) 
thrown [s\src\hotspot\share\prims\jni.cpp, line 520]
Event: 13.583 Thread 0x000001db10f7c440 Exception <a 'sun/nio/fs/WindowsException'{0x00000000d5735f88}> (0x00000000d5735f88) 
thrown [s\src\hotspot\share\prims\jni.cpp, line 520]
Event: 13.585 Thread 0x000001db10f7c440 Exception <a 'sun/nio/fs/WindowsException'{0x00000000d5739740}> (0x00000000d5739740) 
thrown [s\src\hotspot\share\prims\jni.cpp, line 520]
Event: 13.585 Thread 0x000001db10f7c440 Exception <a 'sun/nio/fs/WindowsException'{0x00000000d5739d60}> (0x00000000d5739d60) 
thrown [s\src\hotspot\share\prims\jni.cpp, line 520]
Event: 13.585 Thread 0x000001db10f7c440 Exception <a 'sun/nio/fs/WindowsException'{0x00000000d573a380}> (0x00000000d573a380) 
thrown [s\src\hotspot\share\prims\jni.cpp, line 520]
Event: 13.585 Thread 0x000001db10f7c440 Exception <a 'sun/nio/fs/WindowsException'{0x00000000d573a9b8}> (0x00000000d573a9b8) 
thrown [s\src\hotspot\share\prims\jni.cpp, line 520]
Event: 13.586 Thread 0x000001db10f7c440 Exception <a 'sun/nio/fs/WindowsException'{0x00000000d573e6f0}> (0x00000000d573e6f0) 
thrown [s\src\hotspot\share\prims\jni.cpp, line 520]
Event: 13.587 Thread 0x000001db10f7c440 Exception <a 'sun/nio/fs/WindowsException'{0x00000000d573ec88}> (0x00000000d573ec88) 
thrown [s\src\hotspot\share\prims\jni.cpp, line 520]
Event: 13.587 Thread 0x000001db10f7c440 Exception <a 'sun/nio/fs/WindowsException'{0x00000000d573f220}> (0x00000000d573f220) 
thrown [s\src\hotspot\share\prims\jni.cpp, line 520]
Event: 13.587 Thread 0x000001db10f7c440 Exception <a 'sun/nio/fs/WindowsException'{0x00000000d573f7d8}> (0x00000000d573f7d8) 
thrown [s\src\hotspot\share\prims\jni.cpp, line 520]
Event: 13.588 Thread 0x000001db10f7c440 Exception <a 'sun/nio/fs/WindowsException'{0x00000000d5742eb8}> (0x00000000d5742eb8) 
thrown [s\src\hotspot\share\prims\jni.cpp, line 520]
Event: 13.588 Thread 0x000001db10f7c440 Exception <a 'sun/nio/fs/WindowsException'{0x00000000d5743468}> (0x00000000d5743468) 
thrown [s\src\hotspot\share\prims\jni.cpp, line 520]
Event: 13.589 Thread 0x000001db10f7c440 Exception <a 'sun/nio/fs/WindowsException'{0x00000000d5743a18}> (0x00000000d5743a18) 
thrown [s\src\hotspot\share\prims\jni.cpp, line 520]
Event: 13.589 Thread 0x000001db10f7c440 Exception <a 'sun/nio/fs/WindowsException'{0x00000000d5743fe8}> (0x00000000d5743fe8) 
thrown [s\src\hotspot\share\prims\jni.cpp, line 520]
Event: 13.591 Thread 0x000001db10f7c440 Exception <a 'sun/nio/fs/WindowsException'{0x00000000d5749e70}> (0x00000000d5749e70) 
thrown [s\src\hotspot\share\prims\jni.cpp, line 520]
Event: 13.592 Thread 0x000001db10f7c440 Exception <a 'sun/nio/fs/WindowsException'{0x00000000d574cb58}> (0x00000000d574cb58) 
thrown [s\src\hotspot\share\prims\jni.cpp, line 520]
Event: 13.907 Thread 0x000001db10f7c440 Exception <a 'sun/nio/fs/WindowsException'{0x00000000d5be9e30}> (0x00000000d5be9e30) 
thrown [s\src\hotspot\share\prims\jni.cpp, line 520]
Event: 13.907 Thread 0x000001db10f7c440 Exception <a 'sun/nio/fs/WindowsException'{0x00000000d5becde8}> (0x00000000d5becde8) 
thrown [s\src\hotspot\share\prims\jni.cpp, line 520]

ZGC Phase Switch (0 events):
No events

VM Operations (20 events):
Event: 8.260 Executing safepoint VM operation: ParallelGCFailedAllocation (Allocation Failure)
Event: 8.267 Executing safepoint VM operation: ParallelGCFailedAllocation (Allocation Failure) done
Event: 8.647 Executing safepoint VM operation: ParallelGCFailedAllocation (Allocation Failure)
Event: 8.651 Executing safepoint VM operation: ParallelGCFailedAllocation (Allocation Failure) done
Event: 8.816 Executing non-safepoint VM operation: HandshakeAllThreads (Deoptimize)
Event: 8.816 Executing non-safepoint VM operation: HandshakeAllThreads (Deoptimize) done
Event: 9.143 Executing safepoint VM operation: ParallelGCFailedAllocation (Allocation Failure)
Event: 9.147 Executing safepoint VM operation: ParallelGCFailedAllocation (Allocation Failure) done
Event: 10.151 Executing safepoint VM operation: Cleanup
Event: 10.151 Executing safepoint VM operation: Cleanup done
Event: 12.862 Executing safepoint VM operation: ParallelGCFailedAllocation (Allocation Failure)
Event: 12.865 Executing safepoint VM operation: ParallelGCFailedAllocation (Allocation Failure) done
Event: 12.975 Executing non-safepoint VM operation: HandshakeAllThreads (Deoptimize)
Event: 12.975 Executing non-safepoint VM operation: HandshakeAllThreads (Deoptimize) done
Event: 13.506 Executing safepoint VM operation: ParallelGCFailedAllocation (Allocation Failure)
Event: 13.509 Executing safepoint VM operation: ParallelGCFailedAllocation (Allocation Failure) done
Event: 13.707 Executing safepoint VM operation: ParallelGCFailedAllocation (Allocation Failure)
Event: 13.709 Executing safepoint VM operation: ParallelGCFailedAllocation (Allocation Failure) done
Event: 13.898 Executing non-safepoint VM operation: HandshakeAllThreads (Deoptimize)
Event: 13.898 Executing non-safepoint VM operation: HandshakeAllThreads (Deoptimize) done

Memory protections (0 events):
No events

Nmethod flushes (20 events):
Event: 7.309 Thread 0x000001dab2291d90 flushing  nmethod 0x000001dab5b7f710
Event: 7.309 Thread 0x000001dab2291d90 flushing  nmethod 0x000001dab5b80910
Event: 7.309 Thread 0x000001dab2291d90 flushing  nmethod 0x000001dab5b81590
Event: 7.309 Thread 0x000001dab2291d90 flushing  nmethod 0x000001dab5b81d10
Event: 7.309 Thread 0x000001dab2291d90 flushing  nmethod 0x000001dab5b83290
Event: 7.309 Thread 0x000001dab2291d90 flushing  nmethod 0x000001dab5b83f90
Event: 7.309 Thread 0x000001dab2291d90 flushing  nmethod 0x000001dab5b86090
Event: 7.309 Thread 0x000001dab2291d90 flushing  nmethod 0x000001dab5b86d10
Event: 7.309 Thread 0x000001dab2291d90 flushing  nmethod 0x000001dab5b87210
Event: 7.309 Thread 0x000001dab2291d90 flushing  nmethod 0x000001dab5b88810
Event: 7.309 Thread 0x000001dab2291d90 flushing  nmethod 0x000001dab5bbf890
Event: 7.309 Thread 0x000001dab2291d90 flushing  nmethod 0x000001dab5bc4210
Event: 7.309 Thread 0x000001dab2291d90 flushing  nmethod 0x000001dab5bda710
Event: 7.309 Thread 0x000001dab2291d90 flushing  nmethod 0x000001dab5bdaa90
Event: 7.309 Thread 0x000001dab2291d90 flushing  nmethod 0x000001dab5c25e10
Event: 7.309 Thread 0x000001dab2291d90 flushing  nmethod 0x000001dab5c27b10
Event: 7.309 Thread 0x000001dab2291d90 flushing  nmethod 0x000001dab5c42910
Event: 7.309 Thread 0x000001dab2291d90 flushing  nmethod 0x000001dab5c97110
Event: 7.309 Thread 0x000001dab2291d90 flushing  nmethod 0x000001dab5c97590
Event: 7.309 Thread 0x000001dab2291d90 flushing  nmethod 0x000001dab5cb2a10

Events (20 events):
Event: 7.446 Thread 0x000001dab2336240 Thread added: 0x000001db10f7eba0
Event: 7.447 Thread 0x000001dab2336240 Thread added: 0x000001db10f82020
Event: 7.447 Thread 0x000001dab2336240 Thread added: 0x000001db10f7f230
Event: 7.447 Thread 0x000001dab2336240 Thread added: 0x000001db10f81300
Event: 7.447 Thread 0x000001dab2336240 Thread added: 0x000001db10f7ff50
Event: 7.447 Thread 0x000001dab2336240 Thread added: 0x000001db10f81990
Event: 7.511 Thread 0x000001dab2336240 Thread added: 0x000001db10f826b0
Event: 7.829 Thread 0x000001dab2336240 Thread added: 0x000001db13109be0
Event: 7.832 Thread 0x000001dab2336240 Thread added: 0x000001db13107480
Event: 8.200 Thread 0x000001db10f7d160 Thread added: 0x000001db1310c340
Event: 8.200 Thread 0x000001db10f7d160 Thread added: 0x000001db131081a0
Event: 8.203 Thread 0x000001db131081a0 Thread added: 0x000001db1310d060
Event: 8.209 Thread 0x000001db1310c340 Thread added: 0x000001db1310b620
Event: 8.216 Thread 0x000001db1310b620 Thread added: 0x000001db13106df0
Event: 8.217 Thread 0x000001db1310d060 Thread added: 0x000001db1310bcb0
Event: 8.228 Thread 0x000001db1310bcb0 Thread added: 0x000001db13108ec0
Event: 12.844 Thread 0x000001db11d37d60 Thread exited: 0x000001db11d37d60
Event: 12.844 Thread 0x000001db115dc750 Thread exited: 0x000001db115dc750
Event: 12.953 Thread 0x000001dab22bd7d0 Thread added: 0x000001db12f50760
Event: 13.627 Thread 0x000001dab22bd7d0 Thread added: 0x000001db12f4de80


Dynamic libraries:
0x00007ff6c7b90000 - 0x00007ff6c7b9e000 	c:\Users\nhan\.vscode\extensions\redhat.java-1.53.0-win32-x64\jre\21.0.10-win32-x86_64\bin\java.exe
0x00007ffbebb70000 - 0x00007ffbebd68000 	C:\Windows\SYSTEM32\ntdll.dll
0x00007ffbe9bf0000 - 0x00007ffbe9cb2000 	C:\Windows\System32\KERNEL32.DLL
0x00007ffbe9200000 - 0x00007ffbe94f6000 	C:\Windows\System32\KERNELBASE.dll
0x00007ffbe9620000 - 0x00007ffbe9720000 	C:\Windows\System32\ucrtbase.dll
0x00007ffbe1d20000 - 0x00007ffbe1d3e000 	c:\Users\nhan\.vscode\extensions\redhat.java-1.53.0-win32-x64\jre\21.0.10-win32-x86_64\bin\VCRUNTIME140.dll
0x00007ffbe55d0000 - 0x00007ffbe55e8000 	c:\Users\nhan\.vscode\extensions\redhat.java-1.53.0-win32-x64\jre\21.0.10-win32-x86_64\bin\jli.dll
0x00007ffbea970000 - 0x00007ffbeab11000 	C:\Windows\System32\USER32.dll
0x00007ffbd7940000 - 0x00007ffbd7bdb000 	C:\Windows\WinSxS\amd64_microsoft.windows.common-controls_6595b64144ccf1df_6.0.19041.6456_none_60b8a6cb71f64256\COMCTL32.dll
0x00007ffbe97d0000 - 0x00007ffbe97f2000 	C:\Windows\System32\win32u.dll
0x00007ffbea610000 - 0x00007ffbea6ae000 	C:\Windows\System32\msvcrt.dll
0x00007ffbea6d0000 - 0x00007ffbea6fb000 	C:\Windows\System32\GDI32.dll
0x00007ffbe9800000 - 0x00007ffbe9919000 	C:\Windows\System32\gdi32full.dll
0x00007ffbe9500000 - 0x00007ffbe959d000 	C:\Windows\System32\msvcp_win.dll
0x00007ffbeadb0000 - 0x00007ffbeaddf000 	C:\Windows\System32\IMM32.DLL
0x00007ffbe60b0000 - 0x00007ffbe60bc000 	c:\Users\nhan\.vscode\extensions\redhat.java-1.53.0-win32-x64\jre\21.0.10-win32-x86_64\bin\vcruntime140_1.dll
0x00007ffbc2610000 - 0x00007ffbc269d000 	c:\Users\nhan\.vscode\extensions\redhat.java-1.53.0-win32-x64\jre\21.0.10-win32-x86_64\bin\msvcp140.dll
0x00007ffb98ad0000 - 0x00007ffb99871000 	c:\Users\nhan\.vscode\extensions\redhat.java-1.53.0-win32-x64\jre\21.0.10-win32-x86_64\bin\server\jvm.dll
0x00007ffbea550000 - 0x00007ffbea601000 	C:\Windows\System32\ADVAPI32.dll
0x00007ffbea840000 - 0x00007ffbea8df000 	C:\Windows\System32\sechost.dll
0x00007ffbeb880000 - 0x00007ffbeb9a0000 	C:\Windows\System32\RPCRT4.dll
0x00007ffbe9b10000 - 0x00007ffbe9b37000 	C:\Windows\System32\bcrypt.dll
0x00007ffbeb9a0000 - 0x00007ffbeba0b000 	C:\Windows\System32\WS2_32.dll
0x00007ffbe8740000 - 0x00007ffbe878b000 	C:\Windows\SYSTEM32\POWRPROF.dll
0x00007ffbda550000 - 0x00007ffbda577000 	C:\Windows\SYSTEM32\WINMM.dll
0x00007ffbe1990000 - 0x00007ffbe199a000 	C:\Windows\SYSTEM32\VERSION.dll
0x00007ffbe8600000 - 0x00007ffbe8612000 	C:\Windows\SYSTEM32\UMPDC.dll
0x00007ffbe7070000 - 0x00007ffbe7082000 	C:\Windows\SYSTEM32\kernel.appcore.dll
0x00007ffbe5c70000 - 0x00007ffbe5c7a000 	c:\Users\nhan\.vscode\extensions\redhat.java-1.53.0-win32-x64\jre\21.0.10-win32-x86_64\bin\jimage.dll
0x00007ffbd9140000 - 0x00007ffbd9341000 	C:\Windows\SYSTEM32\DBGHELP.DLL
0x00007ffbd6120000 - 0x00007ffbd6154000 	C:\Windows\SYSTEM32\dbgcore.DLL
0x00007ffbe9920000 - 0x00007ffbe99a2000 	C:\Windows\System32\bcryptPrimitives.dll
0x00007ffbe45d0000 - 0x00007ffbe45df000 	c:\Users\nhan\.vscode\extensions\redhat.java-1.53.0-win32-x64\jre\21.0.10-win32-x86_64\bin\instrument.dll
0x00007ffbcf1b0000 - 0x00007ffbcf1d0000 	c:\Users\nhan\.vscode\extensions\redhat.java-1.53.0-win32-x64\jre\21.0.10-win32-x86_64\bin\java.dll
0x00007ffbe9d30000 - 0x00007ffbea4a0000 	C:\Windows\System32\SHELL32.dll
0x00007ffbe7270000 - 0x00007ffbe7a15000 	C:\Windows\SYSTEM32\windows.storage.dll
0x00007ffbeb460000 - 0x00007ffbeb7b4000 	C:\Windows\System32\combase.dll
0x00007ffbe8c30000 - 0x00007ffbe8c5b000 	C:\Windows\SYSTEM32\Wldp.dll
0x00007ffbea700000 - 0x00007ffbea7cd000 	C:\Windows\System32\OLEAUT32.dll
0x00007ffbeb7c0000 - 0x00007ffbeb86d000 	C:\Windows\System32\SHCORE.dll
0x00007ffbe9cd0000 - 0x00007ffbe9d2b000 	C:\Windows\System32\shlwapi.dll
0x00007ffbe9130000 - 0x00007ffbe9154000 	C:\Windows\SYSTEM32\profapi.dll
0x00007ffbcec40000 - 0x00007ffbcec58000 	c:\Users\nhan\.vscode\extensions\redhat.java-1.53.0-win32-x64\jre\21.0.10-win32-x86_64\bin\zip.dll
0x00007ffbe2890000 - 0x00007ffbe28a0000 	C:\Users\nhan\.vscode\extensions\redhat.java-1.53.0-win32-x64\jre\21.0.10-win32-x86_64\bin\net.dll
0x00007ffbe4b50000 - 0x00007ffbe4c5a000 	C:\Windows\SYSTEM32\WINHTTP.dll
0x00007ffbe8990000 - 0x00007ffbe89fa000 	C:\Windows\system32\mswsock.dll
0x00007ffbcec20000 - 0x00007ffbcec36000 	C:\Users\nhan\.vscode\extensions\redhat.java-1.53.0-win32-x64\jre\21.0.10-win32-x86_64\bin\nio.dll
0x00007ffbdb150000 - 0x00007ffbdb160000 	c:\Users\nhan\.vscode\extensions\redhat.java-1.53.0-win32-x64\jre\21.0.10-win32-x86_64\bin\verify.dll
0x00007ffbc36f0000 - 0x00007ffbc3735000 	C:\Users\nhan\AppData\Roaming\Code\User\globalStorage\redhat.java\1.53.0\config_win\org.eclipse.equinox.launcher\org.eclipse.equinox.launcher.win32.win32.x86_64_1.3.0.v20260203-2149\eclipse_11919.dll
0x00007ffbeaec0000 - 0x00007ffbeafeb000 	C:\Windows\System32\ole32.dll
0x00007ffbe8b90000 - 0x00007ffbe8ba8000 	C:\Windows\SYSTEM32\CRYPTSP.dll
0x00007ffbe8240000 - 0x00007ffbe8278000 	C:\Windows\system32\rsaenh.dll
0x00007ffbe90f0000 - 0x00007ffbe911e000 	C:\Windows\SYSTEM32\USERENV.dll
0x00007ffbe8b80000 - 0x00007ffbe8b8c000 	C:\Windows\SYSTEM32\CRYPTBASE.dll
0x00007ffbe8620000 - 0x00007ffbe865b000 	C:\Windows\SYSTEM32\IPHLPAPI.DLL
0x00007ffbeb870000 - 0x00007ffbeb878000 	C:\Windows\System32\NSI.dll
0x00007ffbc2480000 - 0x00007ffbc24c9000 	C:\Users\nhan\AppData\Local\Temp\jna-3380071\jna17091533483315459155.dll
0x00007ffbe9cc0000 - 0x00007ffbe9cc8000 	C:\Windows\System32\PSAPI.DLL
0x00007ffbe2310000 - 0x00007ffbe2327000 	C:\Windows\SYSTEM32\dhcpcsvc6.DLL
0x00007ffbe2740000 - 0x00007ffbe275d000 	C:\Windows\SYSTEM32\dhcpcsvc.DLL

JVMTI agents:
c:\Users\nhan\.vscode\extensions\redhat.java-1.53.0-win32-x64\lombok\lombok-1.18.39-4050.jar path:c:\Users\nhan\.vscode\extensions\redhat.java-1.53.0-win32-x64\jre\21.0.10-win32-x86_64\bin\instrument.dll, loaded, initialized, instrumentlib options:none

dbghelp: loaded successfully - version: 4.0.5 - missing functions: none
symbol engine: initialized successfully - sym options: 0x614 - pdb path: .;c:\Users\nhan\.vscode\extensions\redhat.java-1.53.0-win32-x64\jre\21.0.10-win32-x86_64\bin;C:\Windows\SYSTEM32;C:\Windows\WinSxS\amd64_microsoft.windows.common-controls_6595b64144ccf1df_6.0.19041.6456_none_60b8a6cb71f64256;c:\Users\nhan\.vscode\extensions\redhat.java-1.53.0-win32-x64\jre\21.0.10-win32-x86_64\bin\server;C:\Users\nhan\AppData\Roaming\Code\User\globalStorage\redhat.java\1.53.0\config_win\org.eclipse.equinox.launcher\org.eclipse.equinox.launcher.win32.win32.x86_64_1.3.0.v20260203-2149;C:\Users\nhan\AppData\Local\Temp\jna-3380071

VM Arguments:
jvm_args: --add-modules=ALL-SYSTEM --add-opens=java.base/java.util=ALL-UNNAMED --add-opens=java.base/java.lang=ALL-UNNAMED --add-opens=java.base/sun.nio.fs=ALL-UNNAMED -Declipse.application=org.eclipse.jdt.ls.core.id1 -Dosgi.bundles.defaultStartLevel=4 -Declipse.product=org.eclipse.jdt.ls.core.product -Djava.import.generatesMetadataFilesAtProjectRoot=false -DDetectVMInstallationsJob.disabled=true -Dfile.encoding=utf8 -XX:+UseParallelGC -XX:GCTimeRatio=4 -XX:AdaptiveSizePolicyWeight=90 -Dsun.zip.disableMemoryMapping=true -Xmx2G -Xms100m -Xlog:disable -javaagent:c:\Users\nhan\.vscode\extensions\redhat.java-1.53.0-win32-x64\lombok\lombok-1.18.39-4050.jar -XX:+HeapDumpOnOutOfMemoryError -XX:HeapDumpPath=c:\Users\nhan\AppData\Roaming\Code\User\workspaceStorage\6e3287a5150c70a5341db523c4422ae0\redhat.java -Daether.dependencyCollector.impl=bf 
java_command: c:\Users\nhan\.vscode\extensions\redhat.java-1.53.0-win32-x64\server\plugins\org.eclipse.equinox.launcher_1.7.100.v20251111-0406.jar -configuration c:\Users\nhan\AppData\Roaming\Code\User\globalStorage\redhat.java\1.53.0\config_win -data c:\Users\nhan\AppData\Roaming\Code\User\workspaceStorage\6e3287a5150c70a5341db523c4422ae0\redhat.java\jdt_ws --pipe=\\.\pipe\lsp-56d7b240f39f75c1777d5848ab6d0dfb-sock
java_class_path (initial): c:\Users\nhan\.vscode\extensions\redhat.java-1.53.0-win32-x64\server\plugins\org.eclipse.equinox.launcher_1.7.100.v20251111-0406.jar
Launcher Type: SUN_STANDARD

[Global flags]
    uintx AdaptiveSizePolicyWeight                 = 90                                        {product} {command line}
     intx CICompilerCount                          = 4                                         {product} {ergonomic}
    uintx GCTimeRatio                              = 4                                         {product} {command line}
     bool HeapDumpOnOutOfMemoryError               = true                                   {manageable} {command line}
    ccstr HeapDumpPath                             = c:\Users\nhan\AppData\Roaming\Code\User\workspaceStorage\6e3287a5150c70a5341db523c4422ae0\redhat.java         {manageable} {command line}
   size_t InitialHeapSize                          = 104857600                                 {product} {command line}
   size_t MaxHeapSize                              = 2147483648                                {product} {command line}
   size_t MaxNewSize                               = 715653120                                 {product} {ergonomic}
   size_t MinHeapDeltaBytes                        = 524288                                    {product} {ergonomic}
   size_t MinHeapSize                              = 104857600                                 {product} {command line}
   size_t NewSize                                  = 34603008                                  {product} {ergonomic}
    uintx NonNMethodCodeHeapSize                   = 5839372                                {pd product} {ergonomic}
    uintx NonProfiledCodeHeapSize                  = 122909434                              {pd product} {ergonomic}
   size_t OldSize                                  = 70254592                                  {product} {ergonomic}
    uintx ProfiledCodeHeapSize                     = 122909434                              {pd product} {ergonomic}
    uintx ReservedCodeCacheSize                    = 251658240                              {pd product} {ergonomic}
     bool SegmentedCodeCache                       = true                                      {product} {ergonomic}
   size_t SoftMaxHeapSize                          = 2147483648                             {manageable} {ergonomic}
     bool UseCompressedOops                        = true                           {product lp64_product} {ergonomic}
     bool UseLargePagesIndividualAllocation        = false                                  {pd product} {ergonomic}
     bool UseParallelGC                            = true                                      {product} {command line}

Logging:
Log output configuration:
 #0: stdout all=off uptime,level,tags foldmultilines=false
 #1: stderr all=off uptime,level,tags foldmultilines=false

Release file:
JAVA_VERSION="21.0.10" 
MODULES="java.base java.compiler java.datatransfer java.xml java.prefs java.desktop java.instrument java.logging java.management java.security.sasl java.naming java.rmi java.management.rmi java.net.http java.scripting java.security.jgss java.transaction.xa java.sql java.sql.rowset java.xml.crypto java.se java.smartcardio jdk.accessibility jdk.internal.jvmstat jdk.attach jdk.charsets jdk.internal.opt jdk.zipfs jdk.compiler jdk.crypto.ec jdk.crypto.cryptoki jdk.crypto.mscapi jdk.dynalink jdk.internal.ed jdk.editpad jdk.hotspot.agent jdk.httpserver jdk.internal.le jdk.internal.vm.ci jdk.internal.vm.compiler jdk.internal.vm.compiler.management jdk.jartool jdk.javadoc jdk.jcmd jdk.management jdk.management.agent jdk.jconsole jdk.jdeps jdk.jdwp.agent jdk.jdi jdk.jfr jdk.jshell jdk.jsobject jdk.jstatd jdk.localedata jdk.management.jfr jdk.naming.dns jdk.naming.rmi jdk.net jdk.nio.mapmode jdk.random jdk.sctp jdk.security.auth jdk.security.jgss jdk.unsupported jdk.unsupported.desktop jdk.xml.dom" 

Environment Variables:
JAVA_HOME=D:\Nghia\jdk-17.0.12
PATH=C:\Users\nhan\AppData\Local\Programs\Microsoft VS Code;D:\Nghia\Scripts\;D:\Nghia\;C:\Program Files\Microsoft MPI\Bin\;C:\Windows\system32;C:\Windows;C:\Windows\System32\Wbem;C:\Windows\System32\WindowsPowerShell\v1.0\;C:\Windows\System32\OpenSSH\;C:\Program Files\NVIDIA Corporation\NVIDIA NvDLISR;C:\Program Files (x86)\NVIDIA Corporation\PhysX\Common;C:\Program Files (x86)\Microsoft SQL Server\160\Tools\Binn\;C:\Program Files\Microsoft SQL Server\160\Tools\Binn\;C:\Program Files\Microsoft SQL Server\Client SDK\ODBC\170\Tools\Binn\;C:\Program Files\Microsoft SQL Server\160\DTS\Binn\;C:\Program Files\dotnet\;C:\Program Files (x86)\Microsoft SQL Server\160\DTS\Binn\;C:\Program Files\Microsoft SQL Server\150\Tools\Binn\;C:\Program Files\Git\cmd;C:\Program Files\MySQL\MySQL Shell 8.0\bin\;C:\Users\nhan\AppData\Local\Microsoft\WindowsApps;C:\Users\nhan\AppData\Local\Programs\Microsoft VS Code\bin;C:\Program Files\heroku\bin;C:\Program Files\JetBrains\PyCharm Community Edition 2024.2.0.1\bin;;C:\Program Files\JetBrains\IntelliJ IDEA Community Edition 2024.2.0.2\bin;;C:\Users\nhan\.dotnet\tools;C:\Program Files\dotnet\sdk\8.0.401;D:\Nghia\jdk-17.0.12\bin
USERNAME=nhan
OS=Windows_NT
PROCESSOR_IDENTIFIER=Intel64 Family 6 Model 60 Stepping 3, GenuineIntel
TMP=C:\Users\nhan\AppData\Local\Temp
TEMP=C:\Users\nhan\AppData\Local\Temp




Periodic native trim disabled

---------------  S Y S T E M  ---------------

OS:
 Windows 10 , 64 bit Build 19041 (10.0.19041.5915)
OS uptime: 0 days 2:36 hours

CPU: total 8 (initial active 8) (4 cores per cpu, 2 threads per core) family 6 model 60 stepping 3 microcode 0x27, cx8, cmov, fxsr, ht, mmx, sse, sse2, sse3, ssse3, sse4.1, sse4.2, popcnt, lzcnt, tsc, tscinvbit, avx, avx2, aes, erms, clmul, bmi1, bmi2, fma, vzeroupper, clflush, rdtscp, f16c
Processor Information for the first 8 processors :
  Max Mhz: 2501, Current Mhz: 2501, Mhz Limit: 2501

Memory: 4k page, system-wide physical 8099M (1993M free)
TotalPageFile size 8611M (AvailPageFile size 76M)
current process WorkingSet (physical memory assigned to process): 215M, peak: 225M
current process commit charge ("private bytes"): 325M, peak: 358M

vm_info: OpenJDK 64-Bit Server VM (21.0.10+7-LTS) for windows-amd64 JRE (21.0.10+7-LTS), built on 2026-01-20T00:00:00Z by "admin" with MS VC++ 17.12 (VS2022)

END.
