#
# There is insufficient memory for the Java Runtime Environment to continue.
# Native memory allocation (malloc) failed to allocate 1075024 bytes. Error detail: Chunk::new
# Possible reasons:
#   The system is out of physical RAM or swap space
#   This process is running with CompressedOops enabled, and the Java Heap may be blocking the growth of the native heap
# Possible solutions:
#   Reduce memory load on the system
#   Increase physical memory or swap space
#   Check if swap backing store is full
#   Decrease Java heap size (-Xmx/-Xms)
#   Decrease number of Java threads
#   Decrease Java thread stack sizes (-Xss)
#   Set larger code cache with -XX:ReservedCodeCacheSize=
#   JVM is running with Unscaled Compressed Oops mode in which the Java heap is
#     placed in the first 4GB address space. The Java Heap base address is the
#     maximum limit for the native heap growth. Please use -XX:HeapBaseMinAddress
#     to set the Java Heap base and to place the Java Heap above 4GB virtual address.
# This output file may be truncated or incomplete.
#
#  Out of Memory Error (arena.cpp:168), pid=13372, tid=15852
#
# JRE version: OpenJDK Runtime Environment Temurin-21.0.10+7 (21.0.10+7) (build 21.0.10+7-LTS)
# Java VM: OpenJDK 64-Bit Server VM Temurin-21.0.10+7 (21.0.10+7-LTS, mixed mode, sharing, tiered, compressed oops, compressed class ptrs, parallel gc, windows-amd64)
# No core dump will be written. Minidumps are not enabled by default on client versions of Windows
#

---------------  S U M M A R Y ------------

Command Line: --add-modules=ALL-SYSTEM --add-opens=java.base/java.util=ALL-UNNAMED --add-opens=java.base/java.lang=ALL-UNNAMED --add-opens=java.base/sun.nio.fs=ALL-UNNAMED -Declipse.application=org.eclipse.jdt.ls.core.id1 -Dosgi.bundles.defaultStartLevel=4 -Declipse.product=org.eclipse.jdt.ls.core.product -Djava.import.generatesMetadataFilesAtProjectRoot=false -DDetectVMInstallationsJob.disabled=true -Dfile.encoding=utf8 -XX:+UseParallelGC -XX:GCTimeRatio=4 -XX:AdaptiveSizePolicyWeight=90 -Dsun.zip.disableMemoryMapping=true -Xmx2G -Xms100m -Xlog:disable -javaagent:c:\Users\nhan\.vscode\extensions\redhat.java-1.53.0-win32-x64\lombok\lombok-1.18.39-4050.jar -XX:+HeapDumpOnOutOfMemoryError -XX:HeapDumpPath=c:\Users\nhan\AppData\Roaming\Code\User\workspaceStorage\6e3287a5150c70a5341db523c4422ae0\redhat.java -Daether.dependencyCollector.impl=bf c:\Users\nhan\.vscode\extensions\redhat.java-1.53.0-win32-x64\server\plugins\org.eclipse.equinox.launcher_1.7.100.v20251111-0406.jar -configuration c:\Users\nhan\AppData\Roaming\Code\User\globalStorage\redhat.java\1.53.0\config_win -data c:\Users\nhan\AppData\Roaming\Code\User\workspaceStorage\6e3287a5150c70a5341db523c4422ae0\redhat.java\jdt_ws --pipe=\\.\pipe\lsp-486c7185d0abae861d1b00d099028e77-sock

Host: Intel(R) Core(TM) i7-4710HQ CPU @ 2.50GHz, 8 cores, 7G,  Windows 10 , 64 bit Build 19041 (10.0.19041.5915)
Time: Mon Mar 16 08:47:38 2026 SE Asia Standard Time elapsed time: 14.003744 seconds (0d 0h 0m 14s)

---------------  T H R E A D  ---------------

Current thread (0x00000207e2247d00):  JavaThread "C2 CompilerThread0" daemon [_thread_in_native, id=15852, stack(0x000000e0a6600000,0x000000e0a6700000) (1024K)]


Current CompileTask:
C2:14003 6766       4       jdk.internal.org.objectweb.asm.SymbolTable::addConstantMemberReference (147 bytes)

Stack: [0x000000e0a6600000,0x000000e0a6700000]
Native frames: (J=compiled Java code, j=interpreted, Vv=VM code, C=native code)
V  [jvm.dll+0x6d7a39]
V  [jvm.dll+0x8b4b26]
V  [jvm.dll+0x8b70de]
V  [jvm.dll+0x8b77c3]
V  [jvm.dll+0x284346]
V  [jvm.dll+0xc66ed]
V  [jvm.dll+0xc6c31]
V  [jvm.dll+0x3bec3b]
V  [jvm.dll+0x38b162]
V  [jvm.dll+0x38a5aa]
V  [jvm.dll+0x24c560]
V  [jvm.dll+0x24bb40]
V  [jvm.dll+0x1cb34e]
V  [jvm.dll+0x25b85d]
V  [jvm.dll+0x259dea]
V  [jvm.dll+0x3f857e]
V  [jvm.dll+0x85f59d]
V  [jvm.dll+0x6d626d]
C  [ucrtbase.dll+0x21bb2]
C  [KERNEL32.DLL+0x17374]
C  [ntdll.dll+0x4cc91]


---------------  P R O C E S S  ---------------

Threads class SMR info:
_java_thread_list=0x00000207eaa47e50, length=45, elements={
0x00000207cb7c0900, 0x00000207e222e4a0, 0x00000207e222f840, 0x00000207e2234f80,
0x00000207e2235c80, 0x00000207e223e080, 0x00000207e223c640, 0x00000207e2247d00,
0x00000207e2248ff0, 0x00000207e223eda0, 0x00000207e223d360, 0x00000207e223ccd0,
0x00000207e223b920, 0x00000207e223d9f0, 0x00000207e223e710, 0x00000207e223bfb0,
0x00000207e8edaa80, 0x00000207e8eddf00, 0x00000207e8edd870, 0x00000207e8ee0660,
0x00000207e8edcb50, 0x00000207e890e240, 0x00000207e8ee0cf0, 0x00000207e8ede590,
0x00000207e8edd1e0, 0x00000207e8edec20, 0x00000207e8edb110, 0x00000207e8edf2b0,
0x00000207e8eda3f0, 0x00000207e8edf940, 0x00000207e8ed9d60, 0x00000207e8edffd0,
0x00000207e8ee1380, 0x00000207e8edb7a0, 0x00000207e8edbe30, 0x00000207e8edc4c0,
0x00000207eadb5cd0, 0x00000207eadb69f0, 0x00000207eadb4fb0, 0x00000207eadb6360,
0x00000207eadb2850, 0x00000207eadb4920, 0x00000207eadb0780, 0x00000207eadb0e10,
0x00000207eadb14a0
}

Java Threads: ( => current thread )
  0x00000207cb7c0900 JavaThread "main"                              [_thread_blocked, id=15996, stack(0x000000e0a5c00000,0x000000e0a5d00000) (1024K)]
  0x00000207e222e4a0 JavaThread "Reference Handler"          daemon [_thread_blocked, id=9516, stack(0x000000e0a6000000,0x000000e0a6100000) (1024K)]
  0x00000207e222f840 JavaThread "Finalizer"                  daemon [_thread_blocked, id=5592, stack(0x000000e0a6100000,0x000000e0a6200000) (1024K)]
  0x00000207e2234f80 JavaThread "Signal Dispatcher"          daemon [_thread_blocked, id=16064, stack(0x000000e0a6200000,0x000000e0a6300000) (1024K)]
  0x00000207e2235c80 JavaThread "Attach Listener"            daemon [_thread_blocked, id=15256, stack(0x000000e0a6300000,0x000000e0a6400000) (1024K)]
  0x00000207e223e080 JavaThread "Service Thread"             daemon [_thread_blocked, id=3128, stack(0x000000e0a6400000,0x000000e0a6500000) (1024K)]
  0x00000207e223c640 JavaThread "Monitor Deflation Thread"   daemon [_thread_blocked, id=2960, stack(0x000000e0a6500000,0x000000e0a6600000) (1024K)]
=>0x00000207e2247d00 JavaThread "C2 CompilerThread0"         daemon [_thread_in_native, id=15852, stack(0x000000e0a6600000,0x000000e0a6700000) (1024K)]
  0x00000207e2248ff0 JavaThread "C1 CompilerThread0"         daemon [_thread_in_native, id=16232, stack(0x000000e0a6700000,0x000000e0a6800000) (1024K)]
  0x00000207e223eda0 JavaThread "Common-Cleaner"             daemon [_thread_blocked, id=7608, stack(0x000000e0a6800000,0x000000e0a6900000) (1024K)]
  0x00000207e223d360 JavaThread "Notification Thread"        daemon [_thread_blocked, id=2944, stack(0x000000e0a6900000,0x000000e0a6a00000) (1024K)]
  0x00000207e223ccd0 JavaThread "Active Thread: Equinox Container: a98dc4f7-8c11-416e-b642-fdd9af6532b0"        [_thread_blocked, id=14960, stack(0x000000e0a7200000,0x000000e0a7300000) (1024K)]
  0x00000207e223b920 JavaThread "Refresh Thread: Equinox Container: a98dc4f7-8c11-416e-b642-fdd9af6532b0" daemon [_thread_blocked, id=13632, stack(0x000000e0a7400000,0x000000e0a7500000) (1024K)]
  0x00000207e223d9f0 JavaThread "Framework Event Dispatcher: Equinox Container: a98dc4f7-8c11-416e-b642-fdd9af6532b0" daemon [_thread_blocked, id=13804, stack(0x000000e0a7500000,0x000000e0a7600000) (1024K)]
  0x00000207e223e710 JavaThread "Start Level: Equinox Container: a98dc4f7-8c11-416e-b642-fdd9af6532b0" daemon [_thread_blocked, id=11456, stack(0x000000e0a7600000,0x000000e0a7700000) (1024K)]
  0x00000207e223bfb0 JavaThread "Bundle File Closer"         daemon [_thread_blocked, id=5648, stack(0x000000e0a7700000,0x000000e0a7800000) (1024K)]
  0x00000207e8edaa80 JavaThread "SCR Component Actor"        daemon [_thread_blocked, id=9668, stack(0x000000e0a7800000,0x000000e0a7900000) (1024K)]
  0x00000207e8eddf00 JavaThread "Worker-JM"                         [_thread_blocked, id=5764, stack(0x000000e0a6b00000,0x000000e0a6c00000) (1024K)]
  0x00000207e8edd870 JavaThread "JNA Cleaner"                daemon [_thread_blocked, id=16136, stack(0x000000e0a7900000,0x000000e0a7a00000) (1024K)]
  0x00000207e8ee0660 JavaThread "Worker-0"                          [_thread_blocked, id=1180, stack(0x000000e0a7a00000,0x000000e0a7b00000) (1024K)]
  0x00000207e8edcb50 JavaThread "Worker-1: Initialize workspace"        [_thread_blocked, id=12360, stack(0x000000e0a7b00000,0x000000e0a7c00000) (1024K)]
  0x00000207e890e240 JavaThread "C2 CompilerThread1"         daemon [_thread_in_native, id=8596, stack(0x000000e0a6a00000,0x000000e0a6b00000) (1024K)]
  0x00000207e8ee0cf0 JavaThread "Java indexing"              daemon [_thread_blocked, id=3808, stack(0x000000e0a7c00000,0x000000e0a7d00000) (1024K)]
  0x00000207e8ede590 JavaThread "Worker-2"                          [_thread_blocked, id=2584, stack(0x000000e0a7e00000,0x000000e0a7f00000) (1024K)]
  0x00000207e8edd1e0 JavaThread "Worker-3"                          [_thread_blocked, id=3016, stack(0x000000e0a7f00000,0x000000e0a8000000) (1024K)]
  0x00000207e8edec20 JavaThread "Worker-4"                          [_thread_blocked, id=15684, stack(0x000000e0a8000000,0x000000e0a8100000) (1024K)]
  0x00000207e8edb110 JavaThread "Thread-1"                   daemon [_thread_in_native, id=14456, stack(0x000000e0a8100000,0x000000e0a8200000) (1024K)]
  0x00000207e8edf2b0 JavaThread "Thread-2"                   daemon [_thread_in_native, id=8632, stack(0x000000e0a8200000,0x000000e0a8300000) (1024K)]
  0x00000207e8eda3f0 JavaThread "Thread-3"                   daemon [_thread_in_native, id=11768, stack(0x000000e0a8300000,0x000000e0a8400000) (1024K)]
  0x00000207e8edf940 JavaThread "Thread-4"                   daemon [_thread_in_native, id=10424, stack(0x000000e0a8400000,0x000000e0a8500000) (1024K)]
  0x00000207e8ed9d60 JavaThread "Thread-5"                   daemon [_thread_in_native, id=14940, stack(0x000000e0a8500000,0x000000e0a8600000) (1024K)]
  0x00000207e8edffd0 JavaThread "Thread-6"                   daemon [_thread_in_native, id=8612, stack(0x000000e0a8600000,0x000000e0a8700000) (1024K)]
  0x00000207e8ee1380 JavaThread "Thread-7"                   daemon [_thread_in_native, id=1380, stack(0x000000e0a8700000,0x000000e0a8800000) (1024K)]
  0x00000207e8edb7a0 JavaThread "Thread-8"                   daemon [_thread_in_native, id=1904, stack(0x000000e0a8800000,0x000000e0a8900000) (1024K)]
  0x00000207e8edbe30 JavaThread "Thread-9"                   daemon [_thread_in_native, id=1124, stack(0x000000e0a8900000,0x000000e0a8a00000) (1024K)]
  0x00000207e8edc4c0 JavaThread "pool-2-thread-1"                   [_thread_blocked, id=5968, stack(0x000000e0a8a00000,0x000000e0a8b00000) (1024K)]
  0x00000207eadb5cd0 JavaThread "WorkspaceEventsHandler"            [_thread_blocked, id=12000, stack(0x000000e0a8b00000,0x000000e0a8c00000) (1024K)]
  0x00000207eadb69f0 JavaThread "pool-1-thread-1"                   [_thread_in_Java, id=456, stack(0x000000e0a8c00000,0x000000e0a8d00000) (1024K)]
  0x00000207eadb4fb0 JavaThread "ForkJoinPool.commonPool-worker-1" daemon [_thread_blocked, id=15384, stack(0x000000e0a8d00000,0x000000e0a8e00000) (1024K)]
  0x00000207eadb6360 JavaThread "ForkJoinPool.commonPool-worker-2" daemon [_thread_blocked, id=15860, stack(0x000000e0a8e00000,0x000000e0a8f00000) (1024K)]
  0x00000207eadb2850 JavaThread "ForkJoinPool.commonPool-worker-3" daemon [_thread_blocked, id=12688, stack(0x000000e0a8f00000,0x000000e0a9000000) (1024K)]
  0x00000207eadb4920 JavaThread "ForkJoinPool.commonPool-worker-4" daemon [_thread_blocked, id=2344, stack(0x000000e0a9000000,0x000000e0a9100000) (1024K)]
  0x00000207eadb0780 JavaThread "ForkJoinPool.commonPool-worker-5" daemon [_thread_blocked, id=13468, stack(0x000000e0a9100000,0x000000e0a9200000) (1024K)]
  0x00000207eadb0e10 JavaThread "ForkJoinPool.commonPool-worker-6" daemon [_thread_blocked, id=8468, stack(0x000000e0a9200000,0x000000e0a9300000) (1024K)]
  0x00000207eadb14a0 JavaThread "ForkJoinPool.commonPool-worker-7" daemon [_thread_blocked, id=11124, stack(0x000000e0a9300000,0x000000e0a9400000) (1024K)]
Total: 45

Other Threads:
  0x00000207e2222510 VMThread "VM Thread"                           [id=14804, stack(0x000000e0a5f00000,0x000000e0a6000000) (1024K)]
  0x00000207cb82ad20 WatcherThread "VM Periodic Task Thread"        [id=8748, stack(0x000000e0a5e00000,0x000000e0a5f00000) (1024K)]
  0x00000207c9590af0 WorkerThread "GC Thread#0"                     [id=14892, stack(0x000000e0a5d00000,0x000000e0a5e00000) (1024K)]
  0x00000207e80fed80 WorkerThread "GC Thread#1"                     [id=9692, stack(0x000000e0a6c00000,0x000000e0a6d00000) (1024K)]
  0x00000207e80ff130 WorkerThread "GC Thread#2"                     [id=14580, stack(0x000000e0a6d00000,0x000000e0a6e00000) (1024K)]
  0x00000207e88522e0 WorkerThread "GC Thread#3"                     [id=2128, stack(0x000000e0a6e00000,0x000000e0a6f00000) (1024K)]
  0x00000207e8852690 WorkerThread "GC Thread#4"                     [id=13208, stack(0x000000e0a6f00000,0x000000e0a7000000) (1024K)]
  0x00000207e8852a40 WorkerThread "GC Thread#5"                     [id=11112, stack(0x000000e0a7000000,0x000000e0a7100000) (1024K)]
  0x00000207e8852df0 WorkerThread "GC Thread#6"                     [id=13100, stack(0x000000e0a7100000,0x000000e0a7200000) (1024K)]
  0x00000207e89b5c40 WorkerThread "GC Thread#7"                     [id=13328, stack(0x000000e0a7300000,0x000000e0a7400000) (1024K)]
Total: 10

Threads with active compile tasks:
C2 CompilerThread0  14044 6766       4       jdk.internal.org.objectweb.asm.SymbolTable::addConstantMemberReference (147 bytes)
C2 CompilerThread1  14044 6981   !   4       org.eclipse.osgi.internal.loader.BundleLoader::findLocalClass (159 bytes)
Total: 2

VM state: not at safepoint (normal execution)

VM Mutex/Monitor currently owned by a thread: None

Heap address: 0x0000000080000000, size: 2048 MB, Compressed Oops mode: 32-bit

CDS archive(s) mapped at: [0x0000020780000000-0x0000020780ba0000-0x0000020780ba0000), size 12189696, SharedBaseAddress: 0x0000020780000000, ArchiveRelocationMode: 1.
Compressed class space mapped at: 0x0000020781000000-0x00000207c1000000, reserved size: 1073741824
Narrow klass base: 0x0000020780000000, Narrow klass shift: 0, Narrow klass range: 0x100000000

GC Precious Log:
 CardTable entry size: 512
 CPUs: 8 total, 8 available
 Memory: 8099M
 Large Page Support: Disabled
 NUMA Support: Disabled
 Compressed Oops: Enabled (32-bit)
 Alignments: Space 512K, Generation 512K, Heap 2M
 Heap Min Capacity: 100M
 Heap Initial Capacity: 100M
 Heap Max Capacity: 2G
 Pre-touch: Disabled
 Parallel Workers: 8

Heap:
 PSYoungGen      total 17408K, used 2242K [0x00000000d5580000, 0x00000000d6b00000, 0x0000000100000000)
  eden space 16384K, 7% used [0x00000000d5580000,0x00000000d56b26d0,0x00000000d6580000)
  from space 1024K, 99% used [0x00000000d6a00000,0x00000000d6afe1c8,0x00000000d6b00000)
  to   space 2048K, 0% used [0x00000000d6700000,0x00000000d6700000,0x00000000d6900000)
 ParOldGen       total 68608K, used 31957K [0x0000000080000000, 0x0000000084300000, 0x00000000d5580000)
  object space 68608K, 46% used [0x0000000080000000,0x0000000081f354e8,0x0000000084300000)
 Metaspace       used 48302K, committed 49664K, reserved 1114112K
  class space    used 5251K, committed 5888K, reserved 1048576K

Card table byte_map: [0x00000207cb1a0000,0x00000207cb5b0000] _byte_map_base: 0x00000207cada0000

Marking Bits: (ParMarkBitMap*) 0x00007ffeb4ba3450
 Begin Bits: [0x00000207ddc80000, 0x00000207dfc80000)
 End Bits:   [0x00000207dfc80000, 0x00000207e1c80000)

Polling page: 0x00000207caf90000

Metaspace:

Usage:
  Non-class:     42.04 MB used.
      Class:      5.13 MB used.
       Both:     47.17 MB used.

Virtual space:
  Non-class space:       64.00 MB reserved,      42.75 MB ( 67%) committed,  1 nodes.
      Class space:        1.00 GB reserved,       5.75 MB ( <1%) committed,  1 nodes.
             Both:        1.06 GB reserved,      48.50 MB (  4%) committed. 

Chunk freelists:
   Non-Class:  4.91 MB
       Class:  10.09 MB
        Both:  15.00 MB

MaxMetaspaceSize: unlimited
CompressedClassSpaceSize: 1.00 GB
Initial GC threshold: 21.00 MB
Current GC threshold: 58.38 MB
CDS: on
 - commit_granule_bytes: 65536.
 - commit_granule_words: 8192.
 - virtual_space_node_default_size: 8388608.
 - enlarge_chunks_in_place: 1.
 - use_allocation_guard: 0.


Internal statistics:

num_allocs_failed_limit: 8.
num_arena_births: 1004.
num_arena_deaths: 14.
num_vsnodes_births: 2.
num_vsnodes_deaths: 0.
num_space_committed: 776.
num_space_uncommitted: 0.
num_chunks_returned_to_freelist: 22.
num_chunks_taken_from_freelist: 3264.
num_chunk_merges: 14.
num_chunk_splits: 2002.
num_chunks_enlarged: 1076.
num_inconsistent_stats: 0.

CodeHeap 'non-profiled nmethods': size=120000Kb used=3474Kb max_used=3474Kb free=116525Kb
 bounds [0x00000207d64a0000, 0x00000207d6810000, 0x00000207dd9d0000]
CodeHeap 'profiled nmethods': size=120000Kb used=13567Kb max_used=13567Kb free=106433Kb
 bounds [0x00000207ce9d0000, 0x00000207cf710000, 0x00000207d5f00000]
CodeHeap 'non-nmethods': size=5760Kb used=1376Kb max_used=1428Kb free=4383Kb
 bounds [0x00000207d5f00000, 0x00000207d6170000, 0x00000207d64a0000]
CodeCache: size=245760Kb, used=18417Kb, max_used=18469Kb, free=227341Kb
 total_blobs=7084, nmethods=6409, adapters=581, full_count=0
Compilation: enabled, stopped_count=0, restarted_count=0

Compilation events (20 events):
Event: 13.999 Thread 0x00000207e2248ff0 nmethod 6932 0x00000207cf6ede90 code [0x00000207cf6ee0a0, 0x00000207cf6ee6b0]
Event: 13.999 Thread 0x00000207e2248ff0 6935       3       java.util.stream.AbstractPipeline::spliterator (116 bytes)
Event: 14.000 Thread 0x00000207e2248ff0 nmethod 6935 0x00000207cf6ee910 code [0x00000207cf6eeb80, 0x00000207cf6ef5d8]
Event: 14.000 Thread 0x00000207e2248ff0 6938       3       java.util.stream.ReferencePipeline::iterator (8 bytes)
Event: 14.000 Thread 0x00000207e890e240 6943       4       java.util.stream.Sink$ChainedReference::cancellationRequested (10 bytes)
Event: 14.000 Thread 0x00000207e2248ff0 nmethod 6938 0x00000207cf6ef910 code [0x00000207cf6efb00, 0x00000207cf6effb0]
Event: 14.000 Thread 0x00000207e2248ff0 6939       3       java.util.Spliterators::iterator (14 bytes)
Event: 14.001 Thread 0x00000207e2248ff0 nmethod 6939 0x00000207cf6f0190 code [0x00000207cf6f0360, 0x00000207cf6f06e0]
Event: 14.001 Thread 0x00000207e2248ff0 6940       3       java.util.Spliterators$1Adapter::<init> (15 bytes)
Event: 14.001 Thread 0x00000207e2248ff0 nmethod 6940 0x00000207cf6f0890 code [0x00000207cf6f0a40, 0x00000207cf6f0bc8]
Event: 14.001 Thread 0x00000207e2248ff0 6936       3       java.util.stream.StreamSpliterators$WrappingSpliterator::initPartialTraversalState (46 bytes)
Event: 14.001 Thread 0x00000207e890e240 nmethod 6943 0x00000207d6803110 code [0x00000207d68032a0, 0x00000207d6803350]
Event: 14.001 Thread 0x00000207e890e240 6944       4       java.util.ArrayDeque::pollFirst (36 bytes)
Event: 14.002 Thread 0x00000207e2248ff0 nmethod 6936 0x00000207cf6f0c90 code [0x00000207cf6f0f20, 0x00000207cf6f1c10]
Event: 14.002 Thread 0x00000207e2248ff0 6941       3       org.eclipse.jdt.internal.compiler.util.JrtFileSystem$1::visitFile (10 bytes)
Event: 14.002 Thread 0x00000207e2248ff0 nmethod 6941 0x00000207cf6f2090 code [0x00000207cf6f2240, 0x00000207cf6f2490]
Event: 14.002 Thread 0x00000207e2248ff0 6942       3       org.eclipse.jdt.internal.compiler.util.JrtFileSystem$1::visitFile (44 bytes)
Event: 14.002 Thread 0x00000207e890e240 nmethod 6944 0x00000207d6803410 code [0x00000207d68035a0, 0x00000207d6803698]
Event: 14.002 Thread 0x00000207e2248ff0 nmethod 6942 0x00000207cf6f2590 code [0x00000207cf6f27a0, 0x00000207cf6f2d80]
Event: 14.002 Thread 0x00000207e2248ff0 6937       3       java.util.stream.StreamSpliterators$WrappingSpliterator$$Lambda/0x0000020781026ab0::<init> (10 bytes)

GC Heap History (20 events):
Event: 5.755 GC heap before
{Heap before GC invocations=14 (full 1):
 PSYoungGen      total 23552K, used 6607K [0x00000000d5580000, 0x00000000d7080000, 0x0000000100000000)
  eden space 22016K, 23% used [0x00000000d5580000,0x00000000d5a746d8,0x00000000d6b00000)
  from space 1536K, 99% used [0x00000000d6f00000,0x00000000d707f688,0x00000000d7080000)
  to   space 2048K, 0% used [0x00000000d6c80000,0x00000000d6c80000,0x00000000d6e80000)
 ParOldGen       total 68608K, used 18031K [0x0000000080000000, 0x0000000084300000, 0x00000000d5580000)
  object space 68608K, 26% used [0x0000000080000000,0x000000008119bc58,0x0000000084300000)
 Metaspace       used 34686K, committed 35840K, reserved 1114112K
  class space    used 3600K, committed 4160K, reserved 1048576K
}
Event: 5.757 GC heap after
{Heap after GC invocations=14 (full 1):
 PSYoungGen      total 23552K, used 1184K [0x00000000d5580000, 0x00000000d6f80000, 0x0000000100000000)
  eden space 22016K, 0% used [0x00000000d5580000,0x00000000d5580000,0x00000000d6b00000)
  from space 1536K, 77% used [0x00000000d6c80000,0x00000000d6da8000,0x00000000d6e00000)
  to   space 1536K, 0% used [0x00000000d6e00000,0x00000000d6e00000,0x00000000d6f80000)
 ParOldGen       total 68608K, used 19300K [0x0000000080000000, 0x0000000084300000, 0x00000000d5580000)
  object space 68608K, 28% used [0x0000000080000000,0x00000000812d9088,0x0000000084300000)
 Metaspace       used 34686K, committed 35840K, reserved 1114112K
  class space    used 3600K, committed 4160K, reserved 1048576K
}
Event: 5.757 GC heap before
{Heap before GC invocations=15 (full 2):
 PSYoungGen      total 23552K, used 1184K [0x00000000d5580000, 0x00000000d6f80000, 0x0000000100000000)
  eden space 22016K, 0% used [0x00000000d5580000,0x00000000d5580000,0x00000000d6b00000)
  from space 1536K, 77% used [0x00000000d6c80000,0x00000000d6da8000,0x00000000d6e00000)
  to   space 1536K, 0% used [0x00000000d6e00000,0x00000000d6e00000,0x00000000d6f80000)
 ParOldGen       total 68608K, used 19300K [0x0000000080000000, 0x0000000084300000, 0x00000000d5580000)
  object space 68608K, 28% used [0x0000000080000000,0x00000000812d9088,0x0000000084300000)
 Metaspace       used 34686K, committed 35840K, reserved 1114112K
  class space    used 3600K, committed 4160K, reserved 1048576K
}
Event: 5.793 GC heap after
{Heap after GC invocations=15 (full 2):
 PSYoungGen      total 23552K, used 0K [0x00000000d5580000, 0x00000000d6f80000, 0x0000000100000000)
  eden space 22016K, 0% used [0x00000000d5580000,0x00000000d5580000,0x00000000d6b00000)
  from space 1536K, 0% used [0x00000000d6c80000,0x00000000d6c80000,0x00000000d6e00000)
  to   space 1536K, 0% used [0x00000000d6e00000,0x00000000d6e00000,0x00000000d6f80000)
 ParOldGen       total 68608K, used 19497K [0x0000000080000000, 0x0000000084300000, 0x00000000d5580000)
  object space 68608K, 28% used [0x0000000080000000,0x000000008130a5b0,0x0000000084300000)
 Metaspace       used 34686K, committed 35840K, reserved 1114112K
  class space    used 3600K, committed 4160K, reserved 1048576K
}
Event: 6.517 GC heap before
{Heap before GC invocations=16 (full 2):
 PSYoungGen      total 23552K, used 22016K [0x00000000d5580000, 0x00000000d6f80000, 0x0000000100000000)
  eden space 22016K, 100% used [0x00000000d5580000,0x00000000d6b00000,0x00000000d6b00000)
  from space 1536K, 0% used [0x00000000d6c80000,0x00000000d6c80000,0x00000000d6e00000)
  to   space 1536K, 0% used [0x00000000d6e00000,0x00000000d6e00000,0x00000000d6f80000)
 ParOldGen       total 68608K, used 19497K [0x0000000080000000, 0x0000000084300000, 0x00000000d5580000)
  object space 68608K, 28% used [0x0000000080000000,0x000000008130a5b0,0x0000000084300000)
 Metaspace       used 36242K, committed 37440K, reserved 1114112K
  class space    used 3825K, committed 4352K, reserved 1048576K
}
Event: 6.520 GC heap after
{Heap after GC invocations=16 (full 2):
 PSYoungGen      total 23552K, used 1517K [0x00000000d5580000, 0x00000000d6f80000, 0x0000000100000000)
  eden space 22016K, 0% used [0x00000000d5580000,0x00000000d5580000,0x00000000d6b00000)
  from space 1536K, 98% used [0x00000000d6e00000,0x00000000d6f7b610,0x00000000d6f80000)
  to   space 2048K, 0% used [0x00000000d6b80000,0x00000000d6b80000,0x00000000d6d80000)
 ParOldGen       total 68608K, used 19577K [0x0000000080000000, 0x0000000084300000, 0x00000000d5580000)
  object space 68608K, 28% used [0x0000000080000000,0x000000008131e5b0,0x0000000084300000)
 Metaspace       used 36242K, committed 37440K, reserved 1114112K
  class space    used 3825K, committed 4352K, reserved 1048576K
}
Event: 6.879 GC heap before
{Heap before GC invocations=17 (full 2):
 PSYoungGen      total 23552K, used 23533K [0x00000000d5580000, 0x00000000d6f80000, 0x0000000100000000)
  eden space 22016K, 100% used [0x00000000d5580000,0x00000000d6b00000,0x00000000d6b00000)
  from space 1536K, 98% used [0x00000000d6e00000,0x00000000d6f7b610,0x00000000d6f80000)
  to   space 2048K, 0% used [0x00000000d6b80000,0x00000000d6b80000,0x00000000d6d80000)
 ParOldGen       total 68608K, used 19577K [0x0000000080000000, 0x0000000084300000, 0x00000000d5580000)
  object space 68608K, 28% used [0x0000000080000000,0x000000008131e5b0,0x0000000084300000)
 Metaspace       used 38460K, committed 39680K, reserved 1114112K
  class space    used 4066K, committed 4608K, reserved 1048576K
}
Event: 6.882 GC heap after
{Heap after GC invocations=17 (full 2):
 PSYoungGen      total 24064K, used 1598K [0x00000000d5580000, 0x00000000d6f00000, 0x0000000100000000)
  eden space 22016K, 0% used [0x00000000d5580000,0x00000000d5580000,0x00000000d6b00000)
  from space 2048K, 78% used [0x00000000d6b80000,0x00000000d6d0fa78,0x00000000d6d80000)
  to   space 1536K, 0% used [0x00000000d6d80000,0x00000000d6d80000,0x00000000d6f00000)
 ParOldGen       total 68608K, used 20921K [0x0000000080000000, 0x0000000084300000, 0x00000000d5580000)
  object space 68608K, 30% used [0x0000000080000000,0x000000008146e5e0,0x0000000084300000)
 Metaspace       used 38460K, committed 39680K, reserved 1114112K
  class space    used 4066K, committed 4608K, reserved 1048576K
}
Event: 7.082 GC heap before
{Heap before GC invocations=18 (full 2):
 PSYoungGen      total 24064K, used 23614K [0x00000000d5580000, 0x00000000d6f00000, 0x0000000100000000)
  eden space 22016K, 100% used [0x00000000d5580000,0x00000000d6b00000,0x00000000d6b00000)
  from space 2048K, 78% used [0x00000000d6b80000,0x00000000d6d0fa78,0x00000000d6d80000)
  to   space 1536K, 0% used [0x00000000d6d80000,0x00000000d6d80000,0x00000000d6f00000)
 ParOldGen       total 68608K, used 20921K [0x0000000080000000, 0x0000000084300000, 0x00000000d5580000)
  object space 68608K, 30% used [0x0000000080000000,0x000000008146e5e0,0x0000000084300000)
 Metaspace       used 39269K, committed 40512K, reserved 1114112K
  class space    used 4164K, committed 4736K, reserved 1048576K
}
Event: 7.088 GC heap after
{Heap after GC invocations=18 (full 2):
 PSYoungGen      total 17920K, used 1514K [0x00000000d5580000, 0x00000000d7b00000, 0x0000000100000000)
  eden space 16384K, 0% used [0x00000000d5580000,0x00000000d5580000,0x00000000d6580000)
  from space 1536K, 98% used [0x00000000d6d80000,0x00000000d6efabe0,0x00000000d6f00000)
  to   space 8192K, 0% used [0x00000000d6580000,0x00000000d6580000,0x00000000d6d80000)
 ParOldGen       total 68608K, used 26629K [0x0000000080000000, 0x0000000084300000, 0x00000000d5580000)
  object space 68608K, 38% used [0x0000000080000000,0x0000000081a01658,0x0000000084300000)
 Metaspace       used 39269K, committed 40512K, reserved 1114112K
  class space    used 4164K, committed 4736K, reserved 1048576K
}
Event: 7.408 GC heap before
{Heap before GC invocations=19 (full 2):
 PSYoungGen      total 17920K, used 17898K [0x00000000d5580000, 0x00000000d7b00000, 0x0000000100000000)
  eden space 16384K, 100% used [0x00000000d5580000,0x00000000d6580000,0x00000000d6580000)
  from space 1536K, 98% used [0x00000000d6d80000,0x00000000d6efabe0,0x00000000d6f00000)
  to   space 8192K, 0% used [0x00000000d6580000,0x00000000d6580000,0x00000000d6d80000)
 ParOldGen       total 68608K, used 26629K [0x0000000080000000, 0x0000000084300000, 0x00000000d5580000)
  object space 68608K, 38% used [0x0000000080000000,0x0000000081a01658,0x0000000084300000)
 Metaspace       used 40983K, committed 42240K, reserved 1114112K
  class space    used 4400K, committed 4928K, reserved 1048576K
}
Event: 7.411 GC heap after
{Heap after GC invocations=19 (full 2):
 PSYoungGen      total 17408K, used 720K [0x00000000d5580000, 0x00000000d6e00000, 0x0000000100000000)
  eden space 16384K, 0% used [0x00000000d5580000,0x00000000d5580000,0x00000000d6580000)
  from space 1024K, 70% used [0x00000000d6580000,0x00000000d6634010,0x00000000d6680000)
  to   space 3072K, 0% used [0x00000000d6b00000,0x00000000d6b00000,0x00000000d6e00000)
 ParOldGen       total 68608K, used 28159K [0x0000000080000000, 0x0000000084300000, 0x00000000d5580000)
  object space 68608K, 41% used [0x0000000080000000,0x0000000081b7fd48,0x0000000084300000)
 Metaspace       used 40983K, committed 42240K, reserved 1114112K
  class space    used 4400K, committed 4928K, reserved 1048576K
}
Event: 7.868 GC heap before
{Heap before GC invocations=20 (full 2):
 PSYoungGen      total 17408K, used 17104K [0x00000000d5580000, 0x00000000d6e00000, 0x0000000100000000)
  eden space 16384K, 100% used [0x00000000d5580000,0x00000000d6580000,0x00000000d6580000)
  from space 1024K, 70% used [0x00000000d6580000,0x00000000d6634010,0x00000000d6680000)
  to   space 3072K, 0% used [0x00000000d6b00000,0x00000000d6b00000,0x00000000d6e00000)
 ParOldGen       total 68608K, used 28159K [0x0000000080000000, 0x0000000084300000, 0x00000000d5580000)
  object space 68608K, 41% used [0x0000000080000000,0x0000000081b7fd48,0x0000000084300000)
 Metaspace       used 42837K, committed 44096K, reserved 1114112K
  class space    used 4628K, committed 5184K, reserved 1048576K
}
Event: 7.870 GC heap after
{Heap after GC invocations=20 (full 2):
 PSYoungGen      total 17408K, used 960K [0x00000000d5580000, 0x00000000d6c00000, 0x0000000100000000)
  eden space 16384K, 0% used [0x00000000d5580000,0x00000000d5580000,0x00000000d6580000)
  from space 1024K, 93% used [0x00000000d6b00000,0x00000000d6bf0000,0x00000000d6c00000)
  to   space 1536K, 0% used [0x00000000d6900000,0x00000000d6900000,0x00000000d6a80000)
 ParOldGen       total 68608K, used 28723K [0x0000000080000000, 0x0000000084300000, 0x00000000d5580000)
  object space 68608K, 41% used [0x0000000080000000,0x0000000081c0cf58,0x0000000084300000)
 Metaspace       used 42837K, committed 44096K, reserved 1114112K
  class space    used 4628K, committed 5184K, reserved 1048576K
}
Event: 8.319 GC heap before
{Heap before GC invocations=21 (full 2):
 PSYoungGen      total 17408K, used 17344K [0x00000000d5580000, 0x00000000d6c00000, 0x0000000100000000)
  eden space 16384K, 100% used [0x00000000d5580000,0x00000000d6580000,0x00000000d6580000)
  from space 1024K, 93% used [0x00000000d6b00000,0x00000000d6bf0000,0x00000000d6c00000)
  to   space 1536K, 0% used [0x00000000d6900000,0x00000000d6900000,0x00000000d6a80000)
 ParOldGen       total 68608K, used 28723K [0x0000000080000000, 0x0000000084300000, 0x00000000d5580000)
  object space 68608K, 41% used [0x0000000080000000,0x0000000081c0cf58,0x0000000084300000)
 Metaspace       used 44690K, committed 45952K, reserved 1114112K
  class space    used 4888K, committed 5440K, reserved 1048576K
}
Event: 8.321 GC heap after
{Heap after GC invocations=21 (full 2):
 PSYoungGen      total 17920K, used 1056K [0x00000000d5580000, 0x00000000d6b80000, 0x0000000100000000)
  eden space 16384K, 0% used [0x00000000d5580000,0x00000000d5580000,0x00000000d6580000)
  from space 1536K, 68% used [0x00000000d6900000,0x00000000d6a08000,0x00000000d6a80000)
  to   space 1024K, 0% used [0x00000000d6a80000,0x00000000d6a80000,0x00000000d6b80000)
 ParOldGen       total 68608K, used 29511K [0x0000000080000000, 0x0000000084300000, 0x00000000d5580000)
  object space 68608K, 43% used [0x0000000080000000,0x0000000081cd1c68,0x0000000084300000)
 Metaspace       used 44690K, committed 45952K, reserved 1114112K
  class space    used 4888K, committed 5440K, reserved 1048576K
}
Event: 8.987 GC heap before
{Heap before GC invocations=22 (full 2):
 PSYoungGen      total 17920K, used 17440K [0x00000000d5580000, 0x00000000d6b80000, 0x0000000100000000)
  eden space 16384K, 100% used [0x00000000d5580000,0x00000000d6580000,0x00000000d6580000)
  from space 1536K, 68% used [0x00000000d6900000,0x00000000d6a08000,0x00000000d6a80000)
  to   space 1024K, 0% used [0x00000000d6a80000,0x00000000d6a80000,0x00000000d6b80000)
 ParOldGen       total 68608K, used 29511K [0x0000000080000000, 0x0000000084300000, 0x00000000d5580000)
  object space 68608K, 43% used [0x0000000080000000,0x0000000081cd1c68,0x0000000084300000)
 Metaspace       used 46491K, committed 47808K, reserved 1114112K
  class space    used 5081K, committed 5696K, reserved 1048576K
}
Event: 8.990 GC heap after
{Heap after GC invocations=22 (full 2):
 PSYoungGen      total 17408K, used 1019K [0x00000000d5580000, 0x00000000d6b80000, 0x0000000100000000)
  eden space 16384K, 0% used [0x00000000d5580000,0x00000000d5580000,0x00000000d6580000)
  from space 1024K, 99% used [0x00000000d6a80000,0x00000000d6b7eea8,0x00000000d6b80000)
  to   space 1536K, 0% used [0x00000000d6880000,0x00000000d6880000,0x00000000d6a00000)
 ParOldGen       total 68608K, used 30415K [0x0000000080000000, 0x0000000084300000, 0x00000000d5580000)
  object space 68608K, 44% used [0x0000000080000000,0x0000000081db3c68,0x0000000084300000)
 Metaspace       used 46491K, committed 47808K, reserved 1114112K
  class space    used 5081K, committed 5696K, reserved 1048576K
}
Event: 9.278 GC heap before
{Heap before GC invocations=23 (full 2):
 PSYoungGen      total 17408K, used 17403K [0x00000000d5580000, 0x00000000d6b80000, 0x0000000100000000)
  eden space 16384K, 100% used [0x00000000d5580000,0x00000000d6580000,0x00000000d6580000)
  from space 1024K, 99% used [0x00000000d6a80000,0x00000000d6b7eea8,0x00000000d6b80000)
  to   space 1536K, 0% used [0x00000000d6880000,0x00000000d6880000,0x00000000d6a00000)
 ParOldGen       total 68608K, used 30415K [0x0000000080000000, 0x0000000084300000, 0x00000000d5580000)
  object space 68608K, 44% used [0x0000000080000000,0x0000000081db3c68,0x0000000084300000)
 Metaspace       used 46659K, committed 48064K, reserved 1114112K
  class space    used 5104K, committed 5760K, reserved 1048576K
}
Event: 9.281 GC heap after
{Heap after GC invocations=23 (full 2):
 PSYoungGen      total 17920K, used 640K [0x00000000d5580000, 0x00000000d6b00000, 0x0000000100000000)
  eden space 16384K, 0% used [0x00000000d5580000,0x00000000d5580000,0x00000000d6580000)
  from space 1536K, 41% used [0x00000000d6880000,0x00000000d6920000,0x00000000d6a00000)
  to   space 1024K, 0% used [0x00000000d6a00000,0x00000000d6a00000,0x00000000d6b00000)
 ParOldGen       total 68608K, used 31330K [0x0000000080000000, 0x0000000084300000, 0x00000000d5580000)
  object space 68608K, 45% used [0x0000000080000000,0x0000000081e98978,0x0000000084300000)
 Metaspace       used 46659K, committed 48064K, reserved 1114112K
  class space    used 5104K, committed 5760K, reserved 1048576K
}

Dll operation events (10 events):
Event: 0.008 Loaded shared library c:\Users\nhan\.vscode\extensions\redhat.java-1.53.0-win32-x64\jre\21.0.10-win32-x86_64\bin\java.dll
Event: 0.097 Loaded shared library c:\Users\nhan\.vscode\extensions\redhat.java-1.53.0-win32-x64\jre\21.0.10-win32-x86_64\bin\zip.dll
Event: 0.132 Loaded shared library C:\Users\nhan\.vscode\extensions\redhat.java-1.53.0-win32-x64\jre\21.0.10-win32-x86_64\bin\instrument.dll
Event: 0.138 Loaded shared library C:\Users\nhan\.vscode\extensions\redhat.java-1.53.0-win32-x64\jre\21.0.10-win32-x86_64\bin\net.dll
Event: 0.140 Loaded shared library C:\Users\nhan\.vscode\extensions\redhat.java-1.53.0-win32-x64\jre\21.0.10-win32-x86_64\bin\nio.dll
Event: 0.145 Loaded shared library C:\Users\nhan\.vscode\extensions\redhat.java-1.53.0-win32-x64\jre\21.0.10-win32-x86_64\bin\zip.dll
Event: 0.170 Loaded shared library C:\Users\nhan\.vscode\extensions\redhat.java-1.53.0-win32-x64\jre\21.0.10-win32-x86_64\bin\jimage.dll
Event: 0.273 Loaded shared library c:\Users\nhan\.vscode\extensions\redhat.java-1.53.0-win32-x64\jre\21.0.10-win32-x86_64\bin\verify.dll
Event: 2.092 Loaded shared library C:\Users\nhan\AppData\Roaming\Code\User\globalStorage\redhat.java\1.53.0\config_win\org.eclipse.equinox.launcher\org.eclipse.equinox.launcher.win32.win32.x86_64_1.3.0.v20260203-2149\eclipse_11919.dll
Event: 3.431 Loaded shared library C:\Users\nhan\AppData\Local\Temp\jna-3380071\jna5810509047408230279.dll

Deoptimization events (20 events):
Event: 13.735 Thread 0x00000207eadb69f0 DEOPT PACKING pc=0x00000207ceb6fe06 sp=0x000000e0a8cfdae0
Event: 13.735 Thread 0x00000207eadb69f0 DEOPT UNPACKING pc=0x00000207d5f54242 sp=0x000000e0a8cfcfd0 mode 0
Event: 13.742 Thread 0x00000207eadb69f0 Uncommon trap: trap_request=0xffffff3d fr.pc=0x00000207d67e12d4 relative=0x0000000000000714
Event: 13.742 Thread 0x00000207eadb69f0 Uncommon trap: reason=unstable_fused_if action=reinterpret pc=0x00000207d67e12d4 method=java.util.regex.Pattern.sequence(Ljava/util/regex/Pattern$Node;)Ljava/util/regex/Pattern$Node; @ 12 c2
Event: 13.742 Thread 0x00000207eadb69f0 DEOPT PACKING pc=0x00000207d67e12d4 sp=0x000000e0a8cfd330
Event: 13.742 Thread 0x00000207eadb69f0 DEOPT UNPACKING pc=0x00000207d5f53aa2 sp=0x000000e0a8cfd2b0 mode 2
Event: 13.742 Thread 0x00000207eadb69f0 Uncommon trap: trap_request=0xffffff45 fr.pc=0x00000207d67dfe0c relative=0x000000000000038c
Event: 13.742 Thread 0x00000207eadb69f0 Uncommon trap: reason=unstable_if action=reinterpret pc=0x00000207d67dfe0c method=java.util.regex.Pattern.escape(ZZZ)I @ 8 c2
Event: 13.742 Thread 0x00000207eadb69f0 DEOPT PACKING pc=0x00000207d67dfe0c sp=0x000000e0a8cfcf90
Event: 13.742 Thread 0x00000207eadb69f0 DEOPT UNPACKING pc=0x00000207d5f53aa2 sp=0x000000e0a8cfcf08 mode 2
Event: 13.823 Thread 0x00000207eadb69f0 Uncommon trap: trap_request=0xffffff45 fr.pc=0x00000207d67afce4 relative=0x0000000000000284
Event: 13.823 Thread 0x00000207eadb69f0 Uncommon trap: reason=unstable_if action=reinterpret pc=0x00000207d67afce4 method=sun.nio.fs.WindowsPath.compareTo(Ljava/nio/file/Path;)I @ 76 c2
Event: 13.823 Thread 0x00000207eadb69f0 DEOPT PACKING pc=0x00000207d67afce4 sp=0x000000e0a8cfbc20
Event: 13.823 Thread 0x00000207eadb69f0 DEOPT UNPACKING pc=0x00000207d5f53aa2 sp=0x000000e0a8cfbb88 mode 2
Event: 13.836 Thread 0x00000207eadb69f0 DEOPT PACKING pc=0x00000207cf415e3c sp=0x000000e0a8cfa910
Event: 13.836 Thread 0x00000207eadb69f0 DEOPT UNPACKING pc=0x00000207d5f54242 sp=0x000000e0a8cf9e30 mode 0
Event: 13.865 Thread 0x00000207eadb69f0 Uncommon trap: trap_request=0xfffffff4 fr.pc=0x00000207d6770318 relative=0x0000000000000358
Event: 13.865 Thread 0x00000207eadb69f0 Uncommon trap: reason=null_check action=make_not_entrant pc=0x00000207d6770318 method=sun.invoke.util.VerifyType.isNullConversion(Ljava/lang/Class;Ljava/lang/Class;Z)Z @ 67 c2
Event: 13.865 Thread 0x00000207eadb69f0 DEOPT PACKING pc=0x00000207d6770318 sp=0x000000e0a8cfc3f0
Event: 13.865 Thread 0x00000207eadb69f0 DEOPT UNPACKING pc=0x00000207d5f53aa2 sp=0x000000e0a8cfc370 mode 2

Classes loaded (20 events):
Event: 13.863 Loading class sun/nio/ch/FileChannelImpl$DefaultUnmapper
Event: 13.864 Loading class sun/nio/ch/FileChannelImpl$Unmapper
Event: 13.864 Loading class jdk/internal/access/foreign/UnmapperProxy
Event: 13.864 Loading class jdk/internal/access/foreign/UnmapperProxy done
Event: 13.864 Loading class sun/nio/ch/FileChannelImpl$Unmapper done
Event: 13.864 Loading class sun/nio/ch/FileChannelImpl$DefaultUnmapper done
Event: 13.864 Loading class sun/nio/ch/Util$4
Event: 13.864 Loading class sun/nio/ch/Util$4 done
Event: 13.877 Loading class java/nio/file/ClosedDirectoryStreamException
Event: 13.877 Loading class java/nio/file/ClosedDirectoryStreamException done
Event: 13.877 Loading class jdk/internal/jrtfs/JrtFileSystem
Event: 13.878 Loading class jdk/internal/jrtfs/JrtFileSystem done
Event: 13.878 Loading class jdk/internal/jrtfs/JrtPath
Event: 13.878 Loading class jdk/internal/jrtfs/JrtPath done
Event: 13.879 Loading class jdk/internal/jimage/ImageReader$Node
Event: 13.879 Loading class jdk/internal/jimage/ImageReader$Node done
Event: 13.885 Loading class java/nio/ByteBufferAsIntBufferL
Event: 13.886 Loading class java/nio/ByteBufferAsIntBufferL done
Event: 13.889 Loading class jdk/internal/jimage/ImageReader$Directory
Event: 13.889 Loading class jdk/internal/jimage/ImageReader$Directory done

Classes unloaded (7 events):
Event: 4.167 Thread 0x00000207e2222510 Unloading class 0x00000207811ad400 'java/lang/invoke/LambdaForm$MH+0x00000207811ad400'
Event: 4.167 Thread 0x00000207e2222510 Unloading class 0x00000207811ad000 'java/lang/invoke/LambdaForm$MH+0x00000207811ad000'
Event: 4.167 Thread 0x00000207e2222510 Unloading class 0x00000207811acc00 'java/lang/invoke/LambdaForm$MH+0x00000207811acc00'
Event: 4.167 Thread 0x00000207e2222510 Unloading class 0x00000207811ac800 'java/lang/invoke/LambdaForm$MH+0x00000207811ac800'
Event: 4.167 Thread 0x00000207e2222510 Unloading class 0x00000207811ac400 'java/lang/invoke/LambdaForm$BMH+0x00000207811ac400'
Event: 4.167 Thread 0x00000207e2222510 Unloading class 0x00000207811ac000 'java/lang/invoke/LambdaForm$DMH+0x00000207811ac000'
Event: 4.167 Thread 0x00000207e2222510 Unloading class 0x00000207811aac00 'java/lang/invoke/LambdaForm$DMH+0x00000207811aac00'

Classes redefined (0 events):
No events

Internal exceptions (20 events):
Event: 9.399 Thread 0x00000207e8edec20 Exception <a 'sun/nio/fs/WindowsException'{0x00000000d59614d0}> (0x00000000d59614d0) 
thrown [s\src\hotspot\share\prims\jni.cpp, line 520]
Event: 9.400 Thread 0x00000207e8edec20 Exception <a 'sun/nio/fs/WindowsException'{0x00000000d5964ce0}> (0x00000000d5964ce0) 
thrown [s\src\hotspot\share\prims\jni.cpp, line 520]
Event: 9.400 Thread 0x00000207e8edec20 Exception <a 'sun/nio/fs/WindowsException'{0x00000000d59682b0}> (0x00000000d59682b0) 
thrown [s\src\hotspot\share\prims\jni.cpp, line 520]
Event: 9.401 Thread 0x00000207e8edec20 Exception <a 'sun/nio/fs/WindowsException'{0x00000000d596b880}> (0x00000000d596b880) 
thrown [s\src\hotspot\share\prims\jni.cpp, line 520]
Event: 9.401 Thread 0x00000207e8edec20 Exception <a 'sun/nio/fs/WindowsException'{0x00000000d596ee50}> (0x00000000d596ee50) 
thrown [s\src\hotspot\share\prims\jni.cpp, line 520]
Event: 9.402 Thread 0x00000207e8edec20 Exception <a 'sun/nio/fs/WindowsException'{0x00000000d5972420}> (0x00000000d5972420) 
thrown [s\src\hotspot\share\prims\jni.cpp, line 520]
Event: 9.403 Thread 0x00000207e8edec20 Exception <a 'sun/nio/fs/WindowsException'{0x00000000d59759f0}> (0x00000000d59759f0) 
thrown [s\src\hotspot\share\prims\jni.cpp, line 520]
Event: 9.403 Thread 0x00000207e8edec20 Exception <a 'sun/nio/fs/WindowsException'{0x00000000d5978fc0}> (0x00000000d5978fc0) 
thrown [s\src\hotspot\share\prims\jni.cpp, line 520]
Event: 9.403 Thread 0x00000207e8edec20 Exception <a 'sun/nio/fs/WindowsException'{0x00000000d597c590}> (0x00000000d597c590) 
thrown [s\src\hotspot\share\prims\jni.cpp, line 520]
Event: 9.404 Thread 0x00000207e8edec20 Exception <a 'sun/nio/fs/WindowsException'{0x00000000d597fb70}> (0x00000000d597fb70) 
thrown [s\src\hotspot\share\prims\jni.cpp, line 520]
Event: 9.404 Thread 0x00000207e8edec20 Exception <a 'sun/nio/fs/WindowsException'{0x00000000d5982ec0}> (0x00000000d5982ec0) 
thrown [s\src\hotspot\share\prims\jni.cpp, line 520]
Event: 9.404 Thread 0x00000207e8edec20 Exception <a 'sun/nio/fs/WindowsException'{0x00000000d5985f78}> (0x00000000d5985f78) 
thrown [s\src\hotspot\share\prims\jni.cpp, line 520]
Event: 9.405 Thread 0x00000207e8edec20 Exception <a 'sun/nio/fs/WindowsException'{0x00000000d5989548}> (0x00000000d5989548) 
thrown [s\src\hotspot\share\prims\jni.cpp, line 520]
Event: 9.405 Thread 0x00000207e8edec20 Exception <a 'sun/nio/fs/WindowsException'{0x00000000d598cae0}> (0x00000000d598cae0) 
thrown [s\src\hotspot\share\prims\jni.cpp, line 520]
Event: 9.406 Thread 0x00000207e8edec20 Exception <a 'sun/nio/fs/WindowsException'{0x00000000d5990078}> (0x00000000d5990078) 
thrown [s\src\hotspot\share\prims\jni.cpp, line 520]
Event: 9.407 Thread 0x00000207e8edec20 Exception <a 'sun/nio/fs/WindowsException'{0x00000000d5993898}> (0x00000000d5993898) 
thrown [s\src\hotspot\share\prims\jni.cpp, line 520]
Event: 9.407 Thread 0x00000207e8edec20 Exception <a 'sun/nio/fs/WindowsException'{0x00000000d5996848}> (0x00000000d5996848) 
thrown [s\src\hotspot\share\prims\jni.cpp, line 520]
Event: 13.681 Thread 0x00000207eadb69f0 Exception <a 'java/lang/IncompatibleClassChangeError'{0x00000000d5a28380}: Found class java.lang.Object, but interface was expected> (0x00000000d5a28380) 
thrown [s\src\hotspot\share\interpreter\linkResolver.cpp, line 840]
Event: 13.865 Thread 0x00000207eadb69f0 Implicit null exception at 0x00000207d6770083 to 0x00000207d6770304
Event: 13.866 Thread 0x00000207eadb69f0 Exception <a 'java/lang/NoSuchMethodError'{0x00000000d6074fc0}: 'java.lang.Object java.lang.invoke.DelegatingMethodHandle$Holder.reinvoke_L(java.lang.Object, int, long, java.lang.Object, java.lang.Object, int, java.lang.Object)'> (0x00000000d6074fc0) 
thrown [s\src\hotspot\share\interpreter\linkResolver.cpp, line 773]

ZGC Phase Switch (0 events):
No events

VM Operations (20 events):
Event: 13.713 Executing non-safepoint VM operation: HandshakeAllThreads (Deoptimize)
Event: 13.713 Executing non-safepoint VM operation: HandshakeAllThreads (Deoptimize) done
Event: 13.713 Executing safepoint VM operation: Cleanup
Event: 13.714 Executing safepoint VM operation: Cleanup done
Event: 13.715 Executing non-safepoint VM operation: HandshakeAllThreads (Deoptimize)
Event: 13.723 Executing non-safepoint VM operation: HandshakeAllThreads (Deoptimize) done
Event: 13.819 Executing non-safepoint VM operation: HandshakeAllThreads (Deoptimize)
Event: 13.819 Executing non-safepoint VM operation: HandshakeAllThreads (Deoptimize) done
Event: 13.831 Executing non-safepoint VM operation: HandshakeAllThreads (Deoptimize)
Event: 13.831 Executing non-safepoint VM operation: HandshakeAllThreads (Deoptimize) done
Event: 13.834 Executing non-safepoint VM operation: HandshakeAllThreads (Deoptimize)
Event: 13.834 Executing non-safepoint VM operation: HandshakeAllThreads (Deoptimize) done
Event: 13.876 Executing non-safepoint VM operation: HandshakeAllThreads (Deoptimize)
Event: 13.876 Executing non-safepoint VM operation: HandshakeAllThreads (Deoptimize) done
Event: 13.887 Executing non-safepoint VM operation: HandshakeAllThreads (Deoptimize)
Event: 13.887 Executing non-safepoint VM operation: HandshakeAllThreads (Deoptimize) done
Event: 13.888 Executing non-safepoint VM operation: HandshakeAllThreads (Deoptimize)
Event: 13.889 Executing non-safepoint VM operation: HandshakeAllThreads (Deoptimize) done
Event: 13.966 Executing non-safepoint VM operation: HandshakeAllThreads (Deoptimize)
Event: 13.966 Executing non-safepoint VM operation: HandshakeAllThreads (Deoptimize) done

Memory protections (0 events):
No events

Nmethod flushes (20 events):
Event: 5.775 Thread 0x00000207e2222510 flushing  nmethod 0x00000207cf005690
Event: 5.775 Thread 0x00000207e2222510 flushing  nmethod 0x00000207cf006890
Event: 5.775 Thread 0x00000207e2222510 flushing  nmethod 0x00000207cf007510
Event: 5.775 Thread 0x00000207e2222510 flushing  nmethod 0x00000207cf007c90
Event: 5.775 Thread 0x00000207e2222510 flushing  nmethod 0x00000207cf009d90
Event: 5.775 Thread 0x00000207e2222510 flushing  nmethod 0x00000207cf00ab90
Event: 5.775 Thread 0x00000207e2222510 flushing  nmethod 0x00000207cf00cb90
Event: 5.775 Thread 0x00000207e2222510 flushing  nmethod 0x00000207cf00d810
Event: 5.775 Thread 0x00000207e2222510 flushing  nmethod 0x00000207cf00dd10
Event: 5.775 Thread 0x00000207e2222510 flushing  nmethod 0x00000207cf017b90
Event: 5.775 Thread 0x00000207e2222510 flushing  nmethod 0x00000207cf027a10
Event: 5.775 Thread 0x00000207e2222510 flushing  nmethod 0x00000207cf043c10
Event: 5.775 Thread 0x00000207e2222510 flushing  nmethod 0x00000207cf048210
Event: 5.775 Thread 0x00000207e2222510 flushing  nmethod 0x00000207cf056d90
Event: 5.775 Thread 0x00000207e2222510 flushing  nmethod 0x00000207cf059f10
Event: 5.775 Thread 0x00000207e2222510 flushing  nmethod 0x00000207cf085210
Event: 5.775 Thread 0x00000207e2222510 flushing  nmethod 0x00000207cf0c2410
Event: 5.775 Thread 0x00000207e2222510 flushing  nmethod 0x00000207cf0ff290
Event: 5.775 Thread 0x00000207e2222510 flushing  nmethod 0x00000207cf0ff710
Event: 5.775 Thread 0x00000207e2222510 flushing  nmethod 0x00000207cf11a390

Events (20 events):
Event: 5.684 Thread 0x00000207cb7c0900 Thread added: 0x00000207e8edb110
Event: 5.684 Thread 0x00000207cb7c0900 Thread added: 0x00000207e8edf2b0
Event: 5.685 Thread 0x00000207cb7c0900 Thread added: 0x00000207e8eda3f0
Event: 5.686 Thread 0x00000207cb7c0900 Thread added: 0x00000207e8edf940
Event: 5.686 Thread 0x00000207cb7c0900 Thread added: 0x00000207e8ed9d60
Event: 5.686 Thread 0x00000207cb7c0900 Thread added: 0x00000207e8edffd0
Event: 5.686 Thread 0x00000207cb7c0900 Thread added: 0x00000207e8ee1380
Event: 5.686 Thread 0x00000207cb7c0900 Thread added: 0x00000207e8edb7a0
Event: 5.687 Thread 0x00000207cb7c0900 Thread added: 0x00000207e8edbe30
Event: 5.734 Thread 0x00000207cb7c0900 Thread added: 0x00000207e8edc4c0
Event: 6.697 Thread 0x00000207cb7c0900 Thread added: 0x00000207eadb5cd0
Event: 6.712 Thread 0x00000207cb7c0900 Thread added: 0x00000207eadb69f0
Event: 6.918 Thread 0x00000207e8ee0660 Thread added: 0x00000207eadb4fb0
Event: 6.918 Thread 0x00000207e8ee0660 Thread added: 0x00000207eadb6360
Event: 6.920 Thread 0x00000207eadb4fb0 Thread added: 0x00000207eadb2850
Event: 6.923 Thread 0x00000207eadb2850 Thread added: 0x00000207eadb4920
Event: 6.925 Thread 0x00000207eadb6360 Thread added: 0x00000207eadb0780
Event: 6.953 Thread 0x00000207eadb4920 Thread added: 0x00000207eadb0e10
Event: 6.964 Thread 0x00000207eadb4920 Thread added: 0x00000207eadb14a0
Event: 13.679 Thread 0x00000207ea35ba70 Thread exited: 0x00000207ea35ba70


Dynamic libraries:
0x00007ff799950000 - 0x00007ff79995e000 	c:\Users\nhan\.vscode\extensions\redhat.java-1.53.0-win32-x64\jre\21.0.10-win32-x86_64\bin\java.exe
0x00007fff20f30000 - 0x00007fff21128000 	C:\Windows\SYSTEM32\ntdll.dll
0x00007fff1f370000 - 0x00007fff1f432000 	C:\Windows\System32\KERNEL32.DLL
0x00007fff1e8d0000 - 0x00007fff1ebc6000 	C:\Windows\System32\KERNELBASE.dll
0x00007fff1ed20000 - 0x00007fff1ee20000 	C:\Windows\System32\ucrtbase.dll
0x00007ffeffc90000 - 0x00007ffeffcae000 	c:\Users\nhan\.vscode\extensions\redhat.java-1.53.0-win32-x64\jre\21.0.10-win32-x86_64\bin\VCRUNTIME140.dll
0x00007fff034c0000 - 0x00007fff034d8000 	c:\Users\nhan\.vscode\extensions\redhat.java-1.53.0-win32-x64\jre\21.0.10-win32-x86_64\bin\jli.dll
0x00007fff20170000 - 0x00007fff20311000 	C:\Windows\System32\USER32.dll
0x00007fff0d220000 - 0x00007fff0d4bb000 	C:\Windows\WinSxS\amd64_microsoft.windows.common-controls_6595b64144ccf1df_6.0.19041.6456_none_60b8a6cb71f64256\COMCTL32.dll
0x00007fff1ec70000 - 0x00007fff1ec92000 	C:\Windows\System32\win32u.dll
0x00007fff1f2d0000 - 0x00007fff1f36e000 	C:\Windows\System32\msvcrt.dll
0x00007fff1f520000 - 0x00007fff1f54b000 	C:\Windows\System32\GDI32.dll
0x00007fff1e5c0000 - 0x00007fff1e6d9000 	C:\Windows\System32\gdi32full.dll
0x00007fff1ebd0000 - 0x00007fff1ec6d000 	C:\Windows\System32\msvcp_win.dll
0x00007fff1f670000 - 0x00007fff1f69f000 	C:\Windows\System32\IMM32.DLL
0x00007fff176b0000 - 0x00007fff176bc000 	c:\Users\nhan\.vscode\extensions\redhat.java-1.53.0-win32-x64\jre\21.0.10-win32-x86_64\bin\vcruntime140_1.dll
0x00007ffeee970000 - 0x00007ffeee9fd000 	c:\Users\nhan\.vscode\extensions\redhat.java-1.53.0-win32-x64\jre\21.0.10-win32-x86_64\bin\msvcp140.dll
0x00007ffeb3ee0000 - 0x00007ffeb4c81000 	c:\Users\nhan\.vscode\extensions\redhat.java-1.53.0-win32-x64\jre\21.0.10-win32-x86_64\bin\server\jvm.dll
0x00007fff20e30000 - 0x00007fff20ee1000 	C:\Windows\System32\ADVAPI32.dll
0x00007fff200d0000 - 0x00007fff2016f000 	C:\Windows\System32\sechost.dll
0x00007fff20c40000 - 0x00007fff20d60000 	C:\Windows\System32\RPCRT4.dll
0x00007fff1eca0000 - 0x00007fff1ecc7000 	C:\Windows\System32\bcrypt.dll
0x00007fff20060000 - 0x00007fff200cb000 	C:\Windows\System32\WS2_32.dll
0x00007fff1db00000 - 0x00007fff1db4b000 	C:\Windows\SYSTEM32\POWRPROF.dll
0x00007fff0eed0000 - 0x00007fff0eef7000 	C:\Windows\SYSTEM32\WINMM.dll
0x00007fff16ed0000 - 0x00007fff16eda000 	C:\Windows\SYSTEM32\VERSION.dll
0x00007fff1d9c0000 - 0x00007fff1d9d2000 	C:\Windows\SYSTEM32\UMPDC.dll
0x00007fff1c430000 - 0x00007fff1c442000 	C:\Windows\SYSTEM32\kernel.appcore.dll
0x00007fff17610000 - 0x00007fff1761a000 	c:\Users\nhan\.vscode\extensions\redhat.java-1.53.0-win32-x64\jre\21.0.10-win32-x86_64\bin\jimage.dll
0x00007fff0e390000 - 0x00007fff0e591000 	C:\Windows\SYSTEM32\DBGHELP.DLL
0x00007fff0b4e0000 - 0x00007fff0b514000 	C:\Windows\SYSTEM32\dbgcore.DLL
0x00007fff1e840000 - 0x00007fff1e8c2000 	C:\Windows\System32\bcryptPrimitives.dll
0x00007fff091f0000 - 0x00007fff091ff000 	c:\Users\nhan\.vscode\extensions\redhat.java-1.53.0-win32-x64\jre\21.0.10-win32-x86_64\bin\instrument.dll
0x00007ffefbf30000 - 0x00007ffefbf50000 	c:\Users\nhan\.vscode\extensions\redhat.java-1.53.0-win32-x64\jre\21.0.10-win32-x86_64\bin\java.dll
0x00007fff1f840000 - 0x00007fff1ffb0000 	C:\Windows\System32\SHELL32.dll
0x00007fff1c630000 - 0x00007fff1cdd5000 	C:\Windows\SYSTEM32\windows.storage.dll
0x00007fff208e0000 - 0x00007fff20c34000 	C:\Windows\System32\combase.dll
0x00007fff1dff0000 - 0x00007fff1e01b000 	C:\Windows\SYSTEM32\Wldp.dll
0x00007fff20d60000 - 0x00007fff20e2d000 	C:\Windows\System32\OLEAUT32.dll
0x00007fff20320000 - 0x00007fff203cd000 	C:\Windows\System32\SHCORE.dll
0x00007fff1ef50000 - 0x00007fff1efab000 	C:\Windows\System32\shlwapi.dll
0x00007fff1e4f0000 - 0x00007fff1e514000 	C:\Windows\SYSTEM32\profapi.dll
0x00007ffef4e90000 - 0x00007ffef4ea8000 	c:\Users\nhan\.vscode\extensions\redhat.java-1.53.0-win32-x64\jre\21.0.10-win32-x86_64\bin\zip.dll
0x00007fff05d10000 - 0x00007fff05d20000 	C:\Users\nhan\.vscode\extensions\redhat.java-1.53.0-win32-x64\jre\21.0.10-win32-x86_64\bin\net.dll
0x00007fff18990000 - 0x00007fff18a9a000 	C:\Windows\SYSTEM32\WINHTTP.dll
0x00007fff1dd50000 - 0x00007fff1ddba000 	C:\Windows\system32\mswsock.dll
0x00007ffeef7d0000 - 0x00007ffeef7e6000 	C:\Users\nhan\.vscode\extensions\redhat.java-1.53.0-win32-x64\jre\21.0.10-win32-x86_64\bin\nio.dll
0x00007fff056d0000 - 0x00007fff056e0000 	c:\Users\nhan\.vscode\extensions\redhat.java-1.53.0-win32-x64\jre\21.0.10-win32-x86_64\bin\verify.dll
0x00007ffeef7f0000 - 0x00007ffeef835000 	C:\Users\nhan\AppData\Roaming\Code\User\globalStorage\redhat.java\1.53.0\config_win\org.eclipse.equinox.launcher\org.eclipse.equinox.launcher.win32.win32.x86_64_1.3.0.v20260203-2149\eclipse_11919.dll
0x00007fff1f710000 - 0x00007fff1f83b000 	C:\Windows\System32\ole32.dll
0x00007fff1df50000 - 0x00007fff1df68000 	C:\Windows\SYSTEM32\CRYPTSP.dll
0x00007fff1d600000 - 0x00007fff1d638000 	C:\Windows\system32\rsaenh.dll
0x00007fff1e470000 - 0x00007fff1e49e000 	C:\Windows\SYSTEM32\USERENV.dll
0x00007fff1df40000 - 0x00007fff1df4c000 	C:\Windows\SYSTEM32\CRYPTBASE.dll
0x00007fff1d9e0000 - 0x00007fff1da1b000 	C:\Windows\SYSTEM32\IPHLPAPI.DLL
0x00007fff1f700000 - 0x00007fff1f708000 	C:\Windows\System32\NSI.dll
0x00007ffeeeeb0000 - 0x00007ffeeeef9000 	C:\Users\nhan\AppData\Local\Temp\jna-3380071\jna5810509047408230279.dll
0x00007fff20400000 - 0x00007fff20408000 	C:\Windows\System32\PSAPI.DLL
0x00007fff16eb0000 - 0x00007fff16ec7000 	C:\Windows\SYSTEM32\dhcpcsvc6.DLL
0x00007fff17820000 - 0x00007fff1783d000 	C:\Windows\SYSTEM32\dhcpcsvc.DLL

JVMTI agents:
c:\Users\nhan\.vscode\extensions\redhat.java-1.53.0-win32-x64\lombok\lombok-1.18.39-4050.jar path:c:\Users\nhan\.vscode\extensions\redhat.java-1.53.0-win32-x64\jre\21.0.10-win32-x86_64\bin\instrument.dll, loaded, initialized, instrumentlib options:none

dbghelp: loaded successfully - version: 4.0.5 - missing functions: none
symbol engine: initialized successfully - sym options: 0x614 - pdb path: .;c:\Users\nhan\.vscode\extensions\redhat.java-1.53.0-win32-x64\jre\21.0.10-win32-x86_64\bin;C:\Windows\SYSTEM32;C:\Windows\WinSxS\amd64_microsoft.windows.common-controls_6595b64144ccf1df_6.0.19041.6456_none_60b8a6cb71f64256;c:\Users\nhan\.vscode\extensions\redhat.java-1.53.0-win32-x64\jre\21.0.10-win32-x86_64\bin\server;C:\Users\nhan\AppData\Roaming\Code\User\globalStorage\redhat.java\1.53.0\config_win\org.eclipse.equinox.launcher\org.eclipse.equinox.launcher.win32.win32.x86_64_1.3.0.v20260203-2149;C:\Users\nhan\AppData\Local\Temp\jna-3380071

VM Arguments:
jvm_args: --add-modules=ALL-SYSTEM --add-opens=java.base/java.util=ALL-UNNAMED --add-opens=java.base/java.lang=ALL-UNNAMED --add-opens=java.base/sun.nio.fs=ALL-UNNAMED -Declipse.application=org.eclipse.jdt.ls.core.id1 -Dosgi.bundles.defaultStartLevel=4 -Declipse.product=org.eclipse.jdt.ls.core.product -Djava.import.generatesMetadataFilesAtProjectRoot=false -DDetectVMInstallationsJob.disabled=true -Dfile.encoding=utf8 -XX:+UseParallelGC -XX:GCTimeRatio=4 -XX:AdaptiveSizePolicyWeight=90 -Dsun.zip.disableMemoryMapping=true -Xmx2G -Xms100m -Xlog:disable -javaagent:c:\Users\nhan\.vscode\extensions\redhat.java-1.53.0-win32-x64\lombok\lombok-1.18.39-4050.jar -XX:+HeapDumpOnOutOfMemoryError -XX:HeapDumpPath=c:\Users\nhan\AppData\Roaming\Code\User\workspaceStorage\6e3287a5150c70a5341db523c4422ae0\redhat.java -Daether.dependencyCollector.impl=bf 
java_command: c:\Users\nhan\.vscode\extensions\redhat.java-1.53.0-win32-x64\server\plugins\org.eclipse.equinox.launcher_1.7.100.v20251111-0406.jar -configuration c:\Users\nhan\AppData\Roaming\Code\User\globalStorage\redhat.java\1.53.0\config_win -data c:\Users\nhan\AppData\Roaming\Code\User\workspaceStorage\6e3287a5150c70a5341db523c4422ae0\redhat.java\jdt_ws --pipe=\\.\pipe\lsp-486c7185d0abae861d1b00d099028e77-sock
java_class_path (initial): c:\Users\nhan\.vscode\extensions\redhat.java-1.53.0-win32-x64\server\plugins\org.eclipse.equinox.launcher_1.7.100.v20251111-0406.jar
Launcher Type: SUN_STANDARD

[Global flags]
    uintx AdaptiveSizePolicyWeight                 = 90                                        {product} {command line}
     intx CICompilerCount                          = 4                                         {product} {ergonomic}
    uintx GCTimeRatio                              = 4                                         {product} {command line}
     bool HeapDumpOnOutOfMemoryError               = true                                   {manageable} {command line}
    ccstr HeapDumpPath                             = c:\Users\nhan\AppData\Roaming\Code\User\workspaceStorage\6e3287a5150c70a5341db523c4422ae0\redhat.java         {manageable} {command line}
   size_t InitialHeapSize                          = 104857600                                 {product} {command line}
   size_t MaxHeapSize                              = 2147483648                                {product} {command line}
   size_t MaxNewSize                               = 715653120                                 {product} {ergonomic}
   size_t MinHeapDeltaBytes                        = 524288                                    {product} {ergonomic}
   size_t MinHeapSize                              = 104857600                                 {product} {command line}
   size_t NewSize                                  = 34603008                                  {product} {ergonomic}
    uintx NonNMethodCodeHeapSize                   = 5839372                                {pd product} {ergonomic}
    uintx NonProfiledCodeHeapSize                  = 122909434                              {pd product} {ergonomic}
   size_t OldSize                                  = 70254592                                  {product} {ergonomic}
    uintx ProfiledCodeHeapSize                     = 122909434                              {pd product} {ergonomic}
    uintx ReservedCodeCacheSize                    = 251658240                              {pd product} {ergonomic}
     bool SegmentedCodeCache                       = true                                      {product} {ergonomic}
   size_t SoftMaxHeapSize                          = 2147483648                             {manageable} {ergonomic}
     bool UseCompressedOops                        = true                           {product lp64_product} {ergonomic}
     bool UseLargePagesIndividualAllocation        = false                                  {pd product} {ergonomic}
     bool UseParallelGC                            = true                                      {product} {command line}

Logging:
Log output configuration:
 #0: stdout all=off uptime,level,tags foldmultilines=false
 #1: stderr all=off uptime,level,tags foldmultilines=false

Release file:
JAVA_VERSION="21.0.10" 
MODULES="java.base java.compiler java.datatransfer java.xml java.prefs java.desktop java.instrument java.logging java.management java.security.sasl java.naming java.rmi java.management.rmi java.net.http java.scripting java.security.jgss java.transaction.xa java.sql java.sql.rowset java.xml.crypto java.se java.smartcardio jdk.accessibility jdk.internal.jvmstat jdk.attach jdk.charsets jdk.internal.opt jdk.zipfs jdk.compiler jdk.crypto.ec jdk.crypto.cryptoki jdk.crypto.mscapi jdk.dynalink jdk.internal.ed jdk.editpad jdk.hotspot.agent jdk.httpserver jdk.internal.le jdk.internal.vm.ci jdk.internal.vm.compiler jdk.internal.vm.compiler.management jdk.jartool jdk.javadoc jdk.jcmd jdk.management jdk.management.agent jdk.jconsole jdk.jdeps jdk.jdwp.agent jdk.jdi jdk.jfr jdk.jshell jdk.jsobject jdk.jstatd jdk.localedata jdk.management.jfr jdk.naming.dns jdk.naming.rmi jdk.net jdk.nio.mapmode jdk.random jdk.sctp jdk.security.auth jdk.security.jgss jdk.unsupported jdk.unsupported.desktop jdk.xml.dom" 

Environment Variables:
JAVA_HOME=D:\Nghia\jdk-17.0.12
PATH=C:\Users\nhan\AppData\Local\Programs\Microsoft VS Code;C:\Program Files\Google\Chrome\Application;D:\Nghia\Scripts\;D:\Nghia\;C:\Program Files\Microsoft MPI\Bin\;C:\Windows\system32;C:\Windows;C:\Windows\System32\Wbem;C:\Windows\System32\WindowsPowerShell\v1.0\;C:\Windows\System32\OpenSSH\;C:\Program Files\NVIDIA Corporation\NVIDIA NvDLISR;C:\Program Files (x86)\NVIDIA Corporation\PhysX\Common;C:\Program Files (x86)\Microsoft SQL Server\160\Tools\Binn\;C:\Program Files\Microsoft SQL Server\160\Tools\Binn\;C:\Program Files\Microsoft SQL Server\Client SDK\ODBC\170\Tools\Binn\;C:\Program Files\Microsoft SQL Server\160\DTS\Binn\;C:\Program Files\dotnet\;C:\Program Files (x86)\Microsoft SQL Server\160\DTS\Binn\;C:\Program Files\Microsoft SQL Server\150\Tools\Binn\;C:\Program Files\Git\cmd;D:\nodejs\;C:\Program Files\MySQL\MySQL Shell 8.0\bin\;C:\Users\nhan\AppData\Local\Microsoft\WindowsApps;C:\Users\nhan\AppData\Local\Programs\Microsoft VS Code\bin;C:\Program Files\heroku\bin;C:\Program Files\JetBrains\PyCharm Community Edition 2024.2.0.1\bin;;C:\Program Files\JetBrains\IntelliJ IDEA Community Edition 2024.2.0.2\bin;;C:\Users\nhan\.dotnet\tools;C:\Program Files\dotnet\sdk\8.0.401;D:\Nghia\jdk-17.0.12\bin;C:\Users\nhan\AppData\Roaming\npm
USERNAME=nhan
OS=Windows_NT
PROCESSOR_IDENTIFIER=Intel64 Family 6 Model 60 Stepping 3, GenuineIntel
TMP=C:\Users\nhan\AppData\Local\Temp
TEMP=C:\Users\nhan\AppData\Local\Temp




Periodic native trim disabled

---------------  S Y S T E M  ---------------

OS:
 Windows 10 , 64 bit Build 19041 (10.0.19041.5915)
OS uptime: 0 days 0:35 hours

CPU: total 8 (initial active 8) (4 cores per cpu, 2 threads per core) family 6 model 60 stepping 3 microcode 0x27, cx8, cmov, fxsr, ht, mmx, sse, sse2, sse3, ssse3, sse4.1, sse4.2, popcnt, lzcnt, tsc, tscinvbit, avx, avx2, aes, erms, clmul, bmi1, bmi2, fma, vzeroupper, clflush, rdtscp, f16c
Processor Information for the first 8 processors :
  Max Mhz: 2501, Current Mhz: 2501, Mhz Limit: 2501

Memory: 4k page, system-wide physical 8099M (1880M free)
TotalPageFile size 8611M (AvailPageFile size 0M)
current process WorkingSet (physical memory assigned to process): 208M, peak: 240M
current process commit charge ("private bytes"): 321M, peak: 354M

vm_info: OpenJDK 64-Bit Server VM (21.0.10+7-LTS) for windows-amd64 JRE (21.0.10+7-LTS), built on 2026-01-20T00:00:00Z by "admin" with MS VC++ 17.12 (VS2022)

END.
